2019-11-25 16:16:58,498 [WARN ]  (DeprecationWarning.java.verifyIndirectTypes:70) - Using indirect @Deprecated Class org.springframework.web.util.Log4jConfigListener - (seen from class com.tscloud.portal.utils.LoggerIntergrationListener)
2019-11-25 16:16:58,602 [WARN ]  (SingleSignOutHandler.java.init:147) - Front Channel single sign out redirects are disabled when the 'casServerUrlPrefix' value is not set.
2019-11-25 16:16:58,616 [WARN ]  (BaseHolder.java.doStart:98) - 
java.lang.ClassNotFoundException: com.tscloud.portal.utils.ModuleFilter
	at java.net.URLClassLoader.findClass(URLClassLoader.java:381)
	at java.lang.ClassLoader.loadClass(ClassLoader.java:424)
	at sun.misc.Launcher$AppClassLoader.loadClass(Launcher.java:331)
	at java.lang.ClassLoader.loadClass(ClassLoader.java:357)
	at org.eclipse.jetty.util.Loader.loadClass(Loader.java:65)
	at org.eclipse.jetty.servlet.BaseHolder.doStart(BaseHolder.java:92)
	at org.eclipse.jetty.servlet.FilterHolder.doStart(FilterHolder.java:93)
	at org.eclipse.jetty.util.component.AbstractLifeCycle.start(AbstractLifeCycle.java:68)
	at org.eclipse.jetty.servlet.ServletHandler.lambda$initialize$0(ServletHandler.java:749)
	at java.util.Spliterators$ArraySpliterator.forEachRemaining(Spliterators.java:948)
	at java.util.stream.Streams$ConcatSpliterator.forEachRemaining(Streams.java:742)
	at java.util.stream.Streams$ConcatSpliterator.forEachRemaining(Streams.java:742)
	at java.util.stream.ReferencePipeline$Head.forEach(ReferencePipeline.java:580)
	at org.eclipse.jetty.servlet.ServletHandler.initialize(ServletHandler.java:744)
	at org.eclipse.jetty.servlet.ServletContextHandler.startContext(ServletContextHandler.java:369)
	at org.eclipse.jetty.webapp.WebAppContext.startWebapp(WebAppContext.java:1497)
	at org.eclipse.jetty.webapp.WebAppContext.startContext(WebAppContext.java:1459)
	at org.eclipse.jetty.server.handler.ContextHandler.doStart(ContextHandler.java:852)
	at org.eclipse.jetty.servlet.ServletContextHandler.doStart(ServletContextHandler.java:278)
	at org.eclipse.jetty.webapp.WebAppContext.doStart(WebAppContext.java:545)
	at org.eclipse.jetty.util.component.AbstractLifeCycle.start(AbstractLifeCycle.java:68)
	at org.eclipse.jetty.util.component.ContainerLifeCycle.start(ContainerLifeCycle.java:167)
	at org.eclipse.jetty.server.Server.start(Server.java:418)
	at org.eclipse.jetty.util.component.ContainerLifeCycle.doStart(ContainerLifeCycle.java:110)
	at org.eclipse.jetty.server.handler.AbstractHandler.doStart(AbstractHandler.java:113)
	at org.eclipse.jetty.server.Server.doStart(Server.java:382)
	at org.eclipse.jetty.util.component.AbstractLifeCycle.start(AbstractLifeCycle.java:68)
	at com.tscloud.portal.utils.StartJetty.startJetty(StartJetty.java:40)
	at com.tscloud.portal.main.StartPortalUI.main(StartPortalUI.java:11)
2019-11-25 16:16:59,333 [WARN ]  (ServiceAnnotationBeanPostProcessor.java.registerServiceBeans:155) -  [DUBBO] No Spring Bean annotating Dubbo's @Service was found under package[com.tscloud.portal.restful], dubbo version: 2.6.5, current host: 192.168.64.1
2019-11-25 16:16:59,419 [WARN ]  (SpringExtensionFactory.java.getExtension:63) -  [DUBBO] No spring extension (bean) named:defaultCompiler, try to find an extension (bean) of type java.lang.String, dubbo version: 2.6.5, current host: 192.168.64.1
2019-11-25 16:16:59,420 [WARN ]  (SpringExtensionFactory.java.getExtension:81) -  [DUBBO] No spring extension (bean) named:defaultCompiler, type:java.lang.String found, stop get bean., dubbo version: 2.6.5, current host: 192.168.64.1
2019-11-25 16:17:11,836 [WARN ]  (WebAppContext.java.doStart:554) - Failed startup of context o.e.j.w.WebAppContext@5f172d4a{/dubbo,file:///F:/dubbo-base/dubbo/dubbo-customer/src/main/webapp/,UNAVAILABLE}
javax.servlet.UnavailableException: Class loading error for holder Module Filter@2805c96b==com.tscloud.portal.utils.ModuleFilter,inst=false,async=false
	at org.eclipse.jetty.servlet.BaseHolder.doStart(BaseHolder.java:99)
	at org.eclipse.jetty.servlet.FilterHolder.doStart(FilterHolder.java:93)
	at org.eclipse.jetty.util.component.AbstractLifeCycle.start(AbstractLifeCycle.java:68)
	at org.eclipse.jetty.servlet.ServletHandler.lambda$initialize$0(ServletHandler.java:749)
	at java.util.Spliterators$ArraySpliterator.forEachRemaining(Spliterators.java:948)
	at java.util.stream.Streams$ConcatSpliterator.forEachRemaining(Streams.java:742)
	at java.util.stream.Streams$ConcatSpliterator.forEachRemaining(Streams.java:742)
	at java.util.stream.ReferencePipeline$Head.forEach(ReferencePipeline.java:580)
	at org.eclipse.jetty.servlet.ServletHandler.initialize(ServletHandler.java:744)
	at org.eclipse.jetty.servlet.ServletContextHandler.startContext(ServletContextHandler.java:369)
	at org.eclipse.jetty.webapp.WebAppContext.startWebapp(WebAppContext.java:1497)
	at org.eclipse.jetty.webapp.WebAppContext.startContext(WebAppContext.java:1459)
	at org.eclipse.jetty.server.handler.ContextHandler.doStart(ContextHandler.java:852)
	at org.eclipse.jetty.servlet.ServletContextHandler.doStart(ServletContextHandler.java:278)
	at org.eclipse.jetty.webapp.WebAppContext.doStart(WebAppContext.java:545)
	at org.eclipse.jetty.util.component.AbstractLifeCycle.start(AbstractLifeCycle.java:68)
	at org.eclipse.jetty.util.component.ContainerLifeCycle.start(ContainerLifeCycle.java:167)
	at org.eclipse.jetty.server.Server.start(Server.java:418)
	at org.eclipse.jetty.util.component.ContainerLifeCycle.doStart(ContainerLifeCycle.java:110)
	at org.eclipse.jetty.server.handler.AbstractHandler.doStart(AbstractHandler.java:113)
	at org.eclipse.jetty.server.Server.doStart(Server.java:382)
	at org.eclipse.jetty.util.component.AbstractLifeCycle.start(AbstractLifeCycle.java:68)
	at com.tscloud.portal.utils.StartJetty.startJetty(StartJetty.java:40)
	at com.tscloud.portal.main.StartPortalUI.main(StartPortalUI.java:11)
