2019-09-27 10:37:38,968 [ERROR]  (ConnectionState.java.checkTimeouts:200) - Connection timed out for connection string (127.0.0.1:2181) and timeout (5000) / elapsed (14087)
org.apache.curator.CuratorConnectionLossException: KeeperErrorCode = ConnectionLoss
	at org.apache.curator.ConnectionState.checkTimeouts(ConnectionState.java:197)
	at org.apache.curator.ConnectionState.getZooKeeper(ConnectionState.java:87)
	at org.apache.curator.CuratorZookeeperClient.getZooKeeper(CuratorZookeeperClient.java:115)
	at org.apache.curator.framework.imps.CuratorFrameworkImpl.getZooKeeper(CuratorFrameworkImpl.java:477)
	at org.apache.curator.framework.imps.ExistsBuilderImpl$2.call(ExistsBuilderImpl.java:172)
	at org.apache.curator.framework.imps.ExistsBuilderImpl$2.call(ExistsBuilderImpl.java:161)
	at org.apache.curator.RetryLoop.callWithRetry(RetryLoop.java:107)
	at org.apache.curator.framework.imps.ExistsBuilderImpl.pathInForeground(ExistsBuilderImpl.java:158)
	at org.apache.curator.framework.imps.ExistsBuilderImpl.forPath(ExistsBuilderImpl.java:148)
	at org.apache.curator.framework.imps.ExistsBuilderImpl.forPath(ExistsBuilderImpl.java:36)
	at com.alibaba.dubbo.remoting.zookeeper.curator.CuratorZookeeperClient.checkExists(CuratorZookeeperClient.java:117)
	at com.alibaba.dubbo.remoting.zookeeper.support.AbstractZookeeperClient.create(AbstractZookeeperClient.java:56)
	at com.alibaba.dubbo.remoting.zookeeper.support.AbstractZookeeperClient.create(AbstractZookeeperClient.java:62)
	at com.alibaba.dubbo.registry.zookeeper.ZookeeperRegistry.doRegister(ZookeeperRegistry.java:114)
	at com.alibaba.dubbo.registry.support.FailbackRegistry.register(FailbackRegistry.java:137)
	at com.alibaba.dubbo.registry.integration.RegistryProtocol.doRefer(RegistryProtocol.java:303)
	at com.alibaba.dubbo.registry.integration.RegistryProtocol.refer(RegistryProtocol.java:287)
	at com.alibaba.dubbo.rpc.protocol.ProtocolFilterWrapper.refer(ProtocolFilterWrapper.java:106)
	at com.alibaba.dubbo.rpc.protocol.ProtocolListenerWrapper.refer(ProtocolListenerWrapper.java:65)
	at com.alibaba.dubbo.qos.protocol.QosProtocolWrapper.refer(QosProtocolWrapper.java:69)
	at com.alibaba.dubbo.rpc.Protocol$Adaptive.refer(Protocol$Adaptive.java)
	at com.alibaba.dubbo.config.ReferenceConfig.createProxy(ReferenceConfig.java:394)
	at com.alibaba.dubbo.config.ReferenceConfig.init(ReferenceConfig.java:333)
	at com.alibaba.dubbo.config.ReferenceConfig.get(ReferenceConfig.java:163)
	at com.alibaba.dubbo.config.spring.beans.factory.annotation.ReferenceAnnotationBeanPostProcessor$ReferenceBeanInvocationHandler.init(ReferenceAnnotationBeanPostProcessor.java:163)
	at com.alibaba.dubbo.config.spring.beans.factory.annotation.ReferenceAnnotationBeanPostProcessor$ReferenceBeanInvocationHandler.access$100(ReferenceAnnotationBeanPostProcessor.java:147)
	at com.alibaba.dubbo.config.spring.beans.factory.annotation.ReferenceAnnotationBeanPostProcessor.buildInvocationHandler(ReferenceAnnotationBeanPostProcessor.java:141)
	at com.alibaba.dubbo.config.spring.beans.factory.annotation.ReferenceAnnotationBeanPostProcessor.buildProxy(ReferenceAnnotationBeanPostProcessor.java:123)
	at com.alibaba.dubbo.config.spring.beans.factory.annotation.ReferenceAnnotationBeanPostProcessor.doGetInjectedBean(ReferenceAnnotationBeanPostProcessor.java:117)
	at com.alibaba.dubbo.config.spring.beans.factory.annotation.ReferenceAnnotationBeanPostProcessor.doGetInjectedBean(ReferenceAnnotationBeanPostProcessor.java:50)
	at com.alibaba.spring.beans.factory.annotation.AnnotationInjectedBeanPostProcessor.getInjectedObject(AnnotationInjectedBeanPostProcessor.java:340)
	at com.alibaba.spring.beans.factory.annotation.AnnotationInjectedBeanPostProcessor$AnnotatedFieldElement.inject(AnnotationInjectedBeanPostProcessor.java:520)
	at org.springframework.beans.factory.annotation.InjectionMetadata.inject(InjectionMetadata.java:88)
	at com.alibaba.spring.beans.factory.annotation.AnnotationInjectedBeanPostProcessor.postProcessPropertyValues(AnnotationInjectedBeanPostProcessor.java:128)
	at org.springframework.beans.factory.support.AbstractAutowireCapableBeanFactory.populateBean(AbstractAutowireCapableBeanFactory.java:1219)
	at org.springframework.beans.factory.support.AbstractAutowireCapableBeanFactory.doCreateBean(AbstractAutowireCapableBeanFactory.java:551)
	at org.springframework.beans.factory.support.AbstractAutowireCapableBeanFactory.createBean(AbstractAutowireCapableBeanFactory.java:482)
	at org.springframework.beans.factory.support.AbstractBeanFactory$1.getObject(AbstractBeanFactory.java:306)
	at org.springframework.beans.factory.support.DefaultSingletonBeanRegistry.getSingleton(DefaultSingletonBeanRegistry.java:230)
	at org.springframework.beans.factory.support.AbstractBeanFactory.doGetBean(AbstractBeanFactory.java:302)
	at org.springframework.beans.factory.support.AbstractBeanFactory.getBean(AbstractBeanFactory.java:197)
	at org.springframework.beans.factory.support.DefaultListableBeanFactory.preInstantiateSingletons(DefaultListableBeanFactory.java:754)
	at org.springframework.context.support.AbstractApplicationContext.finishBeanFactoryInitialization(AbstractApplicationContext.java:757)
	at org.springframework.context.support.AbstractApplicationContext.refresh(AbstractApplicationContext.java:480)
	at org.springframework.web.context.ContextLoader.configureAndRefreshWebApplicationContext(ContextLoader.java:444)
	at org.springframework.web.context.ContextLoader.initWebApplicationContext(ContextLoader.java:326)
	at org.springframework.web.context.ContextLoaderListener.contextInitialized(ContextLoaderListener.java:107)
	at org.eclipse.jetty.server.handler.ContextHandler.callContextInitialized(ContextHandler.java:957)
	at org.eclipse.jetty.servlet.ServletContextHandler.callContextInitialized(ServletContextHandler.java:553)
	at org.eclipse.jetty.server.handler.ContextHandler.startContext(ContextHandler.java:922)
	at org.eclipse.jetty.servlet.ServletContextHandler.startContext(ServletContextHandler.java:365)
	at org.eclipse.jetty.webapp.WebAppContext.startWebapp(WebAppContext.java:1497)
	at org.eclipse.jetty.webapp.WebAppContext.startContext(WebAppContext.java:1459)
	at org.eclipse.jetty.server.handler.ContextHandler.doStart(ContextHandler.java:852)
	at org.eclipse.jetty.servlet.ServletContextHandler.doStart(ServletContextHandler.java:278)
	at org.eclipse.jetty.webapp.WebAppContext.doStart(WebAppContext.java:545)
	at org.eclipse.jetty.util.component.AbstractLifeCycle.start(AbstractLifeCycle.java:68)
	at org.eclipse.jetty.util.component.ContainerLifeCycle.start(ContainerLifeCycle.java:167)
	at org.eclipse.jetty.server.Server.start(Server.java:418)
	at org.eclipse.jetty.util.component.ContainerLifeCycle.doStart(ContainerLifeCycle.java:110)
	at org.eclipse.jetty.server.handler.AbstractHandler.doStart(AbstractHandler.java:113)
	at org.eclipse.jetty.server.Server.doStart(Server.java:382)
	at org.eclipse.jetty.util.component.AbstractLifeCycle.start(AbstractLifeCycle.java:68)
	at com.tscloud.portal.utils.StartJetty.startJetty(StartJetty.java:40)
	at com.tscloud.portal.main.StartPortalUI.main(StartPortalUI.java:11)
2019-09-27 10:37:44,974 [ERROR]  (ConnectionState.java.checkTimeouts:200) - Connection timed out for connection string (127.0.0.1:2181) and timeout (5000) / elapsed (20096)
org.apache.curator.CuratorConnectionLossException: KeeperErrorCode = ConnectionLoss
	at org.apache.curator.ConnectionState.checkTimeouts(ConnectionState.java:197)
	at org.apache.curator.ConnectionState.getZooKeeper(ConnectionState.java:87)
	at org.apache.curator.CuratorZookeeperClient.getZooKeeper(CuratorZookeeperClient.java:115)
	at org.apache.curator.framework.imps.CuratorFrameworkImpl.getZooKeeper(CuratorFrameworkImpl.java:477)
	at org.apache.curator.framework.imps.ExistsBuilderImpl$2.call(ExistsBuilderImpl.java:172)
	at org.apache.curator.framework.imps.ExistsBuilderImpl$2.call(ExistsBuilderImpl.java:161)
	at org.apache.curator.RetryLoop.callWithRetry(RetryLoop.java:107)
	at org.apache.curator.framework.imps.ExistsBuilderImpl.pathInForeground(ExistsBuilderImpl.java:158)
	at org.apache.curator.framework.imps.ExistsBuilderImpl.forPath(ExistsBuilderImpl.java:148)
	at org.apache.curator.framework.imps.ExistsBuilderImpl.forPath(ExistsBuilderImpl.java:36)
	at com.alibaba.dubbo.remoting.zookeeper.curator.CuratorZookeeperClient.checkExists(CuratorZookeeperClient.java:117)
	at com.alibaba.dubbo.remoting.zookeeper.support.AbstractZookeeperClient.create(AbstractZookeeperClient.java:56)
	at com.alibaba.dubbo.remoting.zookeeper.support.AbstractZookeeperClient.create(AbstractZookeeperClient.java:62)
	at com.alibaba.dubbo.registry.zookeeper.ZookeeperRegistry.doRegister(ZookeeperRegistry.java:114)
	at com.alibaba.dubbo.registry.support.FailbackRegistry.register(FailbackRegistry.java:137)
	at com.alibaba.dubbo.registry.integration.RegistryProtocol.doRefer(RegistryProtocol.java:303)
	at com.alibaba.dubbo.registry.integration.RegistryProtocol.refer(RegistryProtocol.java:287)
	at com.alibaba.dubbo.rpc.protocol.ProtocolFilterWrapper.refer(ProtocolFilterWrapper.java:106)
	at com.alibaba.dubbo.rpc.protocol.ProtocolListenerWrapper.refer(ProtocolListenerWrapper.java:65)
	at com.alibaba.dubbo.qos.protocol.QosProtocolWrapper.refer(QosProtocolWrapper.java:69)
	at com.alibaba.dubbo.rpc.Protocol$Adaptive.refer(Protocol$Adaptive.java)
	at com.alibaba.dubbo.config.ReferenceConfig.createProxy(ReferenceConfig.java:394)
	at com.alibaba.dubbo.config.ReferenceConfig.init(ReferenceConfig.java:333)
	at com.alibaba.dubbo.config.ReferenceConfig.get(ReferenceConfig.java:163)
	at com.alibaba.dubbo.config.spring.beans.factory.annotation.ReferenceAnnotationBeanPostProcessor$ReferenceBeanInvocationHandler.init(ReferenceAnnotationBeanPostProcessor.java:163)
	at com.alibaba.dubbo.config.spring.beans.factory.annotation.ReferenceAnnotationBeanPostProcessor$ReferenceBeanInvocationHandler.access$100(ReferenceAnnotationBeanPostProcessor.java:147)
	at com.alibaba.dubbo.config.spring.beans.factory.annotation.ReferenceAnnotationBeanPostProcessor.buildInvocationHandler(ReferenceAnnotationBeanPostProcessor.java:141)
	at com.alibaba.dubbo.config.spring.beans.factory.annotation.ReferenceAnnotationBeanPostProcessor.buildProxy(ReferenceAnnotationBeanPostProcessor.java:123)
	at com.alibaba.dubbo.config.spring.beans.factory.annotation.ReferenceAnnotationBeanPostProcessor.doGetInjectedBean(ReferenceAnnotationBeanPostProcessor.java:117)
	at com.alibaba.dubbo.config.spring.beans.factory.annotation.ReferenceAnnotationBeanPostProcessor.doGetInjectedBean(ReferenceAnnotationBeanPostProcessor.java:50)
	at com.alibaba.spring.beans.factory.annotation.AnnotationInjectedBeanPostProcessor.getInjectedObject(AnnotationInjectedBeanPostProcessor.java:340)
	at com.alibaba.spring.beans.factory.annotation.AnnotationInjectedBeanPostProcessor$AnnotatedFieldElement.inject(AnnotationInjectedBeanPostProcessor.java:520)
	at org.springframework.beans.factory.annotation.InjectionMetadata.inject(InjectionMetadata.java:88)
	at com.alibaba.spring.beans.factory.annotation.AnnotationInjectedBeanPostProcessor.postProcessPropertyValues(AnnotationInjectedBeanPostProcessor.java:128)
	at org.springframework.beans.factory.support.AbstractAutowireCapableBeanFactory.populateBean(AbstractAutowireCapableBeanFactory.java:1219)
	at org.springframework.beans.factory.support.AbstractAutowireCapableBeanFactory.doCreateBean(AbstractAutowireCapableBeanFactory.java:551)
	at org.springframework.beans.factory.support.AbstractAutowireCapableBeanFactory.createBean(AbstractAutowireCapableBeanFactory.java:482)
	at org.springframework.beans.factory.support.AbstractBeanFactory$1.getObject(AbstractBeanFactory.java:306)
	at org.springframework.beans.factory.support.DefaultSingletonBeanRegistry.getSingleton(DefaultSingletonBeanRegistry.java:230)
	at org.springframework.beans.factory.support.AbstractBeanFactory.doGetBean(AbstractBeanFactory.java:302)
	at org.springframework.beans.factory.support.AbstractBeanFactory.getBean(AbstractBeanFactory.java:197)
	at org.springframework.beans.factory.support.DefaultListableBeanFactory.preInstantiateSingletons(DefaultListableBeanFactory.java:754)
	at org.springframework.context.support.AbstractApplicationContext.finishBeanFactoryInitialization(AbstractApplicationContext.java:757)
	at org.springframework.context.support.AbstractApplicationContext.refresh(AbstractApplicationContext.java:480)
	at org.springframework.web.context.ContextLoader.configureAndRefreshWebApplicationContext(ContextLoader.java:444)
	at org.springframework.web.context.ContextLoader.initWebApplicationContext(ContextLoader.java:326)
	at org.springframework.web.context.ContextLoaderListener.contextInitialized(ContextLoaderListener.java:107)
	at org.eclipse.jetty.server.handler.ContextHandler.callContextInitialized(ContextHandler.java:957)
	at org.eclipse.jetty.servlet.ServletContextHandler.callContextInitialized(ServletContextHandler.java:553)
	at org.eclipse.jetty.server.handler.ContextHandler.startContext(ContextHandler.java:922)
	at org.eclipse.jetty.servlet.ServletContextHandler.startContext(ServletContextHandler.java:365)
	at org.eclipse.jetty.webapp.WebAppContext.startWebapp(WebAppContext.java:1497)
	at org.eclipse.jetty.webapp.WebAppContext.startContext(WebAppContext.java:1459)
	at org.eclipse.jetty.server.handler.ContextHandler.doStart(ContextHandler.java:852)
	at org.eclipse.jetty.servlet.ServletContextHandler.doStart(ServletContextHandler.java:278)
	at org.eclipse.jetty.webapp.WebAppContext.doStart(WebAppContext.java:545)
	at org.eclipse.jetty.util.component.AbstractLifeCycle.start(AbstractLifeCycle.java:68)
	at org.eclipse.jetty.util.component.ContainerLifeCycle.start(ContainerLifeCycle.java:167)
	at org.eclipse.jetty.server.Server.start(Server.java:418)
	at org.eclipse.jetty.util.component.ContainerLifeCycle.doStart(ContainerLifeCycle.java:110)
	at org.eclipse.jetty.server.handler.AbstractHandler.doStart(AbstractHandler.java:113)
	at org.eclipse.jetty.server.Server.doStart(Server.java:382)
	at org.eclipse.jetty.util.component.AbstractLifeCycle.start(AbstractLifeCycle.java:68)
	at com.tscloud.portal.utils.StartJetty.startJetty(StartJetty.java:40)
	at com.tscloud.portal.main.StartPortalUI.main(StartPortalUI.java:11)
2019-09-27 10:37:49,981 [ERROR]  (ConnectionState.java.checkTimeouts:200) - Connection timed out for connection string (127.0.0.1:2181) and timeout (5000) / elapsed (25103)
org.apache.curator.CuratorConnectionLossException: KeeperErrorCode = ConnectionLoss
	at org.apache.curator.ConnectionState.checkTimeouts(ConnectionState.java:197)
	at org.apache.curator.ConnectionState.getZooKeeper(ConnectionState.java:87)
	at org.apache.curator.CuratorZookeeperClient.getZooKeeper(CuratorZookeeperClient.java:115)
	at org.apache.curator.framework.imps.CuratorFrameworkImpl.getZooKeeper(CuratorFrameworkImpl.java:477)
	at org.apache.curator.framework.imps.ExistsBuilderImpl$2.call(ExistsBuilderImpl.java:172)
	at org.apache.curator.framework.imps.ExistsBuilderImpl$2.call(ExistsBuilderImpl.java:161)
	at org.apache.curator.RetryLoop.callWithRetry(RetryLoop.java:107)
	at org.apache.curator.framework.imps.ExistsBuilderImpl.pathInForeground(ExistsBuilderImpl.java:158)
	at org.apache.curator.framework.imps.ExistsBuilderImpl.forPath(ExistsBuilderImpl.java:148)
	at org.apache.curator.framework.imps.ExistsBuilderImpl.forPath(ExistsBuilderImpl.java:36)
	at com.alibaba.dubbo.remoting.zookeeper.curator.CuratorZookeeperClient.checkExists(CuratorZookeeperClient.java:117)
	at com.alibaba.dubbo.remoting.zookeeper.support.AbstractZookeeperClient.create(AbstractZookeeperClient.java:56)
	at com.alibaba.dubbo.remoting.zookeeper.support.AbstractZookeeperClient.create(AbstractZookeeperClient.java:62)
	at com.alibaba.dubbo.remoting.zookeeper.support.AbstractZookeeperClient.create(AbstractZookeeperClient.java:62)
	at com.alibaba.dubbo.registry.zookeeper.ZookeeperRegistry.doRegister(ZookeeperRegistry.java:114)
	at com.alibaba.dubbo.registry.support.FailbackRegistry.register(FailbackRegistry.java:137)
	at com.alibaba.dubbo.registry.integration.RegistryProtocol.doRefer(RegistryProtocol.java:303)
	at com.alibaba.dubbo.registry.integration.RegistryProtocol.refer(RegistryProtocol.java:287)
	at com.alibaba.dubbo.rpc.protocol.ProtocolFilterWrapper.refer(ProtocolFilterWrapper.java:106)
	at com.alibaba.dubbo.rpc.protocol.ProtocolListenerWrapper.refer(ProtocolListenerWrapper.java:65)
	at com.alibaba.dubbo.qos.protocol.QosProtocolWrapper.refer(QosProtocolWrapper.java:69)
	at com.alibaba.dubbo.rpc.Protocol$Adaptive.refer(Protocol$Adaptive.java)
	at com.alibaba.dubbo.config.ReferenceConfig.createProxy(ReferenceConfig.java:394)
	at com.alibaba.dubbo.config.ReferenceConfig.init(ReferenceConfig.java:333)
	at com.alibaba.dubbo.config.ReferenceConfig.get(ReferenceConfig.java:163)
	at com.alibaba.dubbo.config.spring.beans.factory.annotation.ReferenceAnnotationBeanPostProcessor$ReferenceBeanInvocationHandler.init(ReferenceAnnotationBeanPostProcessor.java:163)
	at com.alibaba.dubbo.config.spring.beans.factory.annotation.ReferenceAnnotationBeanPostProcessor$ReferenceBeanInvocationHandler.access$100(ReferenceAnnotationBeanPostProcessor.java:147)
	at com.alibaba.dubbo.config.spring.beans.factory.annotation.ReferenceAnnotationBeanPostProcessor.buildInvocationHandler(ReferenceAnnotationBeanPostProcessor.java:141)
	at com.alibaba.dubbo.config.spring.beans.factory.annotation.ReferenceAnnotationBeanPostProcessor.buildProxy(ReferenceAnnotationBeanPostProcessor.java:123)
	at com.alibaba.dubbo.config.spring.beans.factory.annotation.ReferenceAnnotationBeanPostProcessor.doGetInjectedBean(ReferenceAnnotationBeanPostProcessor.java:117)
	at com.alibaba.dubbo.config.spring.beans.factory.annotation.ReferenceAnnotationBeanPostProcessor.doGetInjectedBean(ReferenceAnnotationBeanPostProcessor.java:50)
	at com.alibaba.spring.beans.factory.annotation.AnnotationInjectedBeanPostProcessor.getInjectedObject(AnnotationInjectedBeanPostProcessor.java:340)
	at com.alibaba.spring.beans.factory.annotation.AnnotationInjectedBeanPostProcessor$AnnotatedFieldElement.inject(AnnotationInjectedBeanPostProcessor.java:520)
	at org.springframework.beans.factory.annotation.InjectionMetadata.inject(InjectionMetadata.java:88)
	at com.alibaba.spring.beans.factory.annotation.AnnotationInjectedBeanPostProcessor.postProcessPropertyValues(AnnotationInjectedBeanPostProcessor.java:128)
	at org.springframework.beans.factory.support.AbstractAutowireCapableBeanFactory.populateBean(AbstractAutowireCapableBeanFactory.java:1219)
	at org.springframework.beans.factory.support.AbstractAutowireCapableBeanFactory.doCreateBean(AbstractAutowireCapableBeanFactory.java:551)
	at org.springframework.beans.factory.support.AbstractAutowireCapableBeanFactory.createBean(AbstractAutowireCapableBeanFactory.java:482)
	at org.springframework.beans.factory.support.AbstractBeanFactory$1.getObject(AbstractBeanFactory.java:306)
	at org.springframework.beans.factory.support.DefaultSingletonBeanRegistry.getSingleton(DefaultSingletonBeanRegistry.java:230)
	at org.springframework.beans.factory.support.AbstractBeanFactory.doGetBean(AbstractBeanFactory.java:302)
	at org.springframework.beans.factory.support.AbstractBeanFactory.getBean(AbstractBeanFactory.java:197)
	at org.springframework.beans.factory.support.DefaultListableBeanFactory.preInstantiateSingletons(DefaultListableBeanFactory.java:754)
	at org.springframework.context.support.AbstractApplicationContext.finishBeanFactoryInitialization(AbstractApplicationContext.java:757)
	at org.springframework.context.support.AbstractApplicationContext.refresh(AbstractApplicationContext.java:480)
	at org.springframework.web.context.ContextLoader.configureAndRefreshWebApplicationContext(ContextLoader.java:444)
	at org.springframework.web.context.ContextLoader.initWebApplicationContext(ContextLoader.java:326)
	at org.springframework.web.context.ContextLoaderListener.contextInitialized(ContextLoaderListener.java:107)
	at org.eclipse.jetty.server.handler.ContextHandler.callContextInitialized(ContextHandler.java:957)
	at org.eclipse.jetty.servlet.ServletContextHandler.callContextInitialized(ServletContextHandler.java:553)
	at org.eclipse.jetty.server.handler.ContextHandler.startContext(ContextHandler.java:922)
	at org.eclipse.jetty.servlet.ServletContextHandler.startContext(ServletContextHandler.java:365)
	at org.eclipse.jetty.webapp.WebAppContext.startWebapp(WebAppContext.java:1497)
	at org.eclipse.jetty.webapp.WebAppContext.startContext(WebAppContext.java:1459)
	at org.eclipse.jetty.server.handler.ContextHandler.doStart(ContextHandler.java:852)
	at org.eclipse.jetty.servlet.ServletContextHandler.doStart(ServletContextHandler.java:278)
	at org.eclipse.jetty.webapp.WebAppContext.doStart(WebAppContext.java:545)
	at org.eclipse.jetty.util.component.AbstractLifeCycle.start(AbstractLifeCycle.java:68)
	at org.eclipse.jetty.util.component.ContainerLifeCycle.start(ContainerLifeCycle.java:167)
	at org.eclipse.jetty.server.Server.start(Server.java:418)
	at org.eclipse.jetty.util.component.ContainerLifeCycle.doStart(ContainerLifeCycle.java:110)
	at org.eclipse.jetty.server.handler.AbstractHandler.doStart(AbstractHandler.java:113)
	at org.eclipse.jetty.server.Server.doStart(Server.java:382)
	at org.eclipse.jetty.util.component.AbstractLifeCycle.start(AbstractLifeCycle.java:68)
	at com.tscloud.portal.utils.StartJetty.startJetty(StartJetty.java:40)
	at com.tscloud.portal.main.StartPortalUI.main(StartPortalUI.java:11)
2019-09-27 10:37:55,984 [ERROR]  (ConnectionState.java.checkTimeouts:200) - Connection timed out for connection string (127.0.0.1:2181) and timeout (5000) / elapsed (31106)
org.apache.curator.CuratorConnectionLossException: KeeperErrorCode = ConnectionLoss
	at org.apache.curator.ConnectionState.checkTimeouts(ConnectionState.java:197)
	at org.apache.curator.ConnectionState.getZooKeeper(ConnectionState.java:87)
	at org.apache.curator.CuratorZookeeperClient.getZooKeeper(CuratorZookeeperClient.java:115)
	at org.apache.curator.framework.imps.CuratorFrameworkImpl.getZooKeeper(CuratorFrameworkImpl.java:477)
	at org.apache.curator.framework.imps.ExistsBuilderImpl$2.call(ExistsBuilderImpl.java:172)
	at org.apache.curator.framework.imps.ExistsBuilderImpl$2.call(ExistsBuilderImpl.java:161)
	at org.apache.curator.RetryLoop.callWithRetry(RetryLoop.java:107)
	at org.apache.curator.framework.imps.ExistsBuilderImpl.pathInForeground(ExistsBuilderImpl.java:158)
	at org.apache.curator.framework.imps.ExistsBuilderImpl.forPath(ExistsBuilderImpl.java:148)
	at org.apache.curator.framework.imps.ExistsBuilderImpl.forPath(ExistsBuilderImpl.java:36)
	at com.alibaba.dubbo.remoting.zookeeper.curator.CuratorZookeeperClient.checkExists(CuratorZookeeperClient.java:117)
	at com.alibaba.dubbo.remoting.zookeeper.support.AbstractZookeeperClient.create(AbstractZookeeperClient.java:56)
	at com.alibaba.dubbo.remoting.zookeeper.support.AbstractZookeeperClient.create(AbstractZookeeperClient.java:62)
	at com.alibaba.dubbo.remoting.zookeeper.support.AbstractZookeeperClient.create(AbstractZookeeperClient.java:62)
	at com.alibaba.dubbo.registry.zookeeper.ZookeeperRegistry.doRegister(ZookeeperRegistry.java:114)
	at com.alibaba.dubbo.registry.support.FailbackRegistry.register(FailbackRegistry.java:137)
	at com.alibaba.dubbo.registry.integration.RegistryProtocol.doRefer(RegistryProtocol.java:303)
	at com.alibaba.dubbo.registry.integration.RegistryProtocol.refer(RegistryProtocol.java:287)
	at com.alibaba.dubbo.rpc.protocol.ProtocolFilterWrapper.refer(ProtocolFilterWrapper.java:106)
	at com.alibaba.dubbo.rpc.protocol.ProtocolListenerWrapper.refer(ProtocolListenerWrapper.java:65)
	at com.alibaba.dubbo.qos.protocol.QosProtocolWrapper.refer(QosProtocolWrapper.java:69)
	at com.alibaba.dubbo.rpc.Protocol$Adaptive.refer(Protocol$Adaptive.java)
	at com.alibaba.dubbo.config.ReferenceConfig.createProxy(ReferenceConfig.java:394)
	at com.alibaba.dubbo.config.ReferenceConfig.init(ReferenceConfig.java:333)
	at com.alibaba.dubbo.config.ReferenceConfig.get(ReferenceConfig.java:163)
	at com.alibaba.dubbo.config.spring.beans.factory.annotation.ReferenceAnnotationBeanPostProcessor$ReferenceBeanInvocationHandler.init(ReferenceAnnotationBeanPostProcessor.java:163)
	at com.alibaba.dubbo.config.spring.beans.factory.annotation.ReferenceAnnotationBeanPostProcessor$ReferenceBeanInvocationHandler.access$100(ReferenceAnnotationBeanPostProcessor.java:147)
	at com.alibaba.dubbo.config.spring.beans.factory.annotation.ReferenceAnnotationBeanPostProcessor.buildInvocationHandler(ReferenceAnnotationBeanPostProcessor.java:141)
	at com.alibaba.dubbo.config.spring.beans.factory.annotation.ReferenceAnnotationBeanPostProcessor.buildProxy(ReferenceAnnotationBeanPostProcessor.java:123)
	at com.alibaba.dubbo.config.spring.beans.factory.annotation.ReferenceAnnotationBeanPostProcessor.doGetInjectedBean(ReferenceAnnotationBeanPostProcessor.java:117)
	at com.alibaba.dubbo.config.spring.beans.factory.annotation.ReferenceAnnotationBeanPostProcessor.doGetInjectedBean(ReferenceAnnotationBeanPostProcessor.java:50)
	at com.alibaba.spring.beans.factory.annotation.AnnotationInjectedBeanPostProcessor.getInjectedObject(AnnotationInjectedBeanPostProcessor.java:340)
	at com.alibaba.spring.beans.factory.annotation.AnnotationInjectedBeanPostProcessor$AnnotatedFieldElement.inject(AnnotationInjectedBeanPostProcessor.java:520)
	at org.springframework.beans.factory.annotation.InjectionMetadata.inject(InjectionMetadata.java:88)
	at com.alibaba.spring.beans.factory.annotation.AnnotationInjectedBeanPostProcessor.postProcessPropertyValues(AnnotationInjectedBeanPostProcessor.java:128)
	at org.springframework.beans.factory.support.AbstractAutowireCapableBeanFactory.populateBean(AbstractAutowireCapableBeanFactory.java:1219)
	at org.springframework.beans.factory.support.AbstractAutowireCapableBeanFactory.doCreateBean(AbstractAutowireCapableBeanFactory.java:551)
	at org.springframework.beans.factory.support.AbstractAutowireCapableBeanFactory.createBean(AbstractAutowireCapableBeanFactory.java:482)
	at org.springframework.beans.factory.support.AbstractBeanFactory$1.getObject(AbstractBeanFactory.java:306)
	at org.springframework.beans.factory.support.DefaultSingletonBeanRegistry.getSingleton(DefaultSingletonBeanRegistry.java:230)
	at org.springframework.beans.factory.support.AbstractBeanFactory.doGetBean(AbstractBeanFactory.java:302)
	at org.springframework.beans.factory.support.AbstractBeanFactory.getBean(AbstractBeanFactory.java:197)
	at org.springframework.beans.factory.support.DefaultListableBeanFactory.preInstantiateSingletons(DefaultListableBeanFactory.java:754)
	at org.springframework.context.support.AbstractApplicationContext.finishBeanFactoryInitialization(AbstractApplicationContext.java:757)
	at org.springframework.context.support.AbstractApplicationContext.refresh(AbstractApplicationContext.java:480)
	at org.springframework.web.context.ContextLoader.configureAndRefreshWebApplicationContext(ContextLoader.java:444)
	at org.springframework.web.context.ContextLoader.initWebApplicationContext(ContextLoader.java:326)
	at org.springframework.web.context.ContextLoaderListener.contextInitialized(ContextLoaderListener.java:107)
	at org.eclipse.jetty.server.handler.ContextHandler.callContextInitialized(ContextHandler.java:957)
	at org.eclipse.jetty.servlet.ServletContextHandler.callContextInitialized(ServletContextHandler.java:553)
	at org.eclipse.jetty.server.handler.ContextHandler.startContext(ContextHandler.java:922)
	at org.eclipse.jetty.servlet.ServletContextHandler.startContext(ServletContextHandler.java:365)
	at org.eclipse.jetty.webapp.WebAppContext.startWebapp(WebAppContext.java:1497)
	at org.eclipse.jetty.webapp.WebAppContext.startContext(WebAppContext.java:1459)
	at org.eclipse.jetty.server.handler.ContextHandler.doStart(ContextHandler.java:852)
	at org.eclipse.jetty.servlet.ServletContextHandler.doStart(ServletContextHandler.java:278)
	at org.eclipse.jetty.webapp.WebAppContext.doStart(WebAppContext.java:545)
	at org.eclipse.jetty.util.component.AbstractLifeCycle.start(AbstractLifeCycle.java:68)
	at org.eclipse.jetty.util.component.ContainerLifeCycle.start(ContainerLifeCycle.java:167)
	at org.eclipse.jetty.server.Server.start(Server.java:418)
	at org.eclipse.jetty.util.component.ContainerLifeCycle.doStart(ContainerLifeCycle.java:110)
	at org.eclipse.jetty.server.handler.AbstractHandler.doStart(AbstractHandler.java:113)
	at org.eclipse.jetty.server.Server.doStart(Server.java:382)
	at org.eclipse.jetty.util.component.AbstractLifeCycle.start(AbstractLifeCycle.java:68)
	at com.tscloud.portal.utils.StartJetty.startJetty(StartJetty.java:40)
	at com.tscloud.portal.main.StartPortalUI.main(StartPortalUI.java:11)
2019-09-27 10:38:00,992 [ERROR]  (ConnectionState.java.checkTimeouts:200) - Connection timed out for connection string (127.0.0.1:2181) and timeout (5000) / elapsed (36114)
org.apache.curator.CuratorConnectionLossException: KeeperErrorCode = ConnectionLoss
	at org.apache.curator.ConnectionState.checkTimeouts(ConnectionState.java:197)
	at org.apache.curator.ConnectionState.getZooKeeper(ConnectionState.java:87)
	at org.apache.curator.CuratorZookeeperClient.getZooKeeper(CuratorZookeeperClient.java:115)
	at org.apache.curator.framework.imps.CuratorFrameworkImpl.getZooKeeper(CuratorFrameworkImpl.java:477)
	at org.apache.curator.framework.imps.ExistsBuilderImpl$2.call(ExistsBuilderImpl.java:172)
	at org.apache.curator.framework.imps.ExistsBuilderImpl$2.call(ExistsBuilderImpl.java:161)
	at org.apache.curator.RetryLoop.callWithRetry(RetryLoop.java:107)
	at org.apache.curator.framework.imps.ExistsBuilderImpl.pathInForeground(ExistsBuilderImpl.java:158)
	at org.apache.curator.framework.imps.ExistsBuilderImpl.forPath(ExistsBuilderImpl.java:148)
	at org.apache.curator.framework.imps.ExistsBuilderImpl.forPath(ExistsBuilderImpl.java:36)
	at com.alibaba.dubbo.remoting.zookeeper.curator.CuratorZookeeperClient.checkExists(CuratorZookeeperClient.java:117)
	at com.alibaba.dubbo.remoting.zookeeper.support.AbstractZookeeperClient.create(AbstractZookeeperClient.java:56)
	at com.alibaba.dubbo.remoting.zookeeper.support.AbstractZookeeperClient.create(AbstractZookeeperClient.java:62)
	at com.alibaba.dubbo.remoting.zookeeper.support.AbstractZookeeperClient.create(AbstractZookeeperClient.java:62)
	at com.alibaba.dubbo.remoting.zookeeper.support.AbstractZookeeperClient.create(AbstractZookeeperClient.java:62)
	at com.alibaba.dubbo.registry.zookeeper.ZookeeperRegistry.doRegister(ZookeeperRegistry.java:114)
	at com.alibaba.dubbo.registry.support.FailbackRegistry.register(FailbackRegistry.java:137)
	at com.alibaba.dubbo.registry.integration.RegistryProtocol.doRefer(RegistryProtocol.java:303)
	at com.alibaba.dubbo.registry.integration.RegistryProtocol.refer(RegistryProtocol.java:287)
	at com.alibaba.dubbo.rpc.protocol.ProtocolFilterWrapper.refer(ProtocolFilterWrapper.java:106)
	at com.alibaba.dubbo.rpc.protocol.ProtocolListenerWrapper.refer(ProtocolListenerWrapper.java:65)
	at com.alibaba.dubbo.qos.protocol.QosProtocolWrapper.refer(QosProtocolWrapper.java:69)
	at com.alibaba.dubbo.rpc.Protocol$Adaptive.refer(Protocol$Adaptive.java)
	at com.alibaba.dubbo.config.ReferenceConfig.createProxy(ReferenceConfig.java:394)
	at com.alibaba.dubbo.config.ReferenceConfig.init(ReferenceConfig.java:333)
	at com.alibaba.dubbo.config.ReferenceConfig.get(ReferenceConfig.java:163)
	at com.alibaba.dubbo.config.spring.beans.factory.annotation.ReferenceAnnotationBeanPostProcessor$ReferenceBeanInvocationHandler.init(ReferenceAnnotationBeanPostProcessor.java:163)
	at com.alibaba.dubbo.config.spring.beans.factory.annotation.ReferenceAnnotationBeanPostProcessor$ReferenceBeanInvocationHandler.access$100(ReferenceAnnotationBeanPostProcessor.java:147)
	at com.alibaba.dubbo.config.spring.beans.factory.annotation.ReferenceAnnotationBeanPostProcessor.buildInvocationHandler(ReferenceAnnotationBeanPostProcessor.java:141)
	at com.alibaba.dubbo.config.spring.beans.factory.annotation.ReferenceAnnotationBeanPostProcessor.buildProxy(ReferenceAnnotationBeanPostProcessor.java:123)
	at com.alibaba.dubbo.config.spring.beans.factory.annotation.ReferenceAnnotationBeanPostProcessor.doGetInjectedBean(ReferenceAnnotationBeanPostProcessor.java:117)
	at com.alibaba.dubbo.config.spring.beans.factory.annotation.ReferenceAnnotationBeanPostProcessor.doGetInjectedBean(ReferenceAnnotationBeanPostProcessor.java:50)
	at com.alibaba.spring.beans.factory.annotation.AnnotationInjectedBeanPostProcessor.getInjectedObject(AnnotationInjectedBeanPostProcessor.java:340)
	at com.alibaba.spring.beans.factory.annotation.AnnotationInjectedBeanPostProcessor$AnnotatedFieldElement.inject(AnnotationInjectedBeanPostProcessor.java:520)
	at org.springframework.beans.factory.annotation.InjectionMetadata.inject(InjectionMetadata.java:88)
	at com.alibaba.spring.beans.factory.annotation.AnnotationInjectedBeanPostProcessor.postProcessPropertyValues(AnnotationInjectedBeanPostProcessor.java:128)
	at org.springframework.beans.factory.support.AbstractAutowireCapableBeanFactory.populateBean(AbstractAutowireCapableBeanFactory.java:1219)
	at org.springframework.beans.factory.support.AbstractAutowireCapableBeanFactory.doCreateBean(AbstractAutowireCapableBeanFactory.java:551)
	at org.springframework.beans.factory.support.AbstractAutowireCapableBeanFactory.createBean(AbstractAutowireCapableBeanFactory.java:482)
	at org.springframework.beans.factory.support.AbstractBeanFactory$1.getObject(AbstractBeanFactory.java:306)
	at org.springframework.beans.factory.support.DefaultSingletonBeanRegistry.getSingleton(DefaultSingletonBeanRegistry.java:230)
	at org.springframework.beans.factory.support.AbstractBeanFactory.doGetBean(AbstractBeanFactory.java:302)
	at org.springframework.beans.factory.support.AbstractBeanFactory.getBean(AbstractBeanFactory.java:197)
	at org.springframework.beans.factory.support.DefaultListableBeanFactory.preInstantiateSingletons(DefaultListableBeanFactory.java:754)
	at org.springframework.context.support.AbstractApplicationContext.finishBeanFactoryInitialization(AbstractApplicationContext.java:757)
	at org.springframework.context.support.AbstractApplicationContext.refresh(AbstractApplicationContext.java:480)
	at org.springframework.web.context.ContextLoader.configureAndRefreshWebApplicationContext(ContextLoader.java:444)
	at org.springframework.web.context.ContextLoader.initWebApplicationContext(ContextLoader.java:326)
	at org.springframework.web.context.ContextLoaderListener.contextInitialized(ContextLoaderListener.java:107)
	at org.eclipse.jetty.server.handler.ContextHandler.callContextInitialized(ContextHandler.java:957)
	at org.eclipse.jetty.servlet.ServletContextHandler.callContextInitialized(ServletContextHandler.java:553)
	at org.eclipse.jetty.server.handler.ContextHandler.startContext(ContextHandler.java:922)
	at org.eclipse.jetty.servlet.ServletContextHandler.startContext(ServletContextHandler.java:365)
	at org.eclipse.jetty.webapp.WebAppContext.startWebapp(WebAppContext.java:1497)
	at org.eclipse.jetty.webapp.WebAppContext.startContext(WebAppContext.java:1459)
	at org.eclipse.jetty.server.handler.ContextHandler.doStart(ContextHandler.java:852)
	at org.eclipse.jetty.servlet.ServletContextHandler.doStart(ServletContextHandler.java:278)
	at org.eclipse.jetty.webapp.WebAppContext.doStart(WebAppContext.java:545)
	at org.eclipse.jetty.util.component.AbstractLifeCycle.start(AbstractLifeCycle.java:68)
	at org.eclipse.jetty.util.component.ContainerLifeCycle.start(ContainerLifeCycle.java:167)
	at org.eclipse.jetty.server.Server.start(Server.java:418)
	at org.eclipse.jetty.util.component.ContainerLifeCycle.doStart(ContainerLifeCycle.java:110)
	at org.eclipse.jetty.server.handler.AbstractHandler.doStart(AbstractHandler.java:113)
	at org.eclipse.jetty.server.Server.doStart(Server.java:382)
	at org.eclipse.jetty.util.component.AbstractLifeCycle.start(AbstractLifeCycle.java:68)
	at com.tscloud.portal.utils.StartJetty.startJetty(StartJetty.java:40)
	at com.tscloud.portal.main.StartPortalUI.main(StartPortalUI.java:11)
