2019-07-23 11:24:06,608 [ERROR]  (ConnectionState.java.checkTimeouts:200) - Connection timed out for connection string (127.0.0.1:2181) and timeout (5000) / elapsed (5060)
org.apache.curator.CuratorConnectionLossException: KeeperErrorCode = ConnectionLoss
	at org.apache.curator.ConnectionState.checkTimeouts(ConnectionState.java:197)
	at org.apache.curator.ConnectionState.getZooKeeper(ConnectionState.java:87)
	at org.apache.curator.CuratorZookeeperClient.getZooKeeper(CuratorZookeeperClient.java:115)
	at org.apache.curator.framework.imps.CuratorFrameworkImpl.getZooKeeper(CuratorFrameworkImpl.java:477)
	at org.apache.curator.framework.imps.ExistsBuilderImpl$2.call(ExistsBuilderImpl.java:172)
	at org.apache.curator.framework.imps.ExistsBuilderImpl$2.call(ExistsBuilderImpl.java:161)
	at org.apache.curator.RetryLoop.callWithRetry(RetryLoop.java:107)
	at org.apache.curator.framework.imps.ExistsBuilderImpl.pathInForeground(ExistsBuilderImpl.java:158)
	at org.apache.curator.framework.imps.ExistsBuilderImpl.forPath(ExistsBuilderImpl.java:148)
	at org.apache.curator.framework.imps.ExistsBuilderImpl.forPath(ExistsBuilderImpl.java:36)
	at com.alibaba.dubbo.remoting.zookeeper.curator.CuratorZookeeperClient.checkExists(CuratorZookeeperClient.java:117)
	at com.alibaba.dubbo.remoting.zookeeper.support.AbstractZookeeperClient.create(AbstractZookeeperClient.java:56)
	at com.alibaba.dubbo.remoting.zookeeper.support.AbstractZookeeperClient.create(AbstractZookeeperClient.java:62)
	at com.alibaba.dubbo.registry.zookeeper.ZookeeperRegistry.doRegister(ZookeeperRegistry.java:114)
	at com.alibaba.dubbo.registry.support.FailbackRegistry.register(FailbackRegistry.java:137)
	at com.alibaba.dubbo.registry.integration.RegistryProtocol.register(RegistryProtocol.java:126)
	at com.alibaba.dubbo.registry.integration.RegistryProtocol.export(RegistryProtocol.java:146)
	at com.alibaba.dubbo.qos.protocol.QosProtocolWrapper.export(QosProtocolWrapper.java:60)
	at com.alibaba.dubbo.rpc.protocol.ProtocolFilterWrapper.export(ProtocolFilterWrapper.java:98)
	at com.alibaba.dubbo.rpc.protocol.ProtocolListenerWrapper.export(ProtocolListenerWrapper.java:55)
	at com.alibaba.dubbo.rpc.Protocol$Adaptive.export(Protocol$Adaptive.java)
	at com.alibaba.dubbo.config.ServiceConfig.doExportUrlsFor1Protocol(ServiceConfig.java:513)
	at com.alibaba.dubbo.config.ServiceConfig.doExportUrls(ServiceConfig.java:358)
	at com.alibaba.dubbo.config.ServiceConfig.doExport(ServiceConfig.java:317)
	at com.alibaba.dubbo.config.ServiceConfig.export(ServiceConfig.java:216)
	at com.alibaba.dubbo.config.spring.ServiceBean.export(ServiceBean.java:291)
	at com.alibaba.dubbo.config.spring.ServiceBean.onApplicationEvent(ServiceBean.java:131)
	at com.alibaba.dubbo.config.spring.ServiceBean.onApplicationEvent(ServiceBean.java:53)
	at org.springframework.context.event.SimpleApplicationEventMulticaster.invokeListener(SimpleApplicationEventMulticaster.java:151)
	at org.springframework.context.event.SimpleApplicationEventMulticaster.multicastEvent(SimpleApplicationEventMulticaster.java:128)
	at org.springframework.context.support.AbstractApplicationContext.publishEvent(AbstractApplicationContext.java:331)
	at org.springframework.context.support.AbstractApplicationContext.finishRefresh(AbstractApplicationContext.java:773)
	at org.springframework.context.support.AbstractApplicationContext.refresh(AbstractApplicationContext.java:483)
	at org.springframework.context.support.ClassPathXmlApplicationContext.<init>(ClassPathXmlApplicationContext.java:139)
	at org.springframework.context.support.ClassPathXmlApplicationContext.<init>(ClassPathXmlApplicationContext.java:83)
	at com.tscloud.common.framework.spring.ServiceBeanContext.loadContext(ServiceBeanContext.java:24)
	at com.tscloud.resource.utils.DispatchServlet.init(DispatchServlet.java:30)
	at org.eclipse.jetty.servlet.ServletHolder.initServlet(ServletHolder.java:671)
	at org.eclipse.jetty.servlet.ServletHolder.initialize(ServletHolder.java:428)
	at org.eclipse.jetty.servlet.ServletHandler.lambda$initialize$0(ServletHandler.java:750)
	at java.util.stream.SortedOps$SizedRefSortingSink.end(SortedOps.java:352)
	at java.util.stream.AbstractPipeline.copyInto(AbstractPipeline.java:482)
	at java.util.stream.AbstractPipeline.wrapAndCopyInto(AbstractPipeline.java:471)
	at java.util.stream.StreamSpliterators$WrappingSpliterator.forEachRemaining(StreamSpliterators.java:312)
	at java.util.stream.Streams$ConcatSpliterator.forEachRemaining(Streams.java:743)
	at java.util.stream.Streams$ConcatSpliterator.forEachRemaining(Streams.java:742)
	at java.util.stream.ReferencePipeline$Head.forEach(ReferencePipeline.java:580)
	at org.eclipse.jetty.servlet.ServletHandler.initialize(ServletHandler.java:744)
	at org.eclipse.jetty.servlet.ServletContextHandler.startContext(ServletContextHandler.java:369)
	at org.eclipse.jetty.webapp.WebAppContext.startWebapp(WebAppContext.java:1497)
	at org.eclipse.jetty.webapp.WebAppContext.startContext(WebAppContext.java:1459)
	at org.eclipse.jetty.server.handler.ContextHandler.doStart(ContextHandler.java:852)
	at org.eclipse.jetty.servlet.ServletContextHandler.doStart(ServletContextHandler.java:278)
	at org.eclipse.jetty.webapp.WebAppContext.doStart(WebAppContext.java:545)
	at org.eclipse.jetty.util.component.AbstractLifeCycle.start(AbstractLifeCycle.java:68)
	at org.eclipse.jetty.util.component.ContainerLifeCycle.start(ContainerLifeCycle.java:167)
	at org.eclipse.jetty.server.Server.start(Server.java:418)
	at org.eclipse.jetty.util.component.ContainerLifeCycle.doStart(ContainerLifeCycle.java:110)
	at org.eclipse.jetty.server.handler.AbstractHandler.doStart(AbstractHandler.java:113)
	at org.eclipse.jetty.server.Server.doStart(Server.java:382)
	at org.eclipse.jetty.util.component.AbstractLifeCycle.start(AbstractLifeCycle.java:68)
	at com.tscloud.resource.utils.StartJetty.startJetty(StartJetty.java:48)
	at com.tscloud.resource.main.StartRMServer.main(StartRMServer.java:9)
2019-07-23 14:10:03,062 [ERROR]  (DatabaseHelper.java.getTableNames:117) - 获取数据库表名失败
java.sql.SQLException: Column 'comments' not found.
	at com.mysql.jdbc.SQLError.createSQLException(SQLError.java:910)
	at com.mysql.jdbc.ResultSet.findColumn(ResultSet.java:987)
	at com.mysql.jdbc.ResultSet.getString(ResultSet.java:5584)
	at com.tscloud.resource.utils.DatabaseHelper.getTableNames(DatabaseHelper.java:113)
	at com.tscloud.resource.utils.DatabaseHelper.main(DatabaseHelper.java:315)
2019-07-23 14:13:00,053 [ERROR]  (DatabaseHelper.java.getTableNames:117) - 获取数据库表名失败
java.sql.SQLException: Column 'comment' not found.
	at com.mysql.jdbc.SQLError.createSQLException(SQLError.java:910)
	at com.mysql.jdbc.ResultSet.findColumn(ResultSet.java:987)
	at com.mysql.jdbc.ResultSet.getString(ResultSet.java:5584)
	at com.tscloud.resource.utils.DatabaseHelper.getTableNames(DatabaseHelper.java:113)
	at com.tscloud.resource.utils.DatabaseHelper.main(DatabaseHelper.java:315)
2019-07-23 14:13:25,051 [ERROR]  (DatabaseHelper.java.getTableNames:117) - 获取数据库表名失败
java.sql.SQLException: Column 'remark' not found.
	at com.mysql.jdbc.SQLError.createSQLException(SQLError.java:910)
	at com.mysql.jdbc.ResultSet.findColumn(ResultSet.java:987)
	at com.mysql.jdbc.ResultSet.getString(ResultSet.java:5584)
	at com.tscloud.resource.utils.DatabaseHelper.getTableNames(DatabaseHelper.java:113)
	at com.tscloud.resource.utils.DatabaseHelper.main(DatabaseHelper.java:315)
2019-07-23 14:23:41,393 [ERROR]  (DatabaseHelper.java.getColumnNames:232) - getColumnNames failure
java.sql.SQLException: Before start of result set
	at com.mysql.jdbc.SQLError.createSQLException(SQLError.java:910)
	at com.mysql.jdbc.ResultSet.checkRowPos(ResultSet.java:720)
	at com.mysql.jdbc.ResultSet.getStringInternal(ResultSet.java:5624)
	at com.mysql.jdbc.ResultSet.getString(ResultSet.java:5544)
	at com.mysql.jdbc.ResultSet.getString(ResultSet.java:5584)
	at com.tscloud.resource.utils.DatabaseHelper.getColumnNames(DatabaseHelper.java:227)
	at com.tscloud.resource.utils.DatabaseHelper.main(DatabaseHelper.java:323)
2019-07-23 14:24:26,099 [ERROR]  (DatabaseHelper.java.getColumnNames:232) - getColumnNames failure
java.sql.SQLException: Before start of result set
	at com.mysql.jdbc.SQLError.createSQLException(SQLError.java:910)
	at com.mysql.jdbc.ResultSet.checkRowPos(ResultSet.java:720)
	at com.mysql.jdbc.ResultSet.getStringInternal(ResultSet.java:5624)
	at com.mysql.jdbc.ResultSet.getString(ResultSet.java:5544)
	at com.mysql.jdbc.ResultSet.getString(ResultSet.java:5584)
	at com.tscloud.resource.utils.DatabaseHelper.getColumnNames(DatabaseHelper.java:227)
	at com.tscloud.resource.utils.DatabaseHelper.main(DatabaseHelper.java:323)
2019-07-23 14:25:13,427 [ERROR]  (DatabaseHelper.java.getColumnNames:232) - getColumnNames failure
java.sql.SQLException: Before start of result set
	at com.mysql.jdbc.SQLError.createSQLException(SQLError.java:910)
	at com.mysql.jdbc.ResultSet.checkRowPos(ResultSet.java:720)
	at com.mysql.jdbc.ResultSet.getStringInternal(ResultSet.java:5624)
	at com.mysql.jdbc.ResultSet.getString(ResultSet.java:5544)
	at com.mysql.jdbc.ResultSet.getString(ResultSet.java:5584)
	at com.tscloud.resource.utils.DatabaseHelper.getColumnNames(DatabaseHelper.java:227)
	at com.tscloud.resource.utils.DatabaseHelper.main(DatabaseHelper.java:323)
2019-07-23 14:41:15,041 [ERROR]  (DatabaseHelper.java.getColumnNames:239) - getColumnNames failure
com.mysql.jdbc.exceptions.MySQLSyntaxErrorException: Table 'visualshow.vs_them' doesn't exist
	at com.mysql.jdbc.SQLError.createSQLException(SQLError.java:936)
	at com.mysql.jdbc.MysqlIO.checkErrorPacket(MysqlIO.java:2985)
	at com.mysql.jdbc.MysqlIO.sendCommand(MysqlIO.java:1631)
	at com.mysql.jdbc.MysqlIO.sqlQueryDirect(MysqlIO.java:1723)
	at com.mysql.jdbc.Connection.execSQL(Connection.java:3277)
	at com.mysql.jdbc.Connection.execSQL(Connection.java:3206)
	at com.mysql.jdbc.Statement.executeQuery(Statement.java:1232)
	at com.tscloud.resource.utils.DatabaseHelper.getColumnNames(DatabaseHelper.java:219)
	at com.tscloud.resource.utils.DatabaseHelper.main(DatabaseHelper.java:330)
2019-07-23 14:58:43,316 [ERROR]  (DatabaseHelper.java.getColumnNames:281) - getColumnNames failure
java.sql.SQLException: Column index out of range.
	at com.mysql.jdbc.SQLError.createSQLException(SQLError.java:910)
	at com.mysql.jdbc.ResultSetMetaData.getField(ResultSetMetaData.java:398)
	at com.mysql.jdbc.ResultSetMetaData.getColumnName(ResultSetMetaData.java:249)
	at com.tscloud.resource.utils.DatabaseHelper.getColumnNames(DatabaseHelper.java:276)
	at com.tscloud.resource.utils.DatabaseHelper.main(DatabaseHelper.java:372)
