2019-07-19 12:25:32,142 [DEBUG]  (BaseJdbcLogger.java.debug:139) - ==>  Preparing: select t.id,t.data_source_ip,t.data_source_port,t.data_source_name,t.data_source_account,t.data_source_password,t.data_source_type from vs_data_source t where t.data_source_name = ? 
2019-07-19 12:25:32,194 [DEBUG]  (BaseJdbcLogger.java.debug:139) - ==> Parameters: semi(String)
2019-07-19 12:25:32,205 [DEBUG]  (BaseJdbcLogger.java.debug:139) - <==      Total: 0
2019-07-19 12:26:59,969 [DEBUG]  (BaseJdbcLogger.java.debug:139) - ==>  Preparing: insert into vs_data_source(id,data_source_ip,data_source_port,data_source_name,data_source_account,data_source_password,data_source_type values(?,?,?,?,?,?,?) 
2019-07-19 12:26:59,975 [DEBUG]  (BaseJdbcLogger.java.debug:139) - ==> Parameters: 0CAFB4B8ABB84ACA972CD96DD52E1CF2(String), 127.0.0.1(String), 3306(String), visualshow(String), root(String), 123456(String), mysql(String)
2019-07-19 12:30:00,858 [DEBUG]  (BaseJdbcLogger.java.debug:139) - ==>  Preparing: insert into vs_data_source(id,data_source_ip,data_source_port,data_source_name,data_source_account,data_source_password,data_source_type) values(?,?,?,?,?,?,?) 
2019-07-19 12:30:00,893 [DEBUG]  (BaseJdbcLogger.java.debug:139) - ==> Parameters: EDDC46DA9A7D41FC94F93DB7DBB16CEE(String), 127.0.0.1(String), 3306(String), visualshow(String), root(String), 123456(String), mysql(String)
2019-07-19 12:30:00,903 [DEBUG]  (BaseJdbcLogger.java.debug:139) - <==    Updates: 1
2019-07-19 12:32:55,973 [DEBUG]  (BaseJdbcLogger.java.debug:139) - ==>  Preparing: select t.id,t.data_source_ip,t.data_source_port,t.data_source_name,t.data_source_account,t.data_source_password,t.data_source_type from vs_data_source t where t.data_source_name = ? 
2019-07-19 12:32:55,974 [DEBUG]  (BaseJdbcLogger.java.debug:139) - ==> Parameters: semi(String)
2019-07-19 12:32:55,982 [DEBUG]  (BaseJdbcLogger.java.debug:139) - <==      Total: 0
2019-07-19 12:33:10,407 [DEBUG]  (BaseJdbcLogger.java.debug:139) - ==>  Preparing: select t.id,t.data_source_ip,t.data_source_port,t.data_source_name,t.data_source_account,t.data_source_password,t.data_source_type from vs_data_source t where t.data_source_name = ? 
2019-07-19 12:33:10,408 [DEBUG]  (BaseJdbcLogger.java.debug:139) - ==> Parameters: visualshow(String)
2019-07-19 12:33:10,411 [DEBUG]  (BaseJdbcLogger.java.debug:139) - <==      Total: 1
2019-07-19 12:35:51,394 [DEBUG]  (BaseJdbcLogger.java.debug:139) - ==>  Preparing: select t.id,t.data_source_ip,t.data_source_port,t.data_source_name,t.data_source_account,t.data_source_password,t.data_source_type from vs_data_source t where t.data_source_name = ? 
2019-07-19 12:35:51,395 [DEBUG]  (BaseJdbcLogger.java.debug:139) - ==> Parameters: visualshow(String)
2019-07-19 12:35:51,397 [DEBUG]  (BaseJdbcLogger.java.debug:139) - <==      Total: 1
2019-07-19 12:36:57,075 [DEBUG]  (BaseJdbcLogger.java.debug:139) - ==>  Preparing: select t.id,t.data_source_ip,t.data_source_port,t.data_source_name,t.data_source_account,t.data_source_password,t.data_source_type from vs_data_source t where t.data_source_name = ? and t.id <> ? 
2019-07-19 12:36:57,075 [DEBUG]  (BaseJdbcLogger.java.debug:139) - ==> Parameters: null, 7DEFB71CAB704A4AA6F6A719E7AA2EF9(String)
2019-07-19 12:36:57,076 [DEBUG]  (BaseJdbcLogger.java.debug:139) - <==      Total: 0
2019-07-19 12:37:10,165 [DEBUG]  (BaseJdbcLogger.java.debug:139) - ==>  Preparing: select t.id,t.data_source_ip,t.data_source_port,t.data_source_name,t.data_source_account,t.data_source_password,t.data_source_type from vs_data_source t where t.data_source_name = ? and t.id <> ? 
2019-07-19 12:37:10,166 [DEBUG]  (BaseJdbcLogger.java.debug:139) - ==> Parameters: null, 7DEFB71CAB704A4AA6F6A719E7AA2EF91(String)
2019-07-19 12:37:10,167 [DEBUG]  (BaseJdbcLogger.java.debug:139) - <==      Total: 0
2019-07-19 12:37:37,637 [DEBUG]  (BaseJdbcLogger.java.debug:139) - ==>  Preparing: select t.id,t.data_source_ip,t.data_source_port,t.data_source_name,t.data_source_account,t.data_source_password,t.data_source_type from vs_data_source t where t.data_source_name = ? and t.id <> ? 
2019-07-19 12:37:37,638 [DEBUG]  (BaseJdbcLogger.java.debug:139) - ==> Parameters: null, 7DEFB71CAB704A4AA6F6A719E7AA2EF91(String)
2019-07-19 12:37:37,639 [DEBUG]  (BaseJdbcLogger.java.debug:139) - <==      Total: 0
2019-07-19 12:38:00,114 [DEBUG]  (BaseJdbcLogger.java.debug:139) - ==>  Preparing: select t.id,t.data_source_ip,t.data_source_port,t.data_source_name,t.data_source_account,t.data_source_password,t.data_source_type from vs_data_source t where t.data_source_name = ? and t.id <> ? 
2019-07-19 12:38:00,116 [DEBUG]  (BaseJdbcLogger.java.debug:139) - ==> Parameters: null, EDDC46DA9A7D41FC94F93DB7DBB16CEE(String)
2019-07-19 12:38:00,117 [DEBUG]  (BaseJdbcLogger.java.debug:139) - <==      Total: 0
2019-07-19 12:38:48,790 [DEBUG]  (BaseJdbcLogger.java.debug:139) - ==>  Preparing: select t.id,t.data_source_ip,t.data_source_port,t.data_source_name,t.data_source_account,t.data_source_password,t.data_source_type from vs_data_source t where t.data_source_name = ? and t.id <> ? 
2019-07-19 12:38:48,791 [DEBUG]  (BaseJdbcLogger.java.debug:139) - ==> Parameters: visualshow(String), 7DEFB71CAB704A4AA6F6A719E7AA2EF9(String)
2019-07-19 12:38:48,793 [DEBUG]  (BaseJdbcLogger.java.debug:139) - <==      Total: 1
2019-07-19 12:39:11,749 [DEBUG]  (BaseJdbcLogger.java.debug:139) - ==>  Preparing: insert into vs_data_source(id,data_source_ip,data_source_port,data_source_name,data_source_account,data_source_password,data_source_type) values(?,?,?,?,?,?,?) 
2019-07-19 12:39:11,750 [DEBUG]  (BaseJdbcLogger.java.debug:139) - ==> Parameters: 7DEFB71CAB704A4AA6F6A719E7AA2EF9(String), null, null, visualshow(String), null, null, null
2019-07-19 12:39:11,753 [DEBUG]  (BaseJdbcLogger.java.debug:139) - <==    Updates: 1
2019-07-19 12:39:51,826 [DEBUG]  (BaseJdbcLogger.java.debug:139) - ==>  Preparing: insert into vs_data_source(id,data_source_ip,data_source_port,data_source_name,data_source_account,data_source_password,data_source_type) values(?,?,?,?,?,?,?) 
2019-07-19 12:39:51,827 [DEBUG]  (BaseJdbcLogger.java.debug:139) - ==> Parameters: EA063745AC92447DA337C4F68A707D6A(String), null, null, visualshow(String), null, null, null
2019-07-19 12:39:51,837 [DEBUG]  (BaseJdbcLogger.java.debug:139) - <==    Updates: 1
2019-07-19 12:40:26,054 [DEBUG]  (BaseJdbcLogger.java.debug:139) - ==>  Preparing: insert into vs_data_source(id,data_source_ip,data_source_port,data_source_name,data_source_account,data_source_password,data_source_type) values(?,?,?,?,?,?,?) 
2019-07-19 12:40:26,055 [DEBUG]  (BaseJdbcLogger.java.debug:139) - ==> Parameters: BC0D74B10691488A880C96C8DB40621A(String), 127.0.0.1(String), 3306(String), visualshow(String), root(String), 123456(String), mysql(String)
2019-07-19 12:40:26,065 [DEBUG]  (BaseJdbcLogger.java.debug:139) - <==    Updates: 1
2019-07-19 12:41:01,790 [DEBUG]  (BaseJdbcLogger.java.debug:139) - ==>  Preparing: select t.id,t.data_source_ip,t.data_source_port,t.data_source_name,t.data_source_account,t.data_source_password,t.data_source_type from vs_data_source t where t.data_source_name = ? and t.id <> ? 
2019-07-19 12:41:01,790 [DEBUG]  (BaseJdbcLogger.java.debug:139) - ==> Parameters: visualshow(String), BC0D74B10691488A880C96C8DB40621A(String)
2019-07-19 12:41:01,791 [DEBUG]  (BaseJdbcLogger.java.debug:139) - <==      Total: 0
2019-07-19 12:41:13,454 [DEBUG]  (BaseJdbcLogger.java.debug:139) - ==>  Preparing: select t.id,t.data_source_ip,t.data_source_port,t.data_source_name,t.data_source_account,t.data_source_password,t.data_source_type from vs_data_source t where t.data_source_name = ? and t.id <> ? 
2019-07-19 12:41:13,454 [DEBUG]  (BaseJdbcLogger.java.debug:139) - ==> Parameters: visualshow(String), BC0D74B10691488A880C96C8DB40621A1(String)
2019-07-19 12:41:13,455 [DEBUG]  (BaseJdbcLogger.java.debug:139) - <==      Total: 1
2019-07-19 12:46:20,855 [DEBUG]  (BaseJdbcLogger.java.debug:139) - ==>  Preparing: update vs_data_source t SET t.data_source_ip = ?, t.data_source_port = ?, t.data_source_name = ?, t.data_source_account = ?, t.data_source_password = ?, t.data_source_type = ? where t.id=? 
2019-07-19 12:46:20,855 [DEBUG]  (BaseJdbcLogger.java.debug:139) - ==> Parameters: 127.0.0.1(String), 3306(String), semi(String), root(String), 123456(String), mysql(String), BC0D74B10691488A880C96C8DB40621A(String)
2019-07-19 12:46:20,867 [DEBUG]  (BaseJdbcLogger.java.debug:139) - <==    Updates: 1
2019-07-19 12:49:24,327 [DEBUG]  (BaseJdbcLogger.java.debug:139) - ==>  Preparing: delete from vs_data_source where id =? 
2019-07-19 12:49:24,328 [DEBUG]  (BaseJdbcLogger.java.debug:139) - ==> Parameters: BC0D74B10691488A880C96C8DB40621A(String)
2019-07-19 12:49:24,339 [DEBUG]  (BaseJdbcLogger.java.debug:139) - <==    Updates: 1
2019-07-19 13:59:07,594 [DEBUG]  (BaseJdbcLogger.java.debug:139) - ==>  Preparing: insert into vs_data_sets_catalog(id,priority,parent_id,catalog_name) values(?,?,?,?) 
2019-07-19 13:59:07,635 [DEBUG]  (BaseJdbcLogger.java.debug:139) - ==> Parameters: F4E6BD7B8FFF470B92158003DE0FD8D3(String), 1(Integer), (String), test(String)
2019-07-19 14:00:03,239 [DEBUG]  (BaseJdbcLogger.java.debug:139) - ==>  Preparing: insert into vs_data_sets_catalog(id,priority,parent_id,catalog_name) values(?,?,?,?) 
2019-07-19 14:00:03,240 [DEBUG]  (BaseJdbcLogger.java.debug:139) - ==> Parameters: 8D69B286D6704422AE5EF1CF31100F52(String), 1(Integer), (String), test(String)
2019-07-19 14:01:21,931 [DEBUG]  (BaseJdbcLogger.java.debug:139) - ==>  Preparing: insert into vs_data_sets_catalog(id,priority,parent_id,catalog_name) values(?,?,?,?) 
2019-07-19 14:01:21,932 [DEBUG]  (BaseJdbcLogger.java.debug:139) - ==> Parameters: C28931DFE02E41F7BA7D5F14FBE72B6E(String), 1(Integer), (String), test(String)
2019-07-19 14:01:21,954 [DEBUG]  (BaseJdbcLogger.java.debug:139) - <==    Updates: 1
2019-07-19 14:08:42,877 [DEBUG]  (BaseJdbcLogger.java.debug:139) - ==>  Preparing: select t.id,t.catalog_name,t.parent_id,t.priority from vs_data_sets_catalog t where t.catalog_name = ? and t.id <> ? 
2019-07-19 14:08:42,914 [DEBUG]  (BaseJdbcLogger.java.debug:139) - ==> Parameters: test(String), C28931DFE02E41F7BA7D5F14FBE72B6E(String)
2019-07-19 14:08:42,922 [DEBUG]  (BaseJdbcLogger.java.debug:139) - <==      Total: 0
2019-07-19 14:08:49,112 [DEBUG]  (BaseJdbcLogger.java.debug:139) - ==>  Preparing: select t.id,t.catalog_name,t.parent_id,t.priority from vs_data_sets_catalog t where t.catalog_name = ? and t.id <> ? 
2019-07-19 14:08:49,114 [DEBUG]  (BaseJdbcLogger.java.debug:139) - ==> Parameters: test(String), C28931DFE02E41F7BA7D5F14FBE72B6E1(String)
2019-07-19 14:11:02,093 [DEBUG]  (BaseJdbcLogger.java.debug:139) - ==>  Preparing: update vs_data_sets_catalog t SET t.priority = ?, t.catalog_name = ? where t.id=? 
2019-07-19 14:11:02,093 [DEBUG]  (BaseJdbcLogger.java.debug:139) - ==> Parameters: 2(Integer), test1(String), C28931DFE02E41F7BA7D5F14FBE72B6E(String)
2019-07-19 14:11:02,097 [DEBUG]  (BaseJdbcLogger.java.debug:139) - <==    Updates: 1
2019-07-19 14:14:11,188 [DEBUG]  (BaseJdbcLogger.java.debug:139) - ==>  Preparing: select t.id,t.catalog_name,t.parent_id,t.priority from vs_data_sets_catalog t 
2019-07-19 14:14:11,225 [DEBUG]  (BaseJdbcLogger.java.debug:139) - ==> Parameters: 
2019-07-19 14:16:12,649 [DEBUG]  (BaseJdbcLogger.java.debug:139) - ==>  Preparing: insert into vs_data_sets_catalog(id,priority,parent_id,catalog_name) values(?,?,?,?) 
2019-07-19 14:16:12,690 [DEBUG]  (BaseJdbcLogger.java.debug:139) - ==> Parameters: F707EC952E4C4815BEF963EFB00378C8(String), 1(Integer), (String), test(String)
2019-07-19 14:16:12,702 [DEBUG]  (BaseJdbcLogger.java.debug:139) - <==    Updates: 1
2019-07-19 14:16:27,181 [DEBUG]  (BaseJdbcLogger.java.debug:139) - ==>  Preparing: select t.id,t.catalog_name,t.parent_id,t.priority from vs_data_sets_catalog t 
2019-07-19 14:16:27,182 [DEBUG]  (BaseJdbcLogger.java.debug:139) - ==> Parameters: 
2019-07-19 14:16:27,190 [DEBUG]  (BaseJdbcLogger.java.debug:139) - <==      Total: 2
2019-07-19 15:16:52,222 [DEBUG]  (BaseJdbcLogger.java.debug:139) - ==>  Preparing: insert into vs_data_sets(id,data_sets_name,catalog_id) values(?,?,?) 
2019-07-19 15:16:52,256 [DEBUG]  (BaseJdbcLogger.java.debug:139) - ==> Parameters: test(String), 人口数据(String), C28931DFE02E41F7BA7D5F14FBE72B6E(String)
2019-07-19 15:16:52,289 [DEBUG]  (BaseJdbcLogger.java.debug:139) - <==    Updates: 1
2019-07-19 15:19:50,623 [DEBUG]  (BaseJdbcLogger.java.debug:139) - ==>  Preparing: insert into vs_data_sets(id,data_sets_name,catalog_id) values(?,?,?) 
2019-07-19 15:19:50,623 [DEBUG]  (BaseJdbcLogger.java.debug:139) - ==> Parameters: 0CC71D09C5BC4CCEB9CCE290FCEF80B3(String), 人口数据(String), C28931DFE02E41F7BA7D5F14FBE72B6E(String)
2019-07-19 15:19:50,635 [DEBUG]  (BaseJdbcLogger.java.debug:139) - <==    Updates: 1
2019-07-19 15:20:40,692 [DEBUG]  (BaseJdbcLogger.java.debug:139) - ==>  Preparing: update vs_data_sets t SET t.data_sets_name = ? where t.id=? 
2019-07-19 15:20:40,692 [DEBUG]  (BaseJdbcLogger.java.debug:139) - ==> Parameters: 人口数据(String), 0CC71D09C5BC4CCEB9CCE290FCEF80B3(String)
2019-07-19 15:20:40,703 [DEBUG]  (BaseJdbcLogger.java.debug:139) - <==    Updates: 1
2019-07-19 15:20:56,236 [DEBUG]  (BaseJdbcLogger.java.debug:139) - ==>  Preparing: update vs_data_sets t SET t.data_sets_name = ? where t.id=? 
2019-07-19 15:20:56,237 [DEBUG]  (BaseJdbcLogger.java.debug:139) - ==> Parameters: 人口数据统计(String), 0CC71D09C5BC4CCEB9CCE290FCEF80B3(String)
2019-07-19 15:20:56,247 [DEBUG]  (BaseJdbcLogger.java.debug:139) - <==    Updates: 1
2019-07-19 15:25:46,001 [DEBUG]  (BaseJdbcLogger.java.debug:139) - ==>  Preparing: select t.id,t.data_sets_name,t.catalog_id from vs_data_sets t where t.data_sets_name = ? 
2019-07-19 15:25:46,001 [DEBUG]  (BaseJdbcLogger.java.debug:139) - ==> Parameters: null
2019-07-19 15:25:46,008 [DEBUG]  (BaseJdbcLogger.java.debug:139) - <==      Total: 0
2019-07-19 15:26:23,382 [DEBUG]  (BaseJdbcLogger.java.debug:139) - ==>  Preparing: select t.id,t.data_sets_name,t.catalog_id from vs_data_sets t where t.data_sets_name = ? 
2019-07-19 15:26:23,383 [DEBUG]  (BaseJdbcLogger.java.debug:139) - ==> Parameters: 人口数据统计(String)
2019-07-19 15:26:23,385 [DEBUG]  (BaseJdbcLogger.java.debug:139) - <==      Total: 1
2019-07-19 15:26:36,070 [DEBUG]  (BaseJdbcLogger.java.debug:139) - ==>  Preparing: select t.id,t.data_sets_name,t.catalog_id from vs_data_sets t where t.data_sets_name = ? 
2019-07-19 15:26:36,071 [DEBUG]  (BaseJdbcLogger.java.debug:139) - ==> Parameters: 人口数据统计1(String)
2019-07-19 15:26:36,072 [DEBUG]  (BaseJdbcLogger.java.debug:139) - <==      Total: 0
2019-07-19 15:27:22,333 [DEBUG]  (BaseJdbcLogger.java.debug:139) - ==>  Preparing: select t.id,t.data_sets_name,t.catalog_id from vs_data_sets t where t.data_sets_name = ? and t.id <> ? 
2019-07-19 15:27:22,334 [DEBUG]  (BaseJdbcLogger.java.debug:139) - ==> Parameters: 人口数据统计(String), 0CC71D09C5BC4CCEB9CCE290FCEF80B3(String)
2019-07-19 15:27:22,335 [DEBUG]  (BaseJdbcLogger.java.debug:139) - <==      Total: 0
2019-07-19 15:28:07,372 [DEBUG]  (BaseJdbcLogger.java.debug:139) - ==>  Preparing: select t.id,t.data_sets_name,t.catalog_id from vs_data_sets t where t.data_sets_name = ? and t.id <> ? 
2019-07-19 15:28:07,373 [DEBUG]  (BaseJdbcLogger.java.debug:139) - ==> Parameters: 人口数据统计(String), 0CC71D09C5BC4CCEB9CCE290FCEF80B3(String)
2019-07-19 15:28:07,374 [DEBUG]  (BaseJdbcLogger.java.debug:139) - <==      Total: 0
2019-07-19 15:45:49,241 [DEBUG]  (BaseJdbcLogger.java.debug:139) - ==>  Preparing: insert into vs_data_sets(id,data_sets_name,catalog_id) values(?,?,?) 
2019-07-19 15:45:49,242 [DEBUG]  (BaseJdbcLogger.java.debug:139) - ==> Parameters: F7B0F92A4B5E4238B08C366618967235(String), 人口数据统计(String), C28931DFE02E41F7BA7D5F14FBE72B6E(String)
2019-07-19 15:45:49,253 [DEBUG]  (BaseJdbcLogger.java.debug:139) - <==    Updates: 1
2019-07-19 15:56:19,417 [DEBUG]  (BaseJdbcLogger.java.debug:139) - ==>  Preparing: select t.id,t.data_sets_name,t.catalog_id ,(select count(*) from vs_data d where d.data_name = t.id) data_count from vs_data_sets t WHERE t.catalog_id = ? 
2019-07-19 15:56:19,454 [DEBUG]  (BaseJdbcLogger.java.debug:139) - ==> Parameters: C28931DFE02E41F7BA7D5F14FBE72B6E(String)
2019-07-19 15:56:19,464 [DEBUG]  (BaseJdbcLogger.java.debug:139) - <==      Total: 2
2019-07-19 16:03:15,996 [DEBUG]  (BaseJdbcLogger.java.debug:139) - ==>  Preparing: update vs_data_sets t SET t.catalog_id = ? where t.id=? 
2019-07-19 16:03:15,997 [DEBUG]  (BaseJdbcLogger.java.debug:139) - ==> Parameters: F707EC952E4C4815BEF963EFB00378C8(String), F7B0F92A4B5E4238B08C366618967235(String)
2019-07-19 16:03:16,009 [DEBUG]  (BaseJdbcLogger.java.debug:139) - <==    Updates: 1
2019-07-19 16:03:34,944 [DEBUG]  (BaseJdbcLogger.java.debug:139) - ==>  Preparing: update vs_data_sets t SET t.catalog_id = ? where t.id=? 
2019-07-19 16:03:34,944 [DEBUG]  (BaseJdbcLogger.java.debug:139) - ==> Parameters: F707EC952E4C4815BEF963EFB00378C8(String), F7B0F92A4B5E4238B08C366618967234(String)
2019-07-19 16:03:34,945 [DEBUG]  (BaseJdbcLogger.java.debug:139) - <==    Updates: 0
2019-07-19 16:04:04,661 [DEBUG]  (BaseJdbcLogger.java.debug:139) - ==>  Preparing: update vs_data_sets t SET t.catalog_id = ? where t.id=? 
2019-07-19 16:04:04,662 [DEBUG]  (BaseJdbcLogger.java.debug:139) - ==> Parameters: F707EC952E4C4815BEF963EFB00378C8(String), 0CC71D09C5BC4CCEB9CCE290FCEF80B3(String)
2019-07-19 16:04:04,673 [DEBUG]  (BaseJdbcLogger.java.debug:139) - <==    Updates: 1
2019-07-19 16:09:05,491 [DEBUG]  (BaseJdbcLogger.java.debug:139) - ==>  Preparing: delete from vs_data_sets where id =? 
2019-07-19 16:09:05,491 [DEBUG]  (BaseJdbcLogger.java.debug:139) - ==> Parameters: 0CC71D09C5BC4CCEB9CCE290FCEF80B3(String)
2019-07-19 16:09:05,513 [DEBUG]  (BaseJdbcLogger.java.debug:139) - <==    Updates: 1
2019-07-19 16:09:05,516 [DEBUG]  (BaseJdbcLogger.java.debug:139) - ==>  Preparing: delete from vs_data_sets where id =? 
2019-07-19 16:09:05,516 [DEBUG]  (BaseJdbcLogger.java.debug:139) - ==> Parameters: F7B0F92A4B5E4238B08C366618967235(String)
2019-07-19 16:09:05,520 [DEBUG]  (BaseJdbcLogger.java.debug:139) - <==    Updates: 1
