2019-09-25 14:51:53,866 [DEBUG]  (BaseJdbcLogger.java.debug:139) - ==>  Preparing: select t.id,t.theme_name,t.catalog_id,t.theme_describe,t.scene_type,t.create_date,t.update_date,t.priority,t.data_sets_id,t.cover_img_url,t.cover_real_name,t.cover_name , c.content,c.event,c.components_type,c.theme_id ti_component,c.data_source, c.title,c.static_data,c.common_style,c.component_id,c.extend , l.theme_id ti_layout,l.layout_style,l.page_config , t.theme_id ti_themeImg,t.real_name,t.name,t.img_url from vs_theme t left join vs_layout l on t.id = l.theme_id left join vs_theme_img ti on ti.id = ti.theme_id left join vs_components c on t.id = c.theme_id where t.id=? 
2019-09-25 14:51:53,905 [DEBUG]  (BaseJdbcLogger.java.debug:139) - ==> Parameters: 1712354FF19D4775B57AA241533B76C5(String)
2019-09-25 14:57:16,208 [DEBUG]  (BaseJdbcLogger.java.debug:139) - ==>  Preparing: select t.id,t.theme_name,t.catalog_id,t.theme_describe,t.scene_type,t.create_date,t.update_date,t.priority,t.data_sets_id,t.cover_img_url,t.cover_real_name,t.cover_name , c.content,c.event,c.components_type,c.theme_id ti_component,c.data_source, c.title,c.static_data,c.common_style,c.component_id,c.extend , l.theme_id ti_layout,l.layout_style,l.page_config , ti.theme_id ti_themeImg,ti.real_name,ti.name,ti.img_url from vs_theme t left join vs_layout l on t.id = l.theme_id left join vs_theme_img ti on t.id = ti.theme_id left join vs_components c on t.id = c.theme_id where t.id=? 
2019-09-25 14:57:16,247 [DEBUG]  (BaseJdbcLogger.java.debug:139) - ==> Parameters: 1712354FF19D4775B57AA241533B76C5(String)
2019-09-25 14:57:16,257 [DEBUG]  (BaseJdbcLogger.java.debug:139) - <==      Total: 0
2019-09-25 15:00:07,315 [DEBUG]  (BaseJdbcLogger.java.debug:139) - ==>  Preparing: select t.id,t.theme_name,t.catalog_id,t.theme_describe,t.scene_type,t.create_date,t.update_date,t.priority,t.data_sets_id,t.cover_img_url,t.cover_real_name,t.cover_name , c.content,c.event,c.components_type,c.theme_id ti_component,c.data_source, c.title,c.static_data,c.common_style,c.component_id,c.extend , l.theme_id ti_layout,l.layout_style,l.page_config , ti.theme_id ti_themeImg,ti.real_name,ti.name,ti.img_url from vs_theme t left join vs_layout l on t.id = l.theme_id left join vs_theme_img ti on t.id = ti.theme_id left join vs_components c on t.id = c.theme_id where t.id=? 
2019-09-25 15:00:07,317 [DEBUG]  (BaseJdbcLogger.java.debug:139) - ==> Parameters: 1712354FF19D4775B57AA241533B76C5(String)
2019-09-25 15:00:09,707 [DEBUG]  (BaseJdbcLogger.java.debug:139) - ==>  Preparing: select t.id,t.theme_name,t.catalog_id,t.theme_describe,t.scene_type,t.create_date,t.update_date,t.priority,t.data_sets_id,t.cover_img_url,t.cover_real_name,t.cover_name , c.content,c.event,c.components_type,c.theme_id ti_component,c.data_source, c.title,c.static_data,c.common_style,c.component_id,c.extend , l.theme_id ti_layout,l.layout_style,l.page_config , ti.theme_id ti_themeImg,ti.real_name,ti.name,ti.img_url from vs_theme t left join vs_layout l on t.id = l.theme_id left join vs_theme_img ti on t.id = ti.theme_id left join vs_components c on t.id = c.theme_id where t.id=? 
2019-09-25 15:00:09,708 [DEBUG]  (BaseJdbcLogger.java.debug:139) - ==> Parameters: 1712354FF19D4775B57AA241533B76C5(String)
2019-09-25 15:00:11,467 [DEBUG]  (BaseJdbcLogger.java.debug:139) - ==>  Preparing: select t.id,t.theme_name,t.catalog_id,t.theme_describe,t.scene_type,t.create_date,t.update_date,t.priority,t.data_sets_id,t.cover_img_url,t.cover_real_name,t.cover_name , c.content,c.event,c.components_type,c.theme_id ti_component,c.data_source, c.title,c.static_data,c.common_style,c.component_id,c.extend , l.theme_id ti_layout,l.layout_style,l.page_config , ti.theme_id ti_themeImg,ti.real_name,ti.name,ti.img_url from vs_theme t left join vs_layout l on t.id = l.theme_id left join vs_theme_img ti on t.id = ti.theme_id left join vs_components c on t.id = c.theme_id where t.id=? 
2019-09-25 15:00:11,468 [DEBUG]  (BaseJdbcLogger.java.debug:139) - ==> Parameters: 1712354FF19D4775B57AA241533B76C5(String)
2019-09-25 15:00:25,990 [DEBUG]  (BaseJdbcLogger.java.debug:139) - ==>  Preparing: select t.id,t.theme_name,t.catalog_id,t.theme_describe,t.scene_type,t.create_date,t.update_date,t.priority,t.data_sets_id,t.cover_img_url,t.cover_real_name,t.cover_name , c.content,c.event,c.components_type,c.theme_id ti_component,c.data_source, c.title,c.static_data,c.common_style,c.component_id,c.extend , l.theme_id ti_layout,l.layout_style,l.page_config , ti.theme_id ti_themeImg,ti.real_name,ti.name,ti.img_url from vs_theme t left join vs_layout l on t.id = l.theme_id left join vs_theme_img ti on t.id = ti.theme_id left join vs_components c on t.id = c.theme_id where t.id=? 
2019-09-25 15:00:25,992 [DEBUG]  (BaseJdbcLogger.java.debug:139) - ==> Parameters: 1712354FF19D4775B57AA241533B76C5(String)
2019-09-25 15:01:55,844 [DEBUG]  (BaseJdbcLogger.java.debug:139) - ==>  Preparing: select t.id,t.theme_name,t.catalog_id,t.theme_describe,t.scene_type,t.create_date,t.update_date,t.priority,t.data_sets_id,t.cover_img_url,t.cover_real_name,t.cover_name , c.content,c.event,c.components_type,c.theme_id ti_component,c.data_source, c.title,c.static_data,c.common_style,c.component_id,c.extend , l.theme_id ti_layout,l.layout_style,l.page_config , ti.theme_id ti_themeImg,ti.real_name,ti.name,ti.img_url from vs_theme t left join vs_layout l on t.id = l.theme_id left join vs_theme_img ti on t.id = ti.theme_id left join vs_components c on t.id = c.theme_id where t.id=? 
2019-09-25 15:01:55,883 [DEBUG]  (BaseJdbcLogger.java.debug:139) - ==> Parameters: 1712354FF19D4775B57AA241533B76C5(String)
2019-09-25 15:01:55,898 [DEBUG]  (BaseJdbcLogger.java.debug:139) - <==      Total: 1
2019-09-25 15:03:53,453 [DEBUG]  (BaseJdbcLogger.java.debug:139) - ==>  Preparing: select t.id,t.theme_name,t.catalog_id,t.theme_describe,t.scene_type,t.create_date,t.update_date,t.priority,t.data_sets_id,t.cover_img_url,t.cover_real_name,t.cover_name , c.content,c.event,c.components_type,c.theme_id ti_component,c.data_source, c.title,c.static_data,c.common_style,c.component_id,c.extend , l.theme_id ti_layout,l.layout_style,l.page_config , ti.theme_id ti_themeImg,ti.real_name,ti.name,ti.img_url from vs_theme t left join vs_layout l on t.id = l.theme_id left join vs_theme_img ti on t.id = ti.theme_id left join vs_components c on t.id = c.theme_id where t.id=? 
2019-09-25 15:03:53,454 [DEBUG]  (BaseJdbcLogger.java.debug:139) - ==> Parameters: 6A3AEF4F6A904664BD7772F5BB9E4709(String)
2019-09-25 15:03:53,459 [DEBUG]  (BaseJdbcLogger.java.debug:139) - <==      Total: 0
2019-09-25 15:04:58,935 [DEBUG]  (BaseJdbcLogger.java.debug:139) - ==>  Preparing: select t.id,t.theme_name,t.catalog_id,t.theme_describe,t.scene_type,t.create_date,t.update_date,t.priority,t.data_sets_id,t.cover_img_url,t.cover_real_name,t.cover_name , c.content,c.event,c.components_type,c.theme_id ti_component,c.data_source, c.title,c.static_data,c.common_style,c.component_id,c.extend , l.theme_id ti_layout,l.layout_style,l.page_config , ti.theme_id ti_themeImg,ti.real_name,ti.name,ti.img_url from vs_theme t left join vs_layout l on t.id = l.theme_id left join vs_theme_img ti on t.id = ti.theme_id left join vs_components c on t.id = c.theme_id where t.id=? 
2019-09-25 15:04:58,936 [DEBUG]  (BaseJdbcLogger.java.debug:139) - ==> Parameters: 5CB714DC6CD9492E87A36107BA5C307C(String)
2019-09-25 15:04:58,937 [DEBUG]  (BaseJdbcLogger.java.debug:139) - <==      Total: 0
2019-09-25 15:05:38,724 [DEBUG]  (BaseJdbcLogger.java.debug:139) - ==>  Preparing: select t.id,t.theme_name,t.catalog_id,t.theme_describe,t.scene_type,t.create_date,t.update_date,t.priority,t.data_sets_id,t.cover_img_url,t.cover_real_name,t.cover_name , c.content,c.event,c.components_type,c.theme_id ti_component,c.data_source, c.title,c.static_data,c.common_style,c.component_id,c.extend , l.theme_id ti_layout,l.layout_style,l.page_config , ti.theme_id ti_themeImg,ti.real_name,ti.name,ti.img_url from vs_theme t left join vs_layout l on t.id = l.theme_id left join vs_theme_img ti on t.id = ti.theme_id left join vs_components c on t.id = c.theme_id where t.id=? 
2019-09-25 15:05:38,725 [DEBUG]  (BaseJdbcLogger.java.debug:139) - ==> Parameters: 971A8AC9A06A499B991BEB4CAE953FCF(String)
2019-09-25 15:05:38,728 [DEBUG]  (BaseJdbcLogger.java.debug:139) - <==      Total: 1
2019-09-25 15:44:17,462 [DEBUG]  (BaseJdbcLogger.java.debug:139) - ==>  Preparing: select t.id,t.theme_name,t.catalog_id,t.theme_describe,t.scene_type,t.create_date,t.update_date,t.priority,t.data_sets_id,t.cover_img_url,t.cover_real_name,t.cover_name , c.content,c.event,c.components_type,c.theme_id ti_component,c.data_source, c.title,c.static_data,c.common_style,c.component_id,c.extend , l.theme_id ti_layout,l.layout_style,l.page_config , ti.theme_id ti_themeImg,ti.real_name,ti.name,ti.img_url from vs_theme t left join vs_layout l on t.id = l.theme_id left join vs_theme_img ti on t.id = ti.theme_id left join vs_components c on t.id = c.theme_id where t.id=? 
2019-09-25 15:44:17,500 [DEBUG]  (BaseJdbcLogger.java.debug:139) - ==> Parameters: 971A8AC9A06A499B991BEB4CAE953FCF(String)
2019-09-25 15:44:17,515 [DEBUG]  (BaseJdbcLogger.java.debug:139) - <==      Total: 1
2019-09-25 15:44:17,576 [DEBUG]  (BaseJdbcLogger.java.debug:139) - ==>  Preparing: insert into vs_theme(id,theme_name,catalog_id,theme_describe,scene_type,create_date,update_date,priority,data_sets_id,cover_img_url,cover_real_name,cover_name) values(?,?,?,?,?,?,?,?,,?,?,?) 
2019-09-25 15:44:17,579 [DEBUG]  (BaseJdbcLogger.java.debug:139) - ==> Parameters: 8C842AAC5A2848E7B6D76969D5468A61(String), null, null, null, null, 2019-09-25 15:44:17.576(Timestamp), 2019-09-25 15:44:17.576(Timestamp), null, null, null, null
2019-09-25 15:46:16,755 [DEBUG]  (BaseJdbcLogger.java.debug:139) - ==>  Preparing: select t.id,t.theme_name,t.catalog_id,t.theme_describe,t.scene_type,t.create_date,t.update_date,t.priority,t.data_sets_id,t.cover_img_url,t.cover_real_name,t.cover_name , c.content,c.event,c.components_type,c.theme_id ti_component,c.data_source, c.title,c.static_data,c.common_style,c.component_id,c.extend , l.theme_id ti_layout,l.layout_style,l.page_config , ti.theme_id ti_themeImg,ti.real_name,ti.name,ti.img_url from vs_theme t left join vs_layout l on t.id = l.theme_id left join vs_theme_img ti on t.id = ti.theme_id left join vs_components c on t.id = c.theme_id where t.id=? 
2019-09-25 15:46:16,849 [DEBUG]  (BaseJdbcLogger.java.debug:139) - ==> Parameters: 971A8AC9A06A499B991BEB4CAE953FCF(String)
2019-09-25 15:46:16,874 [DEBUG]  (BaseJdbcLogger.java.debug:139) - <==      Total: 1
2019-09-25 15:46:17,026 [DEBUG]  (BaseJdbcLogger.java.debug:139) - ==>  Preparing: insert into vs_theme(id,theme_name,catalog_id,theme_describe,scene_type,create_date,update_date,priority,data_sets_id,cover_img_url,cover_real_name,cover_name) values(?,?,?,?,?,?,?,?,?,?,?) 
2019-09-25 15:46:17,030 [DEBUG]  (BaseJdbcLogger.java.debug:139) - ==> Parameters: 0C2D6ABE1BAF41898D755C5D34D66082(String), null, null, null, null, 2019-09-25 15:46:17.026(Timestamp), 2019-09-25 15:46:17.026(Timestamp), null, null, null, null
2019-09-25 15:46:22,722 [DEBUG]  (BaseJdbcLogger.java.debug:139) - ==>  Preparing: select t.id,t.theme_name,t.catalog_id,t.theme_describe,t.scene_type,t.create_date,t.update_date,t.priority,t.data_sets_id,t.cover_img_url,t.cover_real_name,t.cover_name , c.content,c.event,c.components_type,c.theme_id ti_component,c.data_source, c.title,c.static_data,c.common_style,c.component_id,c.extend , l.theme_id ti_layout,l.layout_style,l.page_config , ti.theme_id ti_themeImg,ti.real_name,ti.name,ti.img_url from vs_theme t left join vs_layout l on t.id = l.theme_id left join vs_theme_img ti on t.id = ti.theme_id left join vs_components c on t.id = c.theme_id where t.id=? 
2019-09-25 15:46:22,723 [DEBUG]  (BaseJdbcLogger.java.debug:139) - ==> Parameters: 971A8AC9A06A499B991BEB4CAE953FCF(String)
2019-09-25 15:46:22,725 [DEBUG]  (BaseJdbcLogger.java.debug:139) - <==      Total: 1
2019-09-25 15:46:22,732 [DEBUG]  (BaseJdbcLogger.java.debug:139) - ==>  Preparing: insert into vs_theme(id,theme_name,catalog_id,theme_describe,scene_type,create_date,update_date,priority,data_sets_id,cover_img_url,cover_real_name,cover_name) values(?,?,?,?,?,?,?,?,?,?,?) 
2019-09-25 15:46:22,734 [DEBUG]  (BaseJdbcLogger.java.debug:139) - ==> Parameters: 5799CB237F1F4219A34D4DC8AE79DC1A(String), null, null, null, null, 2019-09-25 15:46:22.731(Timestamp), 2019-09-25 15:46:22.731(Timestamp), null, null, null, null
2019-09-25 15:48:15,779 [DEBUG]  (BaseJdbcLogger.java.debug:139) - ==>  Preparing: select t.id,t.theme_name,t.catalog_id,t.theme_describe,t.scene_type,t.create_date,t.update_date,t.priority,t.data_sets_id,t.cover_img_url,t.cover_real_name,t.cover_name , c.content,c.event,c.components_type,c.theme_id ti_component,c.data_source, c.title,c.static_data,c.common_style,c.component_id,c.extend , l.theme_id ti_layout,l.layout_style,l.page_config , ti.theme_id ti_themeImg,ti.real_name,ti.name,ti.img_url from vs_theme t left join vs_layout l on t.id = l.theme_id left join vs_theme_img ti on t.id = ti.theme_id left join vs_components c on t.id = c.theme_id where t.id=? 
2019-09-25 15:48:15,818 [DEBUG]  (BaseJdbcLogger.java.debug:139) - ==> Parameters: 971A8AC9A06A499B991BEB4CAE953FCF(String)
2019-09-25 15:48:15,834 [DEBUG]  (BaseJdbcLogger.java.debug:139) - <==      Total: 1
2019-09-25 15:48:15,890 [DEBUG]  (BaseJdbcLogger.java.debug:139) - ==>  Preparing: insert into vs_theme(id,theme_name,catalog_id,theme_describe,scene_type,create_date,update_date,priority,data_sets_id,cover_img_url,cover_real_name,cover_name) values(?,?,?,?,?,?,?,?,?,?,?,?) 
2019-09-25 15:48:15,893 [DEBUG]  (BaseJdbcLogger.java.debug:139) - ==> Parameters: 5C56F771633641778421CE443C60CE2B(String), null, null, null, null, 2019-09-25 15:48:15.89(Timestamp), 2019-09-25 15:48:15.89(Timestamp), 1(Integer), null, null, null, null
2019-09-25 15:48:15,900 [DEBUG]  (BaseJdbcLogger.java.debug:139) - <==    Updates: 1
2019-09-25 15:51:13,258 [DEBUG]  (BaseJdbcLogger.java.debug:139) - ==>  Preparing: select t.id,t.theme_name,t.catalog_id,t.theme_describe,t.scene_type,t.create_date,t.update_date,t.priority,t.data_sets_id,t.cover_img_url,t.cover_real_name,t.cover_name , c.content,c.event,c.components_type,c.data_source, c.title,c.static_data,c.common_style,c.component_id,c.extend , l.layout_style,l.page_config , ti.real_name,ti.name,ti.img_url from vs_theme t left join vs_layout l on t.id = l.theme_id left join vs_theme_img ti on t.id = ti.theme_id left join vs_components c on t.id = c.theme_id where t.id=? 
2019-09-25 15:51:13,305 [DEBUG]  (BaseJdbcLogger.java.debug:139) - ==> Parameters: 971A8AC9A06A499B991BEB4CAE953FCF(String)
2019-09-25 15:51:13,325 [DEBUG]  (BaseJdbcLogger.java.debug:139) - <==      Total: 1
2019-09-25 15:51:13,412 [DEBUG]  (BaseJdbcLogger.java.debug:139) - ==>  Preparing: insert into vs_theme(id,theme_name,catalog_id,theme_describe,scene_type,create_date,update_date,priority,data_sets_id,cover_img_url,cover_real_name,cover_name) values(?,?,?,?,?,?,?,?,?,?,?,?) 
2019-09-25 15:51:13,416 [DEBUG]  (BaseJdbcLogger.java.debug:139) - ==> Parameters: 1601A68491AD4D8B896D565CC907FD5F(String), null, null, null, null, 2019-09-25 15:51:13.411(Timestamp), 2019-09-25 15:51:13.411(Timestamp), 1(Integer), null, null, null, null
2019-09-25 15:51:13,419 [DEBUG]  (BaseJdbcLogger.java.debug:139) - <==    Updates: 1
2019-09-25 15:52:09,600 [DEBUG]  (BaseJdbcLogger.java.debug:139) - ==>  Preparing: select t.id,t.theme_name,t.catalog_id,t.theme_describe,t.scene_type,t.create_date,t.update_date,t.priority,t.data_sets_id,t.cover_img_url,t.cover_real_name,t.cover_name , c.content,c.event,c.components_type,c.data_source, c.title,c.static_data,c.common_style,c.component_id,c.extend , l.layout_style,l.page_config , ti.real_name,ti.name,ti.img_url from vs_theme t left join vs_layout l on t.id = l.theme_id left join vs_theme_img ti on t.id = ti.theme_id left join vs_components c on t.id = c.theme_id where t.id=? 
2019-09-25 15:52:09,601 [DEBUG]  (BaseJdbcLogger.java.debug:139) - ==> Parameters: 971A8AC9A06A499B991BEB4CAE953FCF(String)
2019-09-25 15:52:09,602 [DEBUG]  (BaseJdbcLogger.java.debug:139) - <==      Total: 1
2019-09-25 15:52:09,607 [DEBUG]  (BaseJdbcLogger.java.debug:139) - ==>  Preparing: insert into vs_theme(id,theme_name,catalog_id,theme_describe,scene_type,create_date,update_date,priority,data_sets_id,cover_img_url,cover_real_name,cover_name) values(?,?,?,?,?,?,?,?,?,?,?,?) 
2019-09-25 15:52:09,608 [DEBUG]  (BaseJdbcLogger.java.debug:139) - ==> Parameters: 6092D8301C334C4294945CCAB81E2B07(String), null, null, null, null, 2019-09-25 15:52:09.606(Timestamp), 2019-09-25 15:52:09.606(Timestamp), 1(Integer), null, null, null, null
2019-09-25 15:52:09,615 [DEBUG]  (BaseJdbcLogger.java.debug:139) - <==    Updates: 1
2019-09-25 15:55:13,405 [DEBUG]  (BaseJdbcLogger.java.debug:139) - ==>  Preparing: select t.id,t.theme_name,t.catalog_id,t.theme_describe,t.scene_type,t.create_date,t.update_date,t.priority,t.data_sets_id,t.cover_img_url,t.cover_real_name,t.cover_name , c.content,c.event,c.components_type,c.data_source, c.title,c.static_data,c.common_style,c.component_id,c.extend , l.layout_style,l.page_config , ti.real_name,ti.name,ti.img_url from vs_theme t left join vs_layout l on t.id = l.theme_id left join vs_theme_img ti on t.id = ti.theme_id left join vs_components c on t.id = c.theme_id where t.id=? 
2019-09-25 15:55:13,406 [DEBUG]  (BaseJdbcLogger.java.debug:139) - ==> Parameters: 971A8AC9A06A499B991BEB4CAE953FCF(String)
2019-09-25 15:55:13,409 [DEBUG]  (BaseJdbcLogger.java.debug:139) - <==      Total: 1
2019-09-25 15:55:41,020 [DEBUG]  (BaseJdbcLogger.java.debug:139) - ==>  Preparing: insert into vs_theme(id,theme_name,catalog_id,theme_describe,scene_type,create_date,update_date,priority,data_sets_id,cover_img_url,cover_real_name,cover_name) values(?,?,?,?,?,?,?,?,?,?,?,?) 
2019-09-25 15:55:41,023 [DEBUG]  (BaseJdbcLogger.java.debug:139) - ==> Parameters: 1F0E5E9A1C64477DA34B4293C8A7728F(String), null, null, null, null, 2019-09-25 15:55:41.02(Timestamp), 2019-09-25 15:55:41.02(Timestamp), 1(Integer), null, null, null, null
2019-09-25 15:55:41,028 [DEBUG]  (BaseJdbcLogger.java.debug:139) - <==    Updates: 1
2019-09-25 15:56:01,022 [DEBUG]  (BaseJdbcLogger.java.debug:139) - ==>  Preparing: insert into vs_theme(id,theme_name,catalog_id,theme_describe,scene_type,create_date,update_date,priority,data_sets_id,cover_img_url,cover_real_name,cover_name) values(?,?,?,?,?,?,?,?,?,?,?,?) 
2019-09-25 15:56:01,023 [DEBUG]  (BaseJdbcLogger.java.debug:139) - ==> Parameters: BA8A648F20EA40C6BB4F3F8B2D913B5B(String), null, null, null, null, 2019-09-25 15:56:01.022(Timestamp), 2019-09-25 15:56:01.022(Timestamp), 1(Integer), null, null, null, null
2019-09-25 15:56:01,041 [DEBUG]  (BaseJdbcLogger.java.debug:139) - <==    Updates: 1
2019-09-25 15:56:21,037 [DEBUG]  (BaseJdbcLogger.java.debug:139) - ==>  Preparing: insert into vs_theme(id,theme_name,catalog_id,theme_describe,scene_type,create_date,update_date,priority,data_sets_id,cover_img_url,cover_real_name,cover_name) values(?,?,?,?,?,?,?,?,?,?,?,?) 
2019-09-25 15:56:21,038 [DEBUG]  (BaseJdbcLogger.java.debug:139) - ==> Parameters: 09BA9B47E3C34D25B714C798E8354364(String), null, null, null, null, 2019-09-25 15:56:21.036(Timestamp), 2019-09-25 15:56:21.036(Timestamp), 1(Integer), null, null, null, null
2019-09-25 15:56:21,056 [DEBUG]  (BaseJdbcLogger.java.debug:139) - <==    Updates: 1
2019-09-25 15:58:54,286 [DEBUG]  (BaseJdbcLogger.java.debug:139) - ==>  Preparing: select t.id,t.theme_name,t.catalog_id,t.theme_describe,t.scene_type,t.create_date,t.update_date,t.priority,t.data_sets_id,t.cover_img_url,t.cover_real_name,t.cover_name , c.content,c.event,c.components_type,c.data_source, c.title,c.static_data,c.common_style,c.component_id,c.extend , l.id,l.layout_style,l.page_config , ti.real_name,ti.name,ti.img_url from vs_theme t left join vs_layout l on t.id = l.theme_id left join vs_theme_img ti on t.id = ti.theme_id left join vs_components c on t.id = c.theme_id where t.id=? 
2019-09-25 15:58:54,321 [DEBUG]  (BaseJdbcLogger.java.debug:139) - ==> Parameters: 971A8AC9A06A499B991BEB4CAE953FCF(String)
2019-09-25 15:58:54,333 [DEBUG]  (BaseJdbcLogger.java.debug:139) - <==      Total: 1
2019-09-25 15:58:54,396 [DEBUG]  (BaseJdbcLogger.java.debug:139) - ==>  Preparing: insert into vs_theme(id,theme_name,catalog_id,theme_describe,scene_type,create_date,update_date,priority,data_sets_id,cover_img_url,cover_real_name,cover_name) values(?,?,?,?,?,?,?,?,?,?,?,?) 
2019-09-25 15:58:54,399 [DEBUG]  (BaseJdbcLogger.java.debug:139) - ==> Parameters: 4AA4E8F6F30B4051AEE0E76468B825A7(String), null, CCCB09FE3BC54AFE98875D9FAC2504D6(String), null, forPhone(String), 2019-09-25 15:58:54.396(Timestamp), 2019-09-25 15:58:54.396(Timestamp), 1(Integer), 713645B3D18346228F64D64F9AD1239E(String), null, null, null
2019-09-25 15:58:54,405 [DEBUG]  (BaseJdbcLogger.java.debug:139) - <==    Updates: 1
2019-09-25 16:00:00,618 [DEBUG]  (BaseJdbcLogger.java.debug:139) - ==>  Preparing: select t.id,t.theme_name,t.catalog_id,t.theme_describe,t.scene_type,t.create_date,t.update_date,t.priority,t.data_sets_id,t.cover_img_url,t.cover_real_name,t.cover_name , c.content,c.event,c.components_type,c.data_source, c.title,c.static_data,c.common_style,c.component_id,c.extend , l.id,l.layout_style,l.page_config , ti.real_name,ti.name,ti.img_url from vs_theme t left join vs_layout l on t.id = l.theme_id left join vs_theme_img ti on t.id = ti.theme_id left join vs_components c on t.id = c.theme_id where t.id=? 
2019-09-25 16:00:00,668 [DEBUG]  (BaseJdbcLogger.java.debug:139) - ==> Parameters: 971A8AC9A06A499B991BEB4CAE953FCF(String)
2019-09-25 16:00:00,689 [DEBUG]  (BaseJdbcLogger.java.debug:139) - <==      Total: 1
2019-09-25 16:00:00,787 [DEBUG]  (BaseJdbcLogger.java.debug:139) - ==>  Preparing: insert into vs_theme(id,theme_name,catalog_id,theme_describe,scene_type,create_date,update_date,priority,data_sets_id,cover_img_url,cover_real_name,cover_name) values(?,?,?,?,?,?,?,?,?,?,?,?) 
2019-09-25 16:00:00,792 [DEBUG]  (BaseJdbcLogger.java.debug:139) - ==> Parameters: 26E7022473F34D7ABCA66542F52815F6(String), null, CCCB09FE3BC54AFE98875D9FAC2504D6(String), null, forPhone(String), 2019-09-25 16:00:00.787(Timestamp), 2019-09-25 16:00:00.787(Timestamp), 1(Integer), 713645B3D18346228F64D64F9AD1239E(String), null, null, null
2019-09-25 16:00:00,795 [DEBUG]  (BaseJdbcLogger.java.debug:139) - <==    Updates: 1
2019-09-25 16:00:01,673 [DEBUG]  (BaseJdbcLogger.java.debug:139) - ==>  Preparing: insert into vs_components(id,content,event,components_type,theme_id,data_source,title,static_data,common_style,component_id,create_date,extend) values(?,?,?,?,?,?,?,?,?,?,?,?) 
2019-09-25 16:00:01,674 [DEBUG]  (BaseJdbcLogger.java.debug:139) - ==> Parameters: 974A5BAD736046439F46DADD4FB964EE(String), {"title":{"show":true,"text":"图标标题","textStyle":{"color":"#ccc","fontStyle":"normal","fontFamily":"Microsoft YaHei","fontWeight":"normal","fontSize":18,"textDecoration":"none"}},"grid":{"left":40,"right":40,"top":20,"bottom":40},"color":["#c23531","#2f4554","#61a0a8","#d48265","#91c7ae","#749f83","#ca8622","#bda29a","#6e7074","#546570","#c4ccd3"],"tooltip":{"show":true,"backgroundColor":"#000","borderColor":"#D67B39","borderWidth":2,"padding":5,"confine":true,"textStyle":{"color":"#fff","fontFamily":"Microsoft YaHei","fontSize":12,"fontWeight":"normal","fontStyle":"normal","textDecoration":"none"}},"textStyle":{"color":"#ccc","fontStyle":"normal","fontFamily":"Microsoft YaHei","fontWeight":"normal","fontSize":18,"textDecoration":"none"},"backgroundColor":"rgba(255,255,255,0)","animation":true,"xAxis":[{"type":"category","axisLine":{"lineStyle":{"color":"#000","width":1,"type":"solid","opacity":1},"show":true},"splitArea":{"show":false,"areaStyle":{"color":"rgb(250,250,250)","opacity":"0.3"}},"splitLine":{"show":false,"lineStyle":{"color":"#000","width":1,"type":"solid","opacity":1}},"axisTick":{"show":false},"axisLabel":{"textStyle":{"color":"#000","fontSize":12,"fontWeight":200},"show":true},"data":["上海","深圳","合肥","成都","安徽","北京","杭州","长沙"]}],"yAxis":[{"type":"value","axisLine":{"lineStyle":{"color":"#000","width":1,"type":"solid","opacity":1},"show":true},"splitArea":{"show":false,"areaStyle":{"color":"rgb(250,250,250)","opacity":"0.3"}},"splitLine":{"show":false,"lineStyle":{"color":"#000","width":1,"type":"solid","opacity":1}},"axisTick":{"show":false},"axisLabel":{"textStyle":{"color":"#000","fontSize":12,"fontWeight":200},"show":true}}],"series":[{"type":"bar","data":[23,13,2,9,5,10,14,24]}]}(String), (String), null, 26E7022473F34D7ABCA66542F52815F6(String), {"config":{"type":"DataSourceStatic","uri":"","interval":""},"mapper":[{"mapper":"x","field":"","state":"success"},{"mapper":"y","field":"","state":"success"}]}(String), {"show":true,"title":"组件标题","height":36,"fontSize":16,"color":"#000000","textAlign":"center","fontWeight":"bold","fontStyle":"italic","textDecoration":"underline","backgroundColor":"#f0f0f0"}(String), "[{\"x\":\"上海\",\"y\":23},{\"x\":\"深圳\",\"y\":13},{\"x\":\"合肥\",\"y\":2},{\"x\":\"成都\",\"y\":9},{\"x\":\"安徽\",\"y\":5},{\"x\":\"北京\",\"y\":10},{\"x\":\"杭州\",\"y\":14},{\"x\":\"长沙\",\"y\":24}]"(String), {"backgroundColor":"rgba(255, 255, 255, 1)","backgroundImage":{"backgroundRepeat":"no-repeat","backgroundImage":"","backgroundPosition":"0 0","backgroundSize":"100% 100%"},"border":{"borderStyle":"solid","borderRadius":0,"borderColor":"#cccccc","borderWidth":1}}(String), 6b77f9907397d76a(String), 2019-09-25 16:00:01.673(Timestamp), test(String)
2019-09-25 16:00:01,678 [DEBUG]  (BaseJdbcLogger.java.debug:139) - <==    Updates: 1
2019-09-25 22:46:03,626 [DEBUG]  (BaseJdbcLogger.java.debug:139) - ==>  Preparing: select t.id,t.user_id,t.catalog_name,t.priority,t.create_date,t.update_date,t.parent_id from vs_catalog t where t.user_id=? order by t.priority desc 
2019-09-25 22:46:03,686 [DEBUG]  (BaseJdbcLogger.java.debug:139) - ==> Parameters: C2E4C69C04544ED0B3737A34DE8C4B70(String)
2019-09-25 22:46:03,711 [DEBUG]  (BaseJdbcLogger.java.debug:139) - <==      Total: 5
2019-09-25 22:46:08,643 [DEBUG]  (BaseJdbcLogger.java.debug:139) - ==>  Preparing: select t.id,t.user_id,t.catalog_name,t.priority,t.create_date,t.update_date,t.parent_id from vs_catalog t where t.user_id=? order by t.priority desc 
2019-09-25 22:46:08,644 [DEBUG]  (BaseJdbcLogger.java.debug:139) - ==> Parameters: C2E4C69C04544ED0B3737A34DE8C4B70(String)
2019-09-25 22:46:08,646 [DEBUG]  (BaseJdbcLogger.java.debug:139) - <==      Total: 5
