2019-08-01 11:40:29,862 [ERROR]  (ConnectionState.java.checkTimeouts:200) - Connection timed out for connection string (127.0.0.1:2181) and timeout (5000) / elapsed (5095)
org.apache.curator.CuratorConnectionLossException: KeeperErrorCode = ConnectionLoss
	at org.apache.curator.ConnectionState.checkTimeouts(ConnectionState.java:197)
	at org.apache.curator.ConnectionState.getZooKeeper(ConnectionState.java:87)
	at org.apache.curator.CuratorZookeeperClient.getZooKeeper(CuratorZookeeperClient.java:115)
	at org.apache.curator.framework.imps.CuratorFrameworkImpl.getZooKeeper(CuratorFrameworkImpl.java:477)
	at org.apache.curator.framework.imps.ExistsBuilderImpl$2.call(ExistsBuilderImpl.java:172)
	at org.apache.curator.framework.imps.ExistsBuilderImpl$2.call(ExistsBuilderImpl.java:161)
	at org.apache.curator.RetryLoop.callWithRetry(RetryLoop.java:107)
	at org.apache.curator.framework.imps.ExistsBuilderImpl.pathInForeground(ExistsBuilderImpl.java:158)
	at org.apache.curator.framework.imps.ExistsBuilderImpl.forPath(ExistsBuilderImpl.java:148)
	at org.apache.curator.framework.imps.ExistsBuilderImpl.forPath(ExistsBuilderImpl.java:36)
	at com.alibaba.dubbo.remoting.zookeeper.curator.CuratorZookeeperClient.checkExists(CuratorZookeeperClient.java:117)
	at com.alibaba.dubbo.remoting.zookeeper.support.AbstractZookeeperClient.create(AbstractZookeeperClient.java:56)
	at com.alibaba.dubbo.remoting.zookeeper.support.AbstractZookeeperClient.create(AbstractZookeeperClient.java:62)
	at com.alibaba.dubbo.registry.zookeeper.ZookeeperRegistry.doRegister(ZookeeperRegistry.java:114)
	at com.alibaba.dubbo.registry.support.FailbackRegistry.register(FailbackRegistry.java:137)
	at com.alibaba.dubbo.registry.integration.RegistryProtocol.register(RegistryProtocol.java:126)
	at com.alibaba.dubbo.registry.integration.RegistryProtocol.export(RegistryProtocol.java:146)
	at com.alibaba.dubbo.rpc.protocol.ProtocolListenerWrapper.export(ProtocolListenerWrapper.java:55)
	at com.alibaba.dubbo.qos.protocol.QosProtocolWrapper.export(QosProtocolWrapper.java:60)
	at com.alibaba.dubbo.rpc.protocol.ProtocolFilterWrapper.export(ProtocolFilterWrapper.java:98)
	at com.alibaba.dubbo.rpc.Protocol$Adaptive.export(Protocol$Adaptive.java)
	at com.alibaba.dubbo.config.ServiceConfig.doExportUrlsFor1Protocol(ServiceConfig.java:513)
	at com.alibaba.dubbo.config.ServiceConfig.doExportUrls(ServiceConfig.java:358)
	at com.alibaba.dubbo.config.ServiceConfig.doExport(ServiceConfig.java:317)
	at com.alibaba.dubbo.config.ServiceConfig.export(ServiceConfig.java:216)
	at com.alibaba.dubbo.config.spring.ServiceBean.export(ServiceBean.java:291)
	at com.alibaba.dubbo.config.spring.ServiceBean.onApplicationEvent(ServiceBean.java:131)
	at com.alibaba.dubbo.config.spring.ServiceBean.onApplicationEvent(ServiceBean.java:53)
	at org.springframework.context.event.SimpleApplicationEventMulticaster.invokeListener(SimpleApplicationEventMulticaster.java:151)
	at org.springframework.context.event.SimpleApplicationEventMulticaster.multicastEvent(SimpleApplicationEventMulticaster.java:128)
	at org.springframework.context.support.AbstractApplicationContext.publishEvent(AbstractApplicationContext.java:331)
	at org.springframework.context.support.AbstractApplicationContext.finishRefresh(AbstractApplicationContext.java:773)
	at org.springframework.context.support.AbstractApplicationContext.refresh(AbstractApplicationContext.java:483)
	at org.springframework.context.support.ClassPathXmlApplicationContext.<init>(ClassPathXmlApplicationContext.java:139)
	at org.springframework.context.support.ClassPathXmlApplicationContext.<init>(ClassPathXmlApplicationContext.java:83)
	at com.tscloud.common.framework.spring.ServiceBeanContext.loadContext(ServiceBeanContext.java:24)
	at com.tscloud.resource.utils.DispatchServlet.init(DispatchServlet.java:30)
	at org.eclipse.jetty.servlet.ServletHolder.initServlet(ServletHolder.java:671)
	at org.eclipse.jetty.servlet.ServletHolder.initialize(ServletHolder.java:428)
	at org.eclipse.jetty.servlet.ServletHandler.lambda$initialize$0(ServletHandler.java:750)
	at java.util.stream.SortedOps$SizedRefSortingSink.end(SortedOps.java:352)
	at java.util.stream.AbstractPipeline.copyInto(AbstractPipeline.java:482)
	at java.util.stream.AbstractPipeline.wrapAndCopyInto(AbstractPipeline.java:471)
	at java.util.stream.StreamSpliterators$WrappingSpliterator.forEachRemaining(StreamSpliterators.java:312)
	at java.util.stream.Streams$ConcatSpliterator.forEachRemaining(Streams.java:743)
	at java.util.stream.Streams$ConcatSpliterator.forEachRemaining(Streams.java:742)
	at java.util.stream.ReferencePipeline$Head.forEach(ReferencePipeline.java:580)
	at org.eclipse.jetty.servlet.ServletHandler.initialize(ServletHandler.java:744)
	at org.eclipse.jetty.servlet.ServletContextHandler.startContext(ServletContextHandler.java:369)
	at org.eclipse.jetty.webapp.WebAppContext.startWebapp(WebAppContext.java:1497)
	at org.eclipse.jetty.webapp.WebAppContext.startContext(WebAppContext.java:1459)
	at org.eclipse.jetty.server.handler.ContextHandler.doStart(ContextHandler.java:852)
	at org.eclipse.jetty.servlet.ServletContextHandler.doStart(ServletContextHandler.java:278)
	at org.eclipse.jetty.webapp.WebAppContext.doStart(WebAppContext.java:545)
	at org.eclipse.jetty.util.component.AbstractLifeCycle.start(AbstractLifeCycle.java:68)
	at org.eclipse.jetty.util.component.ContainerLifeCycle.start(ContainerLifeCycle.java:167)
	at org.eclipse.jetty.server.Server.start(Server.java:418)
	at org.eclipse.jetty.util.component.ContainerLifeCycle.doStart(ContainerLifeCycle.java:110)
	at org.eclipse.jetty.server.handler.AbstractHandler.doStart(AbstractHandler.java:113)
	at org.eclipse.jetty.server.Server.doStart(Server.java:382)
	at org.eclipse.jetty.util.component.AbstractLifeCycle.start(AbstractLifeCycle.java:68)
	at com.tscloud.resource.utils.StartJetty.startJetty(StartJetty.java:48)
	at com.tscloud.resource.main.StartRMServer.main(StartRMServer.java:9)
2019-08-01 11:40:35,870 [ERROR]  (ConnectionState.java.checkTimeouts:200) - Connection timed out for connection string (127.0.0.1:2181) and timeout (5000) / elapsed (11106)
org.apache.curator.CuratorConnectionLossException: KeeperErrorCode = ConnectionLoss
	at org.apache.curator.ConnectionState.checkTimeouts(ConnectionState.java:197)
	at org.apache.curator.ConnectionState.getZooKeeper(ConnectionState.java:87)
	at org.apache.curator.CuratorZookeeperClient.getZooKeeper(CuratorZookeeperClient.java:115)
	at org.apache.curator.framework.imps.CuratorFrameworkImpl.getZooKeeper(CuratorFrameworkImpl.java:477)
	at org.apache.curator.framework.imps.ExistsBuilderImpl$2.call(ExistsBuilderImpl.java:172)
	at org.apache.curator.framework.imps.ExistsBuilderImpl$2.call(ExistsBuilderImpl.java:161)
	at org.apache.curator.RetryLoop.callWithRetry(RetryLoop.java:107)
	at org.apache.curator.framework.imps.ExistsBuilderImpl.pathInForeground(ExistsBuilderImpl.java:158)
	at org.apache.curator.framework.imps.ExistsBuilderImpl.forPath(ExistsBuilderImpl.java:148)
	at org.apache.curator.framework.imps.ExistsBuilderImpl.forPath(ExistsBuilderImpl.java:36)
	at com.alibaba.dubbo.remoting.zookeeper.curator.CuratorZookeeperClient.checkExists(CuratorZookeeperClient.java:117)
	at com.alibaba.dubbo.remoting.zookeeper.support.AbstractZookeeperClient.create(AbstractZookeeperClient.java:56)
	at com.alibaba.dubbo.remoting.zookeeper.support.AbstractZookeeperClient.create(AbstractZookeeperClient.java:62)
	at com.alibaba.dubbo.registry.zookeeper.ZookeeperRegistry.doRegister(ZookeeperRegistry.java:114)
	at com.alibaba.dubbo.registry.support.FailbackRegistry.register(FailbackRegistry.java:137)
	at com.alibaba.dubbo.registry.integration.RegistryProtocol.register(RegistryProtocol.java:126)
	at com.alibaba.dubbo.registry.integration.RegistryProtocol.export(RegistryProtocol.java:146)
	at com.alibaba.dubbo.rpc.protocol.ProtocolListenerWrapper.export(ProtocolListenerWrapper.java:55)
	at com.alibaba.dubbo.qos.protocol.QosProtocolWrapper.export(QosProtocolWrapper.java:60)
	at com.alibaba.dubbo.rpc.protocol.ProtocolFilterWrapper.export(ProtocolFilterWrapper.java:98)
	at com.alibaba.dubbo.rpc.Protocol$Adaptive.export(Protocol$Adaptive.java)
	at com.alibaba.dubbo.config.ServiceConfig.doExportUrlsFor1Protocol(ServiceConfig.java:513)
	at com.alibaba.dubbo.config.ServiceConfig.doExportUrls(ServiceConfig.java:358)
	at com.alibaba.dubbo.config.ServiceConfig.doExport(ServiceConfig.java:317)
	at com.alibaba.dubbo.config.ServiceConfig.export(ServiceConfig.java:216)
	at com.alibaba.dubbo.config.spring.ServiceBean.export(ServiceBean.java:291)
	at com.alibaba.dubbo.config.spring.ServiceBean.onApplicationEvent(ServiceBean.java:131)
	at com.alibaba.dubbo.config.spring.ServiceBean.onApplicationEvent(ServiceBean.java:53)
	at org.springframework.context.event.SimpleApplicationEventMulticaster.invokeListener(SimpleApplicationEventMulticaster.java:151)
	at org.springframework.context.event.SimpleApplicationEventMulticaster.multicastEvent(SimpleApplicationEventMulticaster.java:128)
	at org.springframework.context.support.AbstractApplicationContext.publishEvent(AbstractApplicationContext.java:331)
	at org.springframework.context.support.AbstractApplicationContext.finishRefresh(AbstractApplicationContext.java:773)
	at org.springframework.context.support.AbstractApplicationContext.refresh(AbstractApplicationContext.java:483)
	at org.springframework.context.support.ClassPathXmlApplicationContext.<init>(ClassPathXmlApplicationContext.java:139)
	at org.springframework.context.support.ClassPathXmlApplicationContext.<init>(ClassPathXmlApplicationContext.java:83)
	at com.tscloud.common.framework.spring.ServiceBeanContext.loadContext(ServiceBeanContext.java:24)
	at com.tscloud.resource.utils.DispatchServlet.init(DispatchServlet.java:30)
	at org.eclipse.jetty.servlet.ServletHolder.initServlet(ServletHolder.java:671)
	at org.eclipse.jetty.servlet.ServletHolder.initialize(ServletHolder.java:428)
	at org.eclipse.jetty.servlet.ServletHandler.lambda$initialize$0(ServletHandler.java:750)
	at java.util.stream.SortedOps$SizedRefSortingSink.end(SortedOps.java:352)
	at java.util.stream.AbstractPipeline.copyInto(AbstractPipeline.java:482)
	at java.util.stream.AbstractPipeline.wrapAndCopyInto(AbstractPipeline.java:471)
	at java.util.stream.StreamSpliterators$WrappingSpliterator.forEachRemaining(StreamSpliterators.java:312)
	at java.util.stream.Streams$ConcatSpliterator.forEachRemaining(Streams.java:743)
	at java.util.stream.Streams$ConcatSpliterator.forEachRemaining(Streams.java:742)
	at java.util.stream.ReferencePipeline$Head.forEach(ReferencePipeline.java:580)
	at org.eclipse.jetty.servlet.ServletHandler.initialize(ServletHandler.java:744)
	at org.eclipse.jetty.servlet.ServletContextHandler.startContext(ServletContextHandler.java:369)
	at org.eclipse.jetty.webapp.WebAppContext.startWebapp(WebAppContext.java:1497)
	at org.eclipse.jetty.webapp.WebAppContext.startContext(WebAppContext.java:1459)
	at org.eclipse.jetty.server.handler.ContextHandler.doStart(ContextHandler.java:852)
	at org.eclipse.jetty.servlet.ServletContextHandler.doStart(ServletContextHandler.java:278)
	at org.eclipse.jetty.webapp.WebAppContext.doStart(WebAppContext.java:545)
	at org.eclipse.jetty.util.component.AbstractLifeCycle.start(AbstractLifeCycle.java:68)
	at org.eclipse.jetty.util.component.ContainerLifeCycle.start(ContainerLifeCycle.java:167)
	at org.eclipse.jetty.server.Server.start(Server.java:418)
	at org.eclipse.jetty.util.component.ContainerLifeCycle.doStart(ContainerLifeCycle.java:110)
	at org.eclipse.jetty.server.handler.AbstractHandler.doStart(AbstractHandler.java:113)
	at org.eclipse.jetty.server.Server.doStart(Server.java:382)
	at org.eclipse.jetty.util.component.AbstractLifeCycle.start(AbstractLifeCycle.java:68)
	at com.tscloud.resource.utils.StartJetty.startJetty(StartJetty.java:48)
	at com.tscloud.resource.main.StartRMServer.main(StartRMServer.java:9)
2019-08-01 11:40:40,875 [ERROR]  (ConnectionState.java.checkTimeouts:200) - Connection timed out for connection string (127.0.0.1:2181) and timeout (5000) / elapsed (16111)
org.apache.curator.CuratorConnectionLossException: KeeperErrorCode = ConnectionLoss
	at org.apache.curator.ConnectionState.checkTimeouts(ConnectionState.java:197)
	at org.apache.curator.ConnectionState.getZooKeeper(ConnectionState.java:87)
	at org.apache.curator.CuratorZookeeperClient.getZooKeeper(CuratorZookeeperClient.java:115)
	at org.apache.curator.framework.imps.CuratorFrameworkImpl.getZooKeeper(CuratorFrameworkImpl.java:477)
	at org.apache.curator.framework.imps.ExistsBuilderImpl$2.call(ExistsBuilderImpl.java:172)
	at org.apache.curator.framework.imps.ExistsBuilderImpl$2.call(ExistsBuilderImpl.java:161)
	at org.apache.curator.RetryLoop.callWithRetry(RetryLoop.java:107)
	at org.apache.curator.framework.imps.ExistsBuilderImpl.pathInForeground(ExistsBuilderImpl.java:158)
	at org.apache.curator.framework.imps.ExistsBuilderImpl.forPath(ExistsBuilderImpl.java:148)
	at org.apache.curator.framework.imps.ExistsBuilderImpl.forPath(ExistsBuilderImpl.java:36)
	at com.alibaba.dubbo.remoting.zookeeper.curator.CuratorZookeeperClient.checkExists(CuratorZookeeperClient.java:117)
	at com.alibaba.dubbo.remoting.zookeeper.support.AbstractZookeeperClient.create(AbstractZookeeperClient.java:56)
	at com.alibaba.dubbo.remoting.zookeeper.support.AbstractZookeeperClient.create(AbstractZookeeperClient.java:62)
	at com.alibaba.dubbo.remoting.zookeeper.support.AbstractZookeeperClient.create(AbstractZookeeperClient.java:62)
	at com.alibaba.dubbo.registry.zookeeper.ZookeeperRegistry.doRegister(ZookeeperRegistry.java:114)
	at com.alibaba.dubbo.registry.support.FailbackRegistry.register(FailbackRegistry.java:137)
	at com.alibaba.dubbo.registry.integration.RegistryProtocol.register(RegistryProtocol.java:126)
	at com.alibaba.dubbo.registry.integration.RegistryProtocol.export(RegistryProtocol.java:146)
	at com.alibaba.dubbo.rpc.protocol.ProtocolListenerWrapper.export(ProtocolListenerWrapper.java:55)
	at com.alibaba.dubbo.qos.protocol.QosProtocolWrapper.export(QosProtocolWrapper.java:60)
	at com.alibaba.dubbo.rpc.protocol.ProtocolFilterWrapper.export(ProtocolFilterWrapper.java:98)
	at com.alibaba.dubbo.rpc.Protocol$Adaptive.export(Protocol$Adaptive.java)
	at com.alibaba.dubbo.config.ServiceConfig.doExportUrlsFor1Protocol(ServiceConfig.java:513)
	at com.alibaba.dubbo.config.ServiceConfig.doExportUrls(ServiceConfig.java:358)
	at com.alibaba.dubbo.config.ServiceConfig.doExport(ServiceConfig.java:317)
	at com.alibaba.dubbo.config.ServiceConfig.export(ServiceConfig.java:216)
	at com.alibaba.dubbo.config.spring.ServiceBean.export(ServiceBean.java:291)
	at com.alibaba.dubbo.config.spring.ServiceBean.onApplicationEvent(ServiceBean.java:131)
	at com.alibaba.dubbo.config.spring.ServiceBean.onApplicationEvent(ServiceBean.java:53)
	at org.springframework.context.event.SimpleApplicationEventMulticaster.invokeListener(SimpleApplicationEventMulticaster.java:151)
	at org.springframework.context.event.SimpleApplicationEventMulticaster.multicastEvent(SimpleApplicationEventMulticaster.java:128)
	at org.springframework.context.support.AbstractApplicationContext.publishEvent(AbstractApplicationContext.java:331)
	at org.springframework.context.support.AbstractApplicationContext.finishRefresh(AbstractApplicationContext.java:773)
	at org.springframework.context.support.AbstractApplicationContext.refresh(AbstractApplicationContext.java:483)
	at org.springframework.context.support.ClassPathXmlApplicationContext.<init>(ClassPathXmlApplicationContext.java:139)
	at org.springframework.context.support.ClassPathXmlApplicationContext.<init>(ClassPathXmlApplicationContext.java:83)
	at com.tscloud.common.framework.spring.ServiceBeanContext.loadContext(ServiceBeanContext.java:24)
	at com.tscloud.resource.utils.DispatchServlet.init(DispatchServlet.java:30)
	at org.eclipse.jetty.servlet.ServletHolder.initServlet(ServletHolder.java:671)
	at org.eclipse.jetty.servlet.ServletHolder.initialize(ServletHolder.java:428)
	at org.eclipse.jetty.servlet.ServletHandler.lambda$initialize$0(ServletHandler.java:750)
	at java.util.stream.SortedOps$SizedRefSortingSink.end(SortedOps.java:352)
	at java.util.stream.AbstractPipeline.copyInto(AbstractPipeline.java:482)
	at java.util.stream.AbstractPipeline.wrapAndCopyInto(AbstractPipeline.java:471)
	at java.util.stream.StreamSpliterators$WrappingSpliterator.forEachRemaining(StreamSpliterators.java:312)
	at java.util.stream.Streams$ConcatSpliterator.forEachRemaining(Streams.java:743)
	at java.util.stream.Streams$ConcatSpliterator.forEachRemaining(Streams.java:742)
	at java.util.stream.ReferencePipeline$Head.forEach(ReferencePipeline.java:580)
	at org.eclipse.jetty.servlet.ServletHandler.initialize(ServletHandler.java:744)
	at org.eclipse.jetty.servlet.ServletContextHandler.startContext(ServletContextHandler.java:369)
	at org.eclipse.jetty.webapp.WebAppContext.startWebapp(WebAppContext.java:1497)
	at org.eclipse.jetty.webapp.WebAppContext.startContext(WebAppContext.java:1459)
	at org.eclipse.jetty.server.handler.ContextHandler.doStart(ContextHandler.java:852)
	at org.eclipse.jetty.servlet.ServletContextHandler.doStart(ServletContextHandler.java:278)
	at org.eclipse.jetty.webapp.WebAppContext.doStart(WebAppContext.java:545)
	at org.eclipse.jetty.util.component.AbstractLifeCycle.start(AbstractLifeCycle.java:68)
	at org.eclipse.jetty.util.component.ContainerLifeCycle.start(ContainerLifeCycle.java:167)
	at org.eclipse.jetty.server.Server.start(Server.java:418)
	at org.eclipse.jetty.util.component.ContainerLifeCycle.doStart(ContainerLifeCycle.java:110)
	at org.eclipse.jetty.server.handler.AbstractHandler.doStart(AbstractHandler.java:113)
	at org.eclipse.jetty.server.Server.doStart(Server.java:382)
	at org.eclipse.jetty.util.component.AbstractLifeCycle.start(AbstractLifeCycle.java:68)
	at com.tscloud.resource.utils.StartJetty.startJetty(StartJetty.java:48)
	at com.tscloud.resource.main.StartRMServer.main(StartRMServer.java:9)
2019-08-01 11:40:46,881 [ERROR]  (ConnectionState.java.checkTimeouts:200) - Connection timed out for connection string (127.0.0.1:2181) and timeout (5000) / elapsed (22117)
org.apache.curator.CuratorConnectionLossException: KeeperErrorCode = ConnectionLoss
	at org.apache.curator.ConnectionState.checkTimeouts(ConnectionState.java:197)
	at org.apache.curator.ConnectionState.getZooKeeper(ConnectionState.java:87)
	at org.apache.curator.CuratorZookeeperClient.getZooKeeper(CuratorZookeeperClient.java:115)
	at org.apache.curator.framework.imps.CuratorFrameworkImpl.getZooKeeper(CuratorFrameworkImpl.java:477)
	at org.apache.curator.framework.imps.ExistsBuilderImpl$2.call(ExistsBuilderImpl.java:172)
	at org.apache.curator.framework.imps.ExistsBuilderImpl$2.call(ExistsBuilderImpl.java:161)
	at org.apache.curator.RetryLoop.callWithRetry(RetryLoop.java:107)
	at org.apache.curator.framework.imps.ExistsBuilderImpl.pathInForeground(ExistsBuilderImpl.java:158)
	at org.apache.curator.framework.imps.ExistsBuilderImpl.forPath(ExistsBuilderImpl.java:148)
	at org.apache.curator.framework.imps.ExistsBuilderImpl.forPath(ExistsBuilderImpl.java:36)
	at com.alibaba.dubbo.remoting.zookeeper.curator.CuratorZookeeperClient.checkExists(CuratorZookeeperClient.java:117)
	at com.alibaba.dubbo.remoting.zookeeper.support.AbstractZookeeperClient.create(AbstractZookeeperClient.java:56)
	at com.alibaba.dubbo.remoting.zookeeper.support.AbstractZookeeperClient.create(AbstractZookeeperClient.java:62)
	at com.alibaba.dubbo.remoting.zookeeper.support.AbstractZookeeperClient.create(AbstractZookeeperClient.java:62)
	at com.alibaba.dubbo.registry.zookeeper.ZookeeperRegistry.doRegister(ZookeeperRegistry.java:114)
	at com.alibaba.dubbo.registry.support.FailbackRegistry.register(FailbackRegistry.java:137)
	at com.alibaba.dubbo.registry.integration.RegistryProtocol.register(RegistryProtocol.java:126)
	at com.alibaba.dubbo.registry.integration.RegistryProtocol.export(RegistryProtocol.java:146)
	at com.alibaba.dubbo.rpc.protocol.ProtocolListenerWrapper.export(ProtocolListenerWrapper.java:55)
	at com.alibaba.dubbo.qos.protocol.QosProtocolWrapper.export(QosProtocolWrapper.java:60)
	at com.alibaba.dubbo.rpc.protocol.ProtocolFilterWrapper.export(ProtocolFilterWrapper.java:98)
	at com.alibaba.dubbo.rpc.Protocol$Adaptive.export(Protocol$Adaptive.java)
	at com.alibaba.dubbo.config.ServiceConfig.doExportUrlsFor1Protocol(ServiceConfig.java:513)
	at com.alibaba.dubbo.config.ServiceConfig.doExportUrls(ServiceConfig.java:358)
	at com.alibaba.dubbo.config.ServiceConfig.doExport(ServiceConfig.java:317)
	at com.alibaba.dubbo.config.ServiceConfig.export(ServiceConfig.java:216)
	at com.alibaba.dubbo.config.spring.ServiceBean.export(ServiceBean.java:291)
	at com.alibaba.dubbo.config.spring.ServiceBean.onApplicationEvent(ServiceBean.java:131)
	at com.alibaba.dubbo.config.spring.ServiceBean.onApplicationEvent(ServiceBean.java:53)
	at org.springframework.context.event.SimpleApplicationEventMulticaster.invokeListener(SimpleApplicationEventMulticaster.java:151)
	at org.springframework.context.event.SimpleApplicationEventMulticaster.multicastEvent(SimpleApplicationEventMulticaster.java:128)
	at org.springframework.context.support.AbstractApplicationContext.publishEvent(AbstractApplicationContext.java:331)
	at org.springframework.context.support.AbstractApplicationContext.finishRefresh(AbstractApplicationContext.java:773)
	at org.springframework.context.support.AbstractApplicationContext.refresh(AbstractApplicationContext.java:483)
	at org.springframework.context.support.ClassPathXmlApplicationContext.<init>(ClassPathXmlApplicationContext.java:139)
	at org.springframework.context.support.ClassPathXmlApplicationContext.<init>(ClassPathXmlApplicationContext.java:83)
	at com.tscloud.common.framework.spring.ServiceBeanContext.loadContext(ServiceBeanContext.java:24)
	at com.tscloud.resource.utils.DispatchServlet.init(DispatchServlet.java:30)
	at org.eclipse.jetty.servlet.ServletHolder.initServlet(ServletHolder.java:671)
	at org.eclipse.jetty.servlet.ServletHolder.initialize(ServletHolder.java:428)
	at org.eclipse.jetty.servlet.ServletHandler.lambda$initialize$0(ServletHandler.java:750)
	at java.util.stream.SortedOps$SizedRefSortingSink.end(SortedOps.java:352)
	at java.util.stream.AbstractPipeline.copyInto(AbstractPipeline.java:482)
	at java.util.stream.AbstractPipeline.wrapAndCopyInto(AbstractPipeline.java:471)
	at java.util.stream.StreamSpliterators$WrappingSpliterator.forEachRemaining(StreamSpliterators.java:312)
	at java.util.stream.Streams$ConcatSpliterator.forEachRemaining(Streams.java:743)
	at java.util.stream.Streams$ConcatSpliterator.forEachRemaining(Streams.java:742)
	at java.util.stream.ReferencePipeline$Head.forEach(ReferencePipeline.java:580)
	at org.eclipse.jetty.servlet.ServletHandler.initialize(ServletHandler.java:744)
	at org.eclipse.jetty.servlet.ServletContextHandler.startContext(ServletContextHandler.java:369)
	at org.eclipse.jetty.webapp.WebAppContext.startWebapp(WebAppContext.java:1497)
	at org.eclipse.jetty.webapp.WebAppContext.startContext(WebAppContext.java:1459)
	at org.eclipse.jetty.server.handler.ContextHandler.doStart(ContextHandler.java:852)
	at org.eclipse.jetty.servlet.ServletContextHandler.doStart(ServletContextHandler.java:278)
	at org.eclipse.jetty.webapp.WebAppContext.doStart(WebAppContext.java:545)
	at org.eclipse.jetty.util.component.AbstractLifeCycle.start(AbstractLifeCycle.java:68)
	at org.eclipse.jetty.util.component.ContainerLifeCycle.start(ContainerLifeCycle.java:167)
	at org.eclipse.jetty.server.Server.start(Server.java:418)
	at org.eclipse.jetty.util.component.ContainerLifeCycle.doStart(ContainerLifeCycle.java:110)
	at org.eclipse.jetty.server.handler.AbstractHandler.doStart(AbstractHandler.java:113)
	at org.eclipse.jetty.server.Server.doStart(Server.java:382)
	at org.eclipse.jetty.util.component.AbstractLifeCycle.start(AbstractLifeCycle.java:68)
	at com.tscloud.resource.utils.StartJetty.startJetty(StartJetty.java:48)
	at com.tscloud.resource.main.StartRMServer.main(StartRMServer.java:9)
