2019-07-31 08:53:25,390 [ERROR]  (ConnectionState.java.checkTimeouts:200) - Connection timed out for connection string (127.0.0.1:2181) and timeout (5000) / elapsed (5091)
org.apache.curator.CuratorConnectionLossException: KeeperErrorCode = ConnectionLoss
	at org.apache.curator.ConnectionState.checkTimeouts(ConnectionState.java:197)
	at org.apache.curator.ConnectionState.getZooKeeper(ConnectionState.java:87)
	at org.apache.curator.CuratorZookeeperClient.getZooKeeper(CuratorZookeeperClient.java:115)
	at org.apache.curator.framework.imps.CuratorFrameworkImpl.getZooKeeper(CuratorFrameworkImpl.java:477)
	at org.apache.curator.framework.imps.ExistsBuilderImpl$2.call(ExistsBuilderImpl.java:172)
	at org.apache.curator.framework.imps.ExistsBuilderImpl$2.call(ExistsBuilderImpl.java:161)
	at org.apache.curator.RetryLoop.callWithRetry(RetryLoop.java:107)
	at org.apache.curator.framework.imps.ExistsBuilderImpl.pathInForeground(ExistsBuilderImpl.java:158)
	at org.apache.curator.framework.imps.ExistsBuilderImpl.forPath(ExistsBuilderImpl.java:148)
	at org.apache.curator.framework.imps.ExistsBuilderImpl.forPath(ExistsBuilderImpl.java:36)
	at com.alibaba.dubbo.remoting.zookeeper.curator.CuratorZookeeperClient.checkExists(CuratorZookeeperClient.java:117)
	at com.alibaba.dubbo.remoting.zookeeper.support.AbstractZookeeperClient.create(AbstractZookeeperClient.java:56)
	at com.alibaba.dubbo.remoting.zookeeper.support.AbstractZookeeperClient.create(AbstractZookeeperClient.java:62)
	at com.alibaba.dubbo.registry.zookeeper.ZookeeperRegistry.doRegister(ZookeeperRegistry.java:114)
	at com.alibaba.dubbo.registry.support.FailbackRegistry.register(FailbackRegistry.java:137)
	at com.alibaba.dubbo.registry.integration.RegistryProtocol.register(RegistryProtocol.java:126)
	at com.alibaba.dubbo.registry.integration.RegistryProtocol.export(RegistryProtocol.java:146)
	at com.alibaba.dubbo.qos.protocol.QosProtocolWrapper.export(QosProtocolWrapper.java:60)
	at com.alibaba.dubbo.rpc.protocol.ProtocolFilterWrapper.export(ProtocolFilterWrapper.java:98)
	at com.alibaba.dubbo.rpc.protocol.ProtocolListenerWrapper.export(ProtocolListenerWrapper.java:55)
	at com.alibaba.dubbo.rpc.Protocol$Adaptive.export(Protocol$Adaptive.java)
	at com.alibaba.dubbo.config.ServiceConfig.doExportUrlsFor1Protocol(ServiceConfig.java:513)
	at com.alibaba.dubbo.config.ServiceConfig.doExportUrls(ServiceConfig.java:358)
	at com.alibaba.dubbo.config.ServiceConfig.doExport(ServiceConfig.java:317)
	at com.alibaba.dubbo.config.ServiceConfig.export(ServiceConfig.java:216)
	at com.alibaba.dubbo.config.spring.ServiceBean.export(ServiceBean.java:291)
	at com.alibaba.dubbo.config.spring.ServiceBean.onApplicationEvent(ServiceBean.java:131)
	at com.alibaba.dubbo.config.spring.ServiceBean.onApplicationEvent(ServiceBean.java:53)
	at org.springframework.context.event.SimpleApplicationEventMulticaster.invokeListener(SimpleApplicationEventMulticaster.java:151)
	at org.springframework.context.event.SimpleApplicationEventMulticaster.multicastEvent(SimpleApplicationEventMulticaster.java:128)
	at org.springframework.context.support.AbstractApplicationContext.publishEvent(AbstractApplicationContext.java:331)
	at org.springframework.context.support.AbstractApplicationContext.finishRefresh(AbstractApplicationContext.java:773)
	at org.springframework.context.support.AbstractApplicationContext.refresh(AbstractApplicationContext.java:483)
	at org.springframework.context.support.ClassPathXmlApplicationContext.<init>(ClassPathXmlApplicationContext.java:139)
	at org.springframework.context.support.ClassPathXmlApplicationContext.<init>(ClassPathXmlApplicationContext.java:83)
	at com.tscloud.common.framework.spring.ServiceBeanContext.loadContext(ServiceBeanContext.java:24)
	at com.tscloud.resource.utils.DispatchServlet.init(DispatchServlet.java:30)
	at org.eclipse.jetty.servlet.ServletHolder.initServlet(ServletHolder.java:671)
	at org.eclipse.jetty.servlet.ServletHolder.initialize(ServletHolder.java:428)
	at org.eclipse.jetty.servlet.ServletHandler.lambda$initialize$0(ServletHandler.java:750)
	at java.util.stream.SortedOps$SizedRefSortingSink.end(SortedOps.java:352)
	at java.util.stream.AbstractPipeline.copyInto(AbstractPipeline.java:482)
	at java.util.stream.AbstractPipeline.wrapAndCopyInto(AbstractPipeline.java:471)
	at java.util.stream.StreamSpliterators$WrappingSpliterator.forEachRemaining(StreamSpliterators.java:312)
	at java.util.stream.Streams$ConcatSpliterator.forEachRemaining(Streams.java:743)
	at java.util.stream.Streams$ConcatSpliterator.forEachRemaining(Streams.java:742)
	at java.util.stream.ReferencePipeline$Head.forEach(ReferencePipeline.java:580)
	at org.eclipse.jetty.servlet.ServletHandler.initialize(ServletHandler.java:744)
	at org.eclipse.jetty.servlet.ServletContextHandler.startContext(ServletContextHandler.java:369)
	at org.eclipse.jetty.webapp.WebAppContext.startWebapp(WebAppContext.java:1497)
	at org.eclipse.jetty.webapp.WebAppContext.startContext(WebAppContext.java:1459)
	at org.eclipse.jetty.server.handler.ContextHandler.doStart(ContextHandler.java:852)
	at org.eclipse.jetty.servlet.ServletContextHandler.doStart(ServletContextHandler.java:278)
	at org.eclipse.jetty.webapp.WebAppContext.doStart(WebAppContext.java:545)
	at org.eclipse.jetty.util.component.AbstractLifeCycle.start(AbstractLifeCycle.java:68)
	at org.eclipse.jetty.util.component.ContainerLifeCycle.start(ContainerLifeCycle.java:167)
	at org.eclipse.jetty.server.Server.start(Server.java:418)
	at org.eclipse.jetty.util.component.ContainerLifeCycle.doStart(ContainerLifeCycle.java:110)
	at org.eclipse.jetty.server.handler.AbstractHandler.doStart(AbstractHandler.java:113)
	at org.eclipse.jetty.server.Server.doStart(Server.java:382)
	at org.eclipse.jetty.util.component.AbstractLifeCycle.start(AbstractLifeCycle.java:68)
	at com.tscloud.resource.utils.StartJetty.startJetty(StartJetty.java:48)
	at com.tscloud.resource.main.StartRMServer.main(StartRMServer.java:9)
2019-07-31 08:53:31,397 [ERROR]  (ConnectionState.java.checkTimeouts:200) - Connection timed out for connection string (127.0.0.1:2181) and timeout (5000) / elapsed (11102)
org.apache.curator.CuratorConnectionLossException: KeeperErrorCode = ConnectionLoss
	at org.apache.curator.ConnectionState.checkTimeouts(ConnectionState.java:197)
	at org.apache.curator.ConnectionState.getZooKeeper(ConnectionState.java:87)
	at org.apache.curator.CuratorZookeeperClient.getZooKeeper(CuratorZookeeperClient.java:115)
	at org.apache.curator.framework.imps.CuratorFrameworkImpl.getZooKeeper(CuratorFrameworkImpl.java:477)
	at org.apache.curator.framework.imps.ExistsBuilderImpl$2.call(ExistsBuilderImpl.java:172)
	at org.apache.curator.framework.imps.ExistsBuilderImpl$2.call(ExistsBuilderImpl.java:161)
	at org.apache.curator.RetryLoop.callWithRetry(RetryLoop.java:107)
	at org.apache.curator.framework.imps.ExistsBuilderImpl.pathInForeground(ExistsBuilderImpl.java:158)
	at org.apache.curator.framework.imps.ExistsBuilderImpl.forPath(ExistsBuilderImpl.java:148)
	at org.apache.curator.framework.imps.ExistsBuilderImpl.forPath(ExistsBuilderImpl.java:36)
	at com.alibaba.dubbo.remoting.zookeeper.curator.CuratorZookeeperClient.checkExists(CuratorZookeeperClient.java:117)
	at com.alibaba.dubbo.remoting.zookeeper.support.AbstractZookeeperClient.create(AbstractZookeeperClient.java:56)
	at com.alibaba.dubbo.remoting.zookeeper.support.AbstractZookeeperClient.create(AbstractZookeeperClient.java:62)
	at com.alibaba.dubbo.registry.zookeeper.ZookeeperRegistry.doRegister(ZookeeperRegistry.java:114)
	at com.alibaba.dubbo.registry.support.FailbackRegistry.register(FailbackRegistry.java:137)
	at com.alibaba.dubbo.registry.integration.RegistryProtocol.register(RegistryProtocol.java:126)
	at com.alibaba.dubbo.registry.integration.RegistryProtocol.export(RegistryProtocol.java:146)
	at com.alibaba.dubbo.qos.protocol.QosProtocolWrapper.export(QosProtocolWrapper.java:60)
	at com.alibaba.dubbo.rpc.protocol.ProtocolFilterWrapper.export(ProtocolFilterWrapper.java:98)
	at com.alibaba.dubbo.rpc.protocol.ProtocolListenerWrapper.export(ProtocolListenerWrapper.java:55)
	at com.alibaba.dubbo.rpc.Protocol$Adaptive.export(Protocol$Adaptive.java)
	at com.alibaba.dubbo.config.ServiceConfig.doExportUrlsFor1Protocol(ServiceConfig.java:513)
	at com.alibaba.dubbo.config.ServiceConfig.doExportUrls(ServiceConfig.java:358)
	at com.alibaba.dubbo.config.ServiceConfig.doExport(ServiceConfig.java:317)
	at com.alibaba.dubbo.config.ServiceConfig.export(ServiceConfig.java:216)
	at com.alibaba.dubbo.config.spring.ServiceBean.export(ServiceBean.java:291)
	at com.alibaba.dubbo.config.spring.ServiceBean.onApplicationEvent(ServiceBean.java:131)
	at com.alibaba.dubbo.config.spring.ServiceBean.onApplicationEvent(ServiceBean.java:53)
	at org.springframework.context.event.SimpleApplicationEventMulticaster.invokeListener(SimpleApplicationEventMulticaster.java:151)
	at org.springframework.context.event.SimpleApplicationEventMulticaster.multicastEvent(SimpleApplicationEventMulticaster.java:128)
	at org.springframework.context.support.AbstractApplicationContext.publishEvent(AbstractApplicationContext.java:331)
	at org.springframework.context.support.AbstractApplicationContext.finishRefresh(AbstractApplicationContext.java:773)
	at org.springframework.context.support.AbstractApplicationContext.refresh(AbstractApplicationContext.java:483)
	at org.springframework.context.support.ClassPathXmlApplicationContext.<init>(ClassPathXmlApplicationContext.java:139)
	at org.springframework.context.support.ClassPathXmlApplicationContext.<init>(ClassPathXmlApplicationContext.java:83)
	at com.tscloud.common.framework.spring.ServiceBeanContext.loadContext(ServiceBeanContext.java:24)
	at com.tscloud.resource.utils.DispatchServlet.init(DispatchServlet.java:30)
	at org.eclipse.jetty.servlet.ServletHolder.initServlet(ServletHolder.java:671)
	at org.eclipse.jetty.servlet.ServletHolder.initialize(ServletHolder.java:428)
	at org.eclipse.jetty.servlet.ServletHandler.lambda$initialize$0(ServletHandler.java:750)
	at java.util.stream.SortedOps$SizedRefSortingSink.end(SortedOps.java:352)
	at java.util.stream.AbstractPipeline.copyInto(AbstractPipeline.java:482)
	at java.util.stream.AbstractPipeline.wrapAndCopyInto(AbstractPipeline.java:471)
	at java.util.stream.StreamSpliterators$WrappingSpliterator.forEachRemaining(StreamSpliterators.java:312)
	at java.util.stream.Streams$ConcatSpliterator.forEachRemaining(Streams.java:743)
	at java.util.stream.Streams$ConcatSpliterator.forEachRemaining(Streams.java:742)
	at java.util.stream.ReferencePipeline$Head.forEach(ReferencePipeline.java:580)
	at org.eclipse.jetty.servlet.ServletHandler.initialize(ServletHandler.java:744)
	at org.eclipse.jetty.servlet.ServletContextHandler.startContext(ServletContextHandler.java:369)
	at org.eclipse.jetty.webapp.WebAppContext.startWebapp(WebAppContext.java:1497)
	at org.eclipse.jetty.webapp.WebAppContext.startContext(WebAppContext.java:1459)
	at org.eclipse.jetty.server.handler.ContextHandler.doStart(ContextHandler.java:852)
	at org.eclipse.jetty.servlet.ServletContextHandler.doStart(ServletContextHandler.java:278)
	at org.eclipse.jetty.webapp.WebAppContext.doStart(WebAppContext.java:545)
	at org.eclipse.jetty.util.component.AbstractLifeCycle.start(AbstractLifeCycle.java:68)
	at org.eclipse.jetty.util.component.ContainerLifeCycle.start(ContainerLifeCycle.java:167)
	at org.eclipse.jetty.server.Server.start(Server.java:418)
	at org.eclipse.jetty.util.component.ContainerLifeCycle.doStart(ContainerLifeCycle.java:110)
	at org.eclipse.jetty.server.handler.AbstractHandler.doStart(AbstractHandler.java:113)
	at org.eclipse.jetty.server.Server.doStart(Server.java:382)
	at org.eclipse.jetty.util.component.AbstractLifeCycle.start(AbstractLifeCycle.java:68)
	at com.tscloud.resource.utils.StartJetty.startJetty(StartJetty.java:48)
	at com.tscloud.resource.main.StartRMServer.main(StartRMServer.java:9)
2019-07-31 08:53:36,403 [ERROR]  (ConnectionState.java.checkTimeouts:200) - Connection timed out for connection string (127.0.0.1:2181) and timeout (5000) / elapsed (16108)
org.apache.curator.CuratorConnectionLossException: KeeperErrorCode = ConnectionLoss
	at org.apache.curator.ConnectionState.checkTimeouts(ConnectionState.java:197)
	at org.apache.curator.ConnectionState.getZooKeeper(ConnectionState.java:87)
	at org.apache.curator.CuratorZookeeperClient.getZooKeeper(CuratorZookeeperClient.java:115)
	at org.apache.curator.framework.imps.CuratorFrameworkImpl.getZooKeeper(CuratorFrameworkImpl.java:477)
	at org.apache.curator.framework.imps.ExistsBuilderImpl$2.call(ExistsBuilderImpl.java:172)
	at org.apache.curator.framework.imps.ExistsBuilderImpl$2.call(ExistsBuilderImpl.java:161)
	at org.apache.curator.RetryLoop.callWithRetry(RetryLoop.java:107)
	at org.apache.curator.framework.imps.ExistsBuilderImpl.pathInForeground(ExistsBuilderImpl.java:158)
	at org.apache.curator.framework.imps.ExistsBuilderImpl.forPath(ExistsBuilderImpl.java:148)
	at org.apache.curator.framework.imps.ExistsBuilderImpl.forPath(ExistsBuilderImpl.java:36)
	at com.alibaba.dubbo.remoting.zookeeper.curator.CuratorZookeeperClient.checkExists(CuratorZookeeperClient.java:117)
	at com.alibaba.dubbo.remoting.zookeeper.support.AbstractZookeeperClient.create(AbstractZookeeperClient.java:56)
	at com.alibaba.dubbo.remoting.zookeeper.support.AbstractZookeeperClient.create(AbstractZookeeperClient.java:62)
	at com.alibaba.dubbo.remoting.zookeeper.support.AbstractZookeeperClient.create(AbstractZookeeperClient.java:62)
	at com.alibaba.dubbo.registry.zookeeper.ZookeeperRegistry.doRegister(ZookeeperRegistry.java:114)
	at com.alibaba.dubbo.registry.support.FailbackRegistry.register(FailbackRegistry.java:137)
	at com.alibaba.dubbo.registry.integration.RegistryProtocol.register(RegistryProtocol.java:126)
	at com.alibaba.dubbo.registry.integration.RegistryProtocol.export(RegistryProtocol.java:146)
	at com.alibaba.dubbo.qos.protocol.QosProtocolWrapper.export(QosProtocolWrapper.java:60)
	at com.alibaba.dubbo.rpc.protocol.ProtocolFilterWrapper.export(ProtocolFilterWrapper.java:98)
	at com.alibaba.dubbo.rpc.protocol.ProtocolListenerWrapper.export(ProtocolListenerWrapper.java:55)
	at com.alibaba.dubbo.rpc.Protocol$Adaptive.export(Protocol$Adaptive.java)
	at com.alibaba.dubbo.config.ServiceConfig.doExportUrlsFor1Protocol(ServiceConfig.java:513)
	at com.alibaba.dubbo.config.ServiceConfig.doExportUrls(ServiceConfig.java:358)
	at com.alibaba.dubbo.config.ServiceConfig.doExport(ServiceConfig.java:317)
	at com.alibaba.dubbo.config.ServiceConfig.export(ServiceConfig.java:216)
	at com.alibaba.dubbo.config.spring.ServiceBean.export(ServiceBean.java:291)
	at com.alibaba.dubbo.config.spring.ServiceBean.onApplicationEvent(ServiceBean.java:131)
	at com.alibaba.dubbo.config.spring.ServiceBean.onApplicationEvent(ServiceBean.java:53)
	at org.springframework.context.event.SimpleApplicationEventMulticaster.invokeListener(SimpleApplicationEventMulticaster.java:151)
	at org.springframework.context.event.SimpleApplicationEventMulticaster.multicastEvent(SimpleApplicationEventMulticaster.java:128)
	at org.springframework.context.support.AbstractApplicationContext.publishEvent(AbstractApplicationContext.java:331)
	at org.springframework.context.support.AbstractApplicationContext.finishRefresh(AbstractApplicationContext.java:773)
	at org.springframework.context.support.AbstractApplicationContext.refresh(AbstractApplicationContext.java:483)
	at org.springframework.context.support.ClassPathXmlApplicationContext.<init>(ClassPathXmlApplicationContext.java:139)
	at org.springframework.context.support.ClassPathXmlApplicationContext.<init>(ClassPathXmlApplicationContext.java:83)
	at com.tscloud.common.framework.spring.ServiceBeanContext.loadContext(ServiceBeanContext.java:24)
	at com.tscloud.resource.utils.DispatchServlet.init(DispatchServlet.java:30)
	at org.eclipse.jetty.servlet.ServletHolder.initServlet(ServletHolder.java:671)
	at org.eclipse.jetty.servlet.ServletHolder.initialize(ServletHolder.java:428)
	at org.eclipse.jetty.servlet.ServletHandler.lambda$initialize$0(ServletHandler.java:750)
	at java.util.stream.SortedOps$SizedRefSortingSink.end(SortedOps.java:352)
	at java.util.stream.AbstractPipeline.copyInto(AbstractPipeline.java:482)
	at java.util.stream.AbstractPipeline.wrapAndCopyInto(AbstractPipeline.java:471)
	at java.util.stream.StreamSpliterators$WrappingSpliterator.forEachRemaining(StreamSpliterators.java:312)
	at java.util.stream.Streams$ConcatSpliterator.forEachRemaining(Streams.java:743)
	at java.util.stream.Streams$ConcatSpliterator.forEachRemaining(Streams.java:742)
	at java.util.stream.ReferencePipeline$Head.forEach(ReferencePipeline.java:580)
	at org.eclipse.jetty.servlet.ServletHandler.initialize(ServletHandler.java:744)
	at org.eclipse.jetty.servlet.ServletContextHandler.startContext(ServletContextHandler.java:369)
	at org.eclipse.jetty.webapp.WebAppContext.startWebapp(WebAppContext.java:1497)
	at org.eclipse.jetty.webapp.WebAppContext.startContext(WebAppContext.java:1459)
	at org.eclipse.jetty.server.handler.ContextHandler.doStart(ContextHandler.java:852)
	at org.eclipse.jetty.servlet.ServletContextHandler.doStart(ServletContextHandler.java:278)
	at org.eclipse.jetty.webapp.WebAppContext.doStart(WebAppContext.java:545)
	at org.eclipse.jetty.util.component.AbstractLifeCycle.start(AbstractLifeCycle.java:68)
	at org.eclipse.jetty.util.component.ContainerLifeCycle.start(ContainerLifeCycle.java:167)
	at org.eclipse.jetty.server.Server.start(Server.java:418)
	at org.eclipse.jetty.util.component.ContainerLifeCycle.doStart(ContainerLifeCycle.java:110)
	at org.eclipse.jetty.server.handler.AbstractHandler.doStart(AbstractHandler.java:113)
	at org.eclipse.jetty.server.Server.doStart(Server.java:382)
	at org.eclipse.jetty.util.component.AbstractLifeCycle.start(AbstractLifeCycle.java:68)
	at com.tscloud.resource.utils.StartJetty.startJetty(StartJetty.java:48)
	at com.tscloud.resource.main.StartRMServer.main(StartRMServer.java:9)
2019-07-31 08:53:42,410 [ERROR]  (ConnectionState.java.checkTimeouts:200) - Connection timed out for connection string (127.0.0.1:2181) and timeout (5000) / elapsed (22115)
org.apache.curator.CuratorConnectionLossException: KeeperErrorCode = ConnectionLoss
	at org.apache.curator.ConnectionState.checkTimeouts(ConnectionState.java:197)
	at org.apache.curator.ConnectionState.getZooKeeper(ConnectionState.java:87)
	at org.apache.curator.CuratorZookeeperClient.getZooKeeper(CuratorZookeeperClient.java:115)
	at org.apache.curator.framework.imps.CuratorFrameworkImpl.getZooKeeper(CuratorFrameworkImpl.java:477)
	at org.apache.curator.framework.imps.ExistsBuilderImpl$2.call(ExistsBuilderImpl.java:172)
	at org.apache.curator.framework.imps.ExistsBuilderImpl$2.call(ExistsBuilderImpl.java:161)
	at org.apache.curator.RetryLoop.callWithRetry(RetryLoop.java:107)
	at org.apache.curator.framework.imps.ExistsBuilderImpl.pathInForeground(ExistsBuilderImpl.java:158)
	at org.apache.curator.framework.imps.ExistsBuilderImpl.forPath(ExistsBuilderImpl.java:148)
	at org.apache.curator.framework.imps.ExistsBuilderImpl.forPath(ExistsBuilderImpl.java:36)
	at com.alibaba.dubbo.remoting.zookeeper.curator.CuratorZookeeperClient.checkExists(CuratorZookeeperClient.java:117)
	at com.alibaba.dubbo.remoting.zookeeper.support.AbstractZookeeperClient.create(AbstractZookeeperClient.java:56)
	at com.alibaba.dubbo.remoting.zookeeper.support.AbstractZookeeperClient.create(AbstractZookeeperClient.java:62)
	at com.alibaba.dubbo.remoting.zookeeper.support.AbstractZookeeperClient.create(AbstractZookeeperClient.java:62)
	at com.alibaba.dubbo.registry.zookeeper.ZookeeperRegistry.doRegister(ZookeeperRegistry.java:114)
	at com.alibaba.dubbo.registry.support.FailbackRegistry.register(FailbackRegistry.java:137)
	at com.alibaba.dubbo.registry.integration.RegistryProtocol.register(RegistryProtocol.java:126)
	at com.alibaba.dubbo.registry.integration.RegistryProtocol.export(RegistryProtocol.java:146)
	at com.alibaba.dubbo.qos.protocol.QosProtocolWrapper.export(QosProtocolWrapper.java:60)
	at com.alibaba.dubbo.rpc.protocol.ProtocolFilterWrapper.export(ProtocolFilterWrapper.java:98)
	at com.alibaba.dubbo.rpc.protocol.ProtocolListenerWrapper.export(ProtocolListenerWrapper.java:55)
	at com.alibaba.dubbo.rpc.Protocol$Adaptive.export(Protocol$Adaptive.java)
	at com.alibaba.dubbo.config.ServiceConfig.doExportUrlsFor1Protocol(ServiceConfig.java:513)
	at com.alibaba.dubbo.config.ServiceConfig.doExportUrls(ServiceConfig.java:358)
	at com.alibaba.dubbo.config.ServiceConfig.doExport(ServiceConfig.java:317)
	at com.alibaba.dubbo.config.ServiceConfig.export(ServiceConfig.java:216)
	at com.alibaba.dubbo.config.spring.ServiceBean.export(ServiceBean.java:291)
	at com.alibaba.dubbo.config.spring.ServiceBean.onApplicationEvent(ServiceBean.java:131)
	at com.alibaba.dubbo.config.spring.ServiceBean.onApplicationEvent(ServiceBean.java:53)
	at org.springframework.context.event.SimpleApplicationEventMulticaster.invokeListener(SimpleApplicationEventMulticaster.java:151)
	at org.springframework.context.event.SimpleApplicationEventMulticaster.multicastEvent(SimpleApplicationEventMulticaster.java:128)
	at org.springframework.context.support.AbstractApplicationContext.publishEvent(AbstractApplicationContext.java:331)
	at org.springframework.context.support.AbstractApplicationContext.finishRefresh(AbstractApplicationContext.java:773)
	at org.springframework.context.support.AbstractApplicationContext.refresh(AbstractApplicationContext.java:483)
	at org.springframework.context.support.ClassPathXmlApplicationContext.<init>(ClassPathXmlApplicationContext.java:139)
	at org.springframework.context.support.ClassPathXmlApplicationContext.<init>(ClassPathXmlApplicationContext.java:83)
	at com.tscloud.common.framework.spring.ServiceBeanContext.loadContext(ServiceBeanContext.java:24)
	at com.tscloud.resource.utils.DispatchServlet.init(DispatchServlet.java:30)
	at org.eclipse.jetty.servlet.ServletHolder.initServlet(ServletHolder.java:671)
	at org.eclipse.jetty.servlet.ServletHolder.initialize(ServletHolder.java:428)
	at org.eclipse.jetty.servlet.ServletHandler.lambda$initialize$0(ServletHandler.java:750)
	at java.util.stream.SortedOps$SizedRefSortingSink.end(SortedOps.java:352)
	at java.util.stream.AbstractPipeline.copyInto(AbstractPipeline.java:482)
	at java.util.stream.AbstractPipeline.wrapAndCopyInto(AbstractPipeline.java:471)
	at java.util.stream.StreamSpliterators$WrappingSpliterator.forEachRemaining(StreamSpliterators.java:312)
	at java.util.stream.Streams$ConcatSpliterator.forEachRemaining(Streams.java:743)
	at java.util.stream.Streams$ConcatSpliterator.forEachRemaining(Streams.java:742)
	at java.util.stream.ReferencePipeline$Head.forEach(ReferencePipeline.java:580)
	at org.eclipse.jetty.servlet.ServletHandler.initialize(ServletHandler.java:744)
	at org.eclipse.jetty.servlet.ServletContextHandler.startContext(ServletContextHandler.java:369)
	at org.eclipse.jetty.webapp.WebAppContext.startWebapp(WebAppContext.java:1497)
	at org.eclipse.jetty.webapp.WebAppContext.startContext(WebAppContext.java:1459)
	at org.eclipse.jetty.server.handler.ContextHandler.doStart(ContextHandler.java:852)
	at org.eclipse.jetty.servlet.ServletContextHandler.doStart(ServletContextHandler.java:278)
	at org.eclipse.jetty.webapp.WebAppContext.doStart(WebAppContext.java:545)
	at org.eclipse.jetty.util.component.AbstractLifeCycle.start(AbstractLifeCycle.java:68)
	at org.eclipse.jetty.util.component.ContainerLifeCycle.start(ContainerLifeCycle.java:167)
	at org.eclipse.jetty.server.Server.start(Server.java:418)
	at org.eclipse.jetty.util.component.ContainerLifeCycle.doStart(ContainerLifeCycle.java:110)
	at org.eclipse.jetty.server.handler.AbstractHandler.doStart(AbstractHandler.java:113)
	at org.eclipse.jetty.server.Server.doStart(Server.java:382)
	at org.eclipse.jetty.util.component.AbstractLifeCycle.start(AbstractLifeCycle.java:68)
	at com.tscloud.resource.utils.StartJetty.startJetty(StartJetty.java:48)
	at com.tscloud.resource.main.StartRMServer.main(StartRMServer.java:9)
2019-07-31 10:40:47,502 [ERROR]  (DubboBaseInterfaceImpl.java.save:40) - DubboBaseInterfaceImpl save 
com.tscloud.common.framework.Exception.ServiceException: Could not find result map com.tscloud.resource.mapper.ThemeImgMapper.themeResultMap
	at com.tscloud.common.framework.service.impl.BaseInterfaceServiceImpl.save(BaseInterfaceServiceImpl.java:56)
	at com.tscloud.common.framework.service.impl.BaseInterfaceServiceImpl$$FastClassBySpringCGLIB$$cf74a494.invoke(<generated>)
	at org.springframework.cglib.proxy.MethodProxy.invoke(MethodProxy.java:204)
	at org.springframework.aop.framework.CglibAopProxy$CglibMethodInvocation.invokeJoinpoint(CglibAopProxy.java:717)
	at org.springframework.aop.framework.ReflectiveMethodInvocation.proceed(ReflectiveMethodInvocation.java:157)
	at org.springframework.aop.interceptor.ExposeInvocationInterceptor.invoke(ExposeInvocationInterceptor.java:92)
	at org.springframework.aop.framework.ReflectiveMethodInvocation.proceed(ReflectiveMethodInvocation.java:179)
	at org.springframework.aop.framework.CglibAopProxy$DynamicAdvisedInterceptor.intercept(CglibAopProxy.java:653)
	at com.tscloud.resource.service.impl.ThemeImgServiceImpl$$EnhancerBySpringCGLIB$$f78e0c83.save(<generated>)
	at com.tscloud.common.framework.dubbo.impl.DubboBaseInterfaceImpl.save(DubboBaseInterfaceImpl.java:38)
	at com.alibaba.dubbo.common.bytecode.Wrapper17.invokeMethod(Wrapper17.java)
	at com.alibaba.dubbo.rpc.proxy.javassist.JavassistProxyFactory$1.doInvoke(JavassistProxyFactory.java:47)
	at com.alibaba.dubbo.rpc.proxy.AbstractProxyInvoker.invoke(AbstractProxyInvoker.java:76)
	at com.alibaba.dubbo.config.invoker.DelegateProviderMetaDataInvoker.invoke(DelegateProviderMetaDataInvoker.java:52)
	at com.alibaba.dubbo.rpc.protocol.InvokerWrapper.invoke(InvokerWrapper.java:56)
	at com.alibaba.dubbo.rpc.filter.ExceptionFilter.invoke(ExceptionFilter.java:62)
	at com.alibaba.dubbo.rpc.protocol.ProtocolFilterWrapper$1.invoke(ProtocolFilterWrapper.java:72)
	at com.alibaba.dubbo.monitor.support.MonitorFilter.invoke(MonitorFilter.java:75)
	at com.alibaba.dubbo.rpc.protocol.ProtocolFilterWrapper$1.invoke(ProtocolFilterWrapper.java:72)
	at com.alibaba.dubbo.rpc.filter.TimeoutFilter.invoke(TimeoutFilter.java:42)
	at com.alibaba.dubbo.rpc.protocol.ProtocolFilterWrapper$1.invoke(ProtocolFilterWrapper.java:72)
	at com.alibaba.dubbo.rpc.protocol.dubbo.filter.TraceFilter.invoke(TraceFilter.java:78)
	at com.alibaba.dubbo.rpc.protocol.ProtocolFilterWrapper$1.invoke(ProtocolFilterWrapper.java:72)
	at com.alibaba.dubbo.rpc.filter.ContextFilter.invoke(ContextFilter.java:73)
	at com.alibaba.dubbo.rpc.protocol.ProtocolFilterWrapper$1.invoke(ProtocolFilterWrapper.java:72)
	at com.alibaba.dubbo.rpc.filter.GenericFilter.invoke(GenericFilter.java:138)
	at com.alibaba.dubbo.rpc.protocol.ProtocolFilterWrapper$1.invoke(ProtocolFilterWrapper.java:72)
	at com.alibaba.dubbo.rpc.filter.ClassLoaderFilter.invoke(ClassLoaderFilter.java:38)
	at com.alibaba.dubbo.rpc.protocol.ProtocolFilterWrapper$1.invoke(ProtocolFilterWrapper.java:72)
	at com.alibaba.dubbo.rpc.filter.EchoFilter.invoke(EchoFilter.java:38)
	at com.alibaba.dubbo.rpc.protocol.ProtocolFilterWrapper$1.invoke(ProtocolFilterWrapper.java:72)
	at com.alibaba.dubbo.rpc.protocol.dubbo.DubboProtocol$1.reply(DubboProtocol.java:104)
	at com.alibaba.dubbo.remoting.exchange.support.header.HeaderExchangeHandler.handleRequest(HeaderExchangeHandler.java:96)
	at com.alibaba.dubbo.remoting.exchange.support.header.HeaderExchangeHandler.received(HeaderExchangeHandler.java:173)
	at com.alibaba.dubbo.remoting.transport.DecodeHandler.received(DecodeHandler.java:51)
	at com.alibaba.dubbo.remoting.transport.dispatcher.ChannelEventRunnable.run(ChannelEventRunnable.java:57)
	at java.util.concurrent.ThreadPoolExecutor.runWorker(ThreadPoolExecutor.java:1142)
	at java.util.concurrent.ThreadPoolExecutor$Worker.run(ThreadPoolExecutor.java:617)
	at java.lang.Thread.run(Thread.java:745)
Caused by: org.apache.ibatis.builder.IncompleteElementException: Could not find result map com.tscloud.resource.mapper.ThemeImgMapper.themeResultMap
	at org.apache.ibatis.builder.MapperBuilderAssistant.setStatementResultMap(MapperBuilderAssistant.java:346)
	at org.apache.ibatis.builder.MapperBuilderAssistant.addMappedStatement(MapperBuilderAssistant.java:284)
	at org.apache.ibatis.builder.xml.XMLStatementBuilder.parseStatementNode(XMLStatementBuilder.java:107)
	at org.apache.ibatis.session.Configuration.buildAllStatements(Configuration.java:698)
	at org.apache.ibatis.session.Configuration.hasStatement(Configuration.java:668)
	at org.apache.ibatis.session.Configuration.hasStatement(Configuration.java:663)
	at org.apache.ibatis.binding.MapperMethod$SqlCommand.<init>(MapperMethod.java:180)
	at org.apache.ibatis.binding.MapperMethod.<init>(MapperMethod.java:43)
	at org.apache.ibatis.binding.MapperProxy.cachedMapperMethod(MapperProxy.java:58)
	at org.apache.ibatis.binding.MapperProxy.invoke(MapperProxy.java:51)
	at com.sun.proxy.$Proxy28.save(Unknown Source)
	at com.tscloud.common.framework.service.impl.BaseInterfaceServiceImpl.save(BaseInterfaceServiceImpl.java:54)
	... 38 more
Caused by: java.lang.IllegalArgumentException: Result Maps collection does not contain value for com.tscloud.resource.mapper.ThemeImgMapper.themeResultMap
	at org.apache.ibatis.session.Configuration$StrictMap.get(Configuration.java:797)
	at org.apache.ibatis.session.Configuration.getResultMap(Configuration.java:550)
	at org.apache.ibatis.builder.MapperBuilderAssistant.setStatementResultMap(MapperBuilderAssistant.java:344)
	... 49 more
2019-07-31 10:42:13,997 [ERROR]  (DispatchServlet.java.init:36) - 启动初始化applicationContext.xml失败
org.springframework.beans.factory.BeanCreationException: Error creating bean with name 'sessionFactory' defined in class path resource [configs/applicationContext.xml]: Invocation of init method failed; nested exception is org.springframework.core.NestedIOException: Failed to parse mapping resource: 'file [D:\kaifa\VisualShow\VisualShow-Server\target\classes\configs\mappers\mysql\themeImg_mapper.xml]'; nested exception is org.apache.ibatis.builder.BuilderException: Error creating document instance.  Cause: org.xml.sax.SAXParseException; lineNumber: 1; columnNumber: 1; 前言中不允许有内容。
	at org.springframework.beans.factory.support.AbstractAutowireCapableBeanFactory.initializeBean(AbstractAutowireCapableBeanFactory.java:1566)
	at org.springframework.beans.factory.support.AbstractAutowireCapableBeanFactory.doCreateBean(AbstractAutowireCapableBeanFactory.java:539)
	at org.springframework.beans.factory.support.AbstractAutowireCapableBeanFactory.createBean(AbstractAutowireCapableBeanFactory.java:476)
	at org.springframework.beans.factory.support.AbstractBeanFactory$1.getObject(AbstractBeanFactory.java:303)
	at org.springframework.beans.factory.support.DefaultSingletonBeanRegistry.getSingleton(DefaultSingletonBeanRegistry.java:230)
	at org.springframework.beans.factory.support.AbstractBeanFactory.doGetBean(AbstractBeanFactory.java:299)
	at org.springframework.beans.factory.support.AbstractBeanFactory.getBean(AbstractBeanFactory.java:194)
	at org.springframework.beans.factory.support.DefaultListableBeanFactory.preInstantiateSingletons(DefaultListableBeanFactory.java:743)
	at org.springframework.context.support.AbstractApplicationContext.finishBeanFactoryInitialization(AbstractApplicationContext.java:757)
	at org.springframework.context.support.AbstractApplicationContext.refresh(AbstractApplicationContext.java:480)
	at org.springframework.context.support.ClassPathXmlApplicationContext.<init>(ClassPathXmlApplicationContext.java:139)
	at org.springframework.context.support.ClassPathXmlApplicationContext.<init>(ClassPathXmlApplicationContext.java:83)
	at com.tscloud.common.framework.spring.ServiceBeanContext.loadContext(ServiceBeanContext.java:24)
	at com.tscloud.resource.utils.DispatchServlet.init(DispatchServlet.java:30)
	at org.eclipse.jetty.servlet.ServletHolder.initServlet(ServletHolder.java:671)
	at org.eclipse.jetty.servlet.ServletHolder.initialize(ServletHolder.java:428)
	at org.eclipse.jetty.servlet.ServletHandler.lambda$initialize$0(ServletHandler.java:750)
	at java.util.stream.SortedOps$SizedRefSortingSink.end(SortedOps.java:352)
	at java.util.stream.AbstractPipeline.copyInto(AbstractPipeline.java:482)
	at java.util.stream.AbstractPipeline.wrapAndCopyInto(AbstractPipeline.java:471)
	at java.util.stream.StreamSpliterators$WrappingSpliterator.forEachRemaining(StreamSpliterators.java:312)
	at java.util.stream.Streams$ConcatSpliterator.forEachRemaining(Streams.java:743)
	at java.util.stream.Streams$ConcatSpliterator.forEachRemaining(Streams.java:742)
	at java.util.stream.ReferencePipeline$Head.forEach(ReferencePipeline.java:580)
	at org.eclipse.jetty.servlet.ServletHandler.initialize(ServletHandler.java:744)
	at org.eclipse.jetty.servlet.ServletContextHandler.startContext(ServletContextHandler.java:369)
	at org.eclipse.jetty.webapp.WebAppContext.startWebapp(WebAppContext.java:1497)
	at org.eclipse.jetty.webapp.WebAppContext.startContext(WebAppContext.java:1459)
	at org.eclipse.jetty.server.handler.ContextHandler.doStart(ContextHandler.java:852)
	at org.eclipse.jetty.servlet.ServletContextHandler.doStart(ServletContextHandler.java:278)
	at org.eclipse.jetty.webapp.WebAppContext.doStart(WebAppContext.java:545)
	at org.eclipse.jetty.util.component.AbstractLifeCycle.start(AbstractLifeCycle.java:68)
	at org.eclipse.jetty.util.component.ContainerLifeCycle.start(ContainerLifeCycle.java:167)
	at org.eclipse.jetty.server.Server.start(Server.java:418)
	at org.eclipse.jetty.util.component.ContainerLifeCycle.doStart(ContainerLifeCycle.java:110)
	at org.eclipse.jetty.server.handler.AbstractHandler.doStart(AbstractHandler.java:113)
	at org.eclipse.jetty.server.Server.doStart(Server.java:382)
	at org.eclipse.jetty.util.component.AbstractLifeCycle.start(AbstractLifeCycle.java:68)
	at com.tscloud.resource.utils.StartJetty.startJetty(StartJetty.java:48)
	at com.tscloud.resource.main.StartRMServer.main(StartRMServer.java:9)
Caused by: org.springframework.core.NestedIOException: Failed to parse mapping resource: 'file [D:\kaifa\VisualShow\VisualShow-Server\target\classes\configs\mappers\mysql\themeImg_mapper.xml]'; nested exception is org.apache.ibatis.builder.BuilderException: Error creating document instance.  Cause: org.xml.sax.SAXParseException; lineNumber: 1; columnNumber: 1; 前言中不允许有内容。
	at org.mybatis.spring.SqlSessionFactoryBean.buildSqlSessionFactory(SqlSessionFactoryBean.java:466)
	at org.mybatis.spring.SqlSessionFactoryBean.afterPropertiesSet(SqlSessionFactoryBean.java:340)
	at org.springframework.beans.factory.support.AbstractAutowireCapableBeanFactory.invokeInitMethods(AbstractAutowireCapableBeanFactory.java:1625)
	at org.springframework.beans.factory.support.AbstractAutowireCapableBeanFactory.initializeBean(AbstractAutowireCapableBeanFactory.java:1562)
	... 39 more
Caused by: org.apache.ibatis.builder.BuilderException: Error creating document instance.  Cause: org.xml.sax.SAXParseException; lineNumber: 1; columnNumber: 1; 前言中不允许有内容。
	at org.apache.ibatis.parsing.XPathParser.createDocument(XPathParser.java:256)
	at org.apache.ibatis.parsing.XPathParser.<init>(XPathParser.java:125)
	at org.apache.ibatis.builder.xml.XMLMapperBuilder.<init>(XMLMapperBuilder.java:78)
	at org.mybatis.spring.SqlSessionFactoryBean.buildSqlSessionFactory(SqlSessionFactoryBean.java:462)
	... 42 more
Caused by: org.xml.sax.SAXParseException; lineNumber: 1; columnNumber: 1; 前言中不允许有内容。
	at com.sun.org.apache.xerces.internal.util.ErrorHandlerWrapper.createSAXParseException(ErrorHandlerWrapper.java:203)
	at com.sun.org.apache.xerces.internal.util.ErrorHandlerWrapper.fatalError(ErrorHandlerWrapper.java:177)
	at com.sun.org.apache.xerces.internal.impl.XMLErrorReporter.reportError(XMLErrorReporter.java:400)
	at com.sun.org.apache.xerces.internal.impl.XMLErrorReporter.reportError(XMLErrorReporter.java:327)
	at com.sun.org.apache.xerces.internal.impl.XMLScanner.reportFatalError(XMLScanner.java:1438)
	at com.sun.org.apache.xerces.internal.impl.XMLDocumentScannerImpl$PrologDriver.next(XMLDocumentScannerImpl.java:999)
	at com.sun.org.apache.xerces.internal.impl.XMLDocumentScannerImpl.next(XMLDocumentScannerImpl.java:606)
	at com.sun.org.apache.xerces.internal.impl.XMLDocumentFragmentScannerImpl.scanDocument(XMLDocumentFragmentScannerImpl.java:510)
	at com.sun.org.apache.xerces.internal.parsers.XML11Configuration.parse(XML11Configuration.java:848)
	at com.sun.org.apache.xerces.internal.parsers.XML11Configuration.parse(XML11Configuration.java:777)
	at com.sun.org.apache.xerces.internal.parsers.XMLParser.parse(XMLParser.java:141)
	at com.sun.org.apache.xerces.internal.parsers.DOMParser.parse(DOMParser.java:243)
	at com.sun.org.apache.xerces.internal.jaxp.DocumentBuilderImpl.parse(DocumentBuilderImpl.java:339)
	at org.apache.ibatis.parsing.XPathParser.createDocument(XPathParser.java:254)
	... 45 more
2019-07-31 17:12:09,399 [ERROR]  (ConnectionState.java.checkTimeouts:200) - Connection timed out for connection string (127.0.0.1:2181) and timeout (5000) / elapsed (5341)
org.apache.curator.CuratorConnectionLossException: KeeperErrorCode = ConnectionLoss
	at org.apache.curator.ConnectionState.checkTimeouts(ConnectionState.java:197)
	at org.apache.curator.ConnectionState.getZooKeeper(ConnectionState.java:87)
	at org.apache.curator.CuratorZookeeperClient.getZooKeeper(CuratorZookeeperClient.java:115)
	at org.apache.curator.framework.imps.CuratorFrameworkImpl.performBackgroundOperation(CuratorFrameworkImpl.java:806)
	at org.apache.curator.framework.imps.CuratorFrameworkImpl.backgroundOperationsLoop(CuratorFrameworkImpl.java:792)
	at org.apache.curator.framework.imps.CuratorFrameworkImpl.access$300(CuratorFrameworkImpl.java:62)
	at org.apache.curator.framework.imps.CuratorFrameworkImpl$4.call(CuratorFrameworkImpl.java:257)
	at java.util.concurrent.FutureTask.run(FutureTask.java:266)
	at java.util.concurrent.ThreadPoolExecutor.runWorker(ThreadPoolExecutor.java:1142)
	at java.util.concurrent.ThreadPoolExecutor$Worker.run(ThreadPoolExecutor.java:617)
	at java.lang.Thread.run(Thread.java:745)
2019-07-31 17:12:09,418 [ERROR]  (CuratorFrameworkImpl.java.logError:537) - Background operation retry gave up
org.apache.zookeeper.KeeperException$ConnectionLossException: KeeperErrorCode = ConnectionLoss
	at org.apache.zookeeper.KeeperException.create(KeeperException.java:99)
	at org.apache.curator.framework.imps.CuratorFrameworkImpl.checkBackgroundRetry(CuratorFrameworkImpl.java:708)
	at org.apache.curator.framework.imps.CuratorFrameworkImpl.performBackgroundOperation(CuratorFrameworkImpl.java:826)
	at org.apache.curator.framework.imps.CuratorFrameworkImpl.backgroundOperationsLoop(CuratorFrameworkImpl.java:792)
	at org.apache.curator.framework.imps.CuratorFrameworkImpl.access$300(CuratorFrameworkImpl.java:62)
	at org.apache.curator.framework.imps.CuratorFrameworkImpl$4.call(CuratorFrameworkImpl.java:257)
	at java.util.concurrent.FutureTask.run(FutureTask.java:266)
	at java.util.concurrent.ThreadPoolExecutor.runWorker(ThreadPoolExecutor.java:1142)
	at java.util.concurrent.ThreadPoolExecutor$Worker.run(ThreadPoolExecutor.java:617)
	at java.lang.Thread.run(Thread.java:745)
2019-07-31 17:12:09,419 [ERROR]  (CuratorFrameworkImpl.java.logError:537) - Background retry gave up
org.apache.curator.CuratorConnectionLossException: KeeperErrorCode = ConnectionLoss
	at org.apache.curator.ConnectionState.checkTimeouts(ConnectionState.java:197)
	at org.apache.curator.ConnectionState.getZooKeeper(ConnectionState.java:87)
	at org.apache.curator.CuratorZookeeperClient.getZooKeeper(CuratorZookeeperClient.java:115)
	at org.apache.curator.framework.imps.CuratorFrameworkImpl.performBackgroundOperation(CuratorFrameworkImpl.java:806)
	at org.apache.curator.framework.imps.CuratorFrameworkImpl.backgroundOperationsLoop(CuratorFrameworkImpl.java:792)
	at org.apache.curator.framework.imps.CuratorFrameworkImpl.access$300(CuratorFrameworkImpl.java:62)
	at org.apache.curator.framework.imps.CuratorFrameworkImpl$4.call(CuratorFrameworkImpl.java:257)
	at java.util.concurrent.FutureTask.run(FutureTask.java:266)
	at java.util.concurrent.ThreadPoolExecutor.runWorker(ThreadPoolExecutor.java:1142)
	at java.util.concurrent.ThreadPoolExecutor$Worker.run(ThreadPoolExecutor.java:617)
	at java.lang.Thread.run(Thread.java:745)
