2019-11-19 08:58:05,131 [DEBUG]  (BaseJdbcLogger.java.debug:139) - ==>  Preparing: select t.id,t.user_id,t.catalog_name,t.priority,t.create_date,t.update_date,t.parent_id from vs_catalog t where t.user_id=? order by t.priority desc 
2019-11-19 08:58:05,184 [DEBUG]  (BaseJdbcLogger.java.debug:139) - ==> Parameters: C2E4C69C04544ED0B3737A34DE8C4B70(String)
2019-11-19 08:58:05,197 [DEBUG]  (BaseJdbcLogger.java.debug:139) - <==      Total: 5
2019-11-19 08:58:12,834 [DEBUG]  (BaseJdbcLogger.java.debug:139) - ==>  Preparing: select t.id,t.user_id,t.catalog_name,t.priority,t.create_date,t.update_date,t.parent_id from vs_catalog t where t.user_id=? order by t.priority desc 
2019-11-19 08:58:12,835 [DEBUG]  (BaseJdbcLogger.java.debug:139) - ==> Parameters: C2E4C69C04544ED0B3737A34DE8C4B70(String)
2019-11-19 08:58:12,838 [DEBUG]  (BaseJdbcLogger.java.debug:139) - <==      Total: 5
2019-11-19 08:58:24,261 [DEBUG]  (BaseJdbcLogger.java.debug:139) - ==>  Preparing: select t.id,t.user_id,t.catalog_name,t.priority,t.create_date,t.update_date,t.parent_id from vs_catalog t where t.user_id=? order by t.priority desc 
2019-11-19 08:58:24,261 [DEBUG]  (BaseJdbcLogger.java.debug:139) - ==> Parameters: C2E4C69C04544ED0B3737A34DE8C4B70(String)
2019-11-19 08:58:24,263 [DEBUG]  (BaseJdbcLogger.java.debug:139) - <==      Total: 5
2019-11-19 09:01:09,702 [DEBUG]  (BaseJdbcLogger.java.debug:139) - ==>  Preparing: select t.id,t.user_id,t.catalog_name,t.priority,t.create_date,t.update_date,t.parent_id from vs_catalog t where t.user_id=? order by t.priority desc 
2019-11-19 09:01:09,740 [DEBUG]  (BaseJdbcLogger.java.debug:139) - ==> Parameters: C2E4C69C04544ED0B3737A34DE8C4B70(String)
2019-11-19 09:01:09,754 [DEBUG]  (BaseJdbcLogger.java.debug:139) - <==      Total: 5
2019-11-19 09:16:55,303 [DEBUG]  (BaseJdbcLogger.java.debug:139) - ==>  Preparing: select t.id,t.theme_name,t.catalog_id,t.theme_describe,t.scene_type,t.create_date,t.update_date,t.priority,t.data_sets_id,t.cover_img_url,t.cover_real_name,t.cover_name from vs_theme t where t.id = ? 
2019-11-19 09:16:55,345 [DEBUG]  (BaseJdbcLogger.java.debug:139) - ==> Parameters: C30FB1269EF745FCA8CD2D203CD0169D(String)
2019-11-19 09:16:55,356 [DEBUG]  (BaseJdbcLogger.java.debug:139) - <==      Total: 1
2019-11-19 09:16:58,679 [DEBUG]  (BaseJdbcLogger.java.debug:139) - ==>  Preparing: select t.id,t.layout_style,t.theme_id,t.page_config from vs_layout t where t.theme_id= ? 
2019-11-19 09:16:58,680 [DEBUG]  (BaseJdbcLogger.java.debug:139) - ==> Parameters: C30FB1269EF745FCA8CD2D203CD0169D(String)
2019-11-19 09:16:58,683 [DEBUG]  (BaseJdbcLogger.java.debug:139) - <==      Total: 1
2019-11-19 09:16:59,257 [DEBUG]  (BaseJdbcLogger.java.debug:139) - ==>  Preparing: select t.id,t.content,t.event,t.components_type,t.theme_id,t.data_source, t.title,t.static_data,t.common_style,t.component_id,t.create_date,t.extend from vs_components t where t.theme_id= ? 
2019-11-19 09:16:59,258 [DEBUG]  (BaseJdbcLogger.java.debug:139) - ==> Parameters: C30FB1269EF745FCA8CD2D203CD0169D(String)
2019-11-19 09:16:59,265 [DEBUG]  (BaseJdbcLogger.java.debug:139) - <==      Total: 1
2019-11-19 09:17:01,149 [DEBUG]  (BaseJdbcLogger.java.debug:139) - ==>  Preparing: select t.id,t.data_sets_name,t.catalog_id,t.create_date,t.update_date from vs_data_sets t where t.id =? 
2019-11-19 09:17:01,149 [DEBUG]  (BaseJdbcLogger.java.debug:139) - ==> Parameters: 713645B3D18346228F64D64F9AD1239E(String)
2019-11-19 09:17:01,153 [DEBUG]  (BaseJdbcLogger.java.debug:139) - <==      Total: 1
2019-11-19 09:17:02,813 [DEBUG]  (BaseJdbcLogger.java.debug:139) - ==>  Preparing: select t.id,t.data_sets_id,t.data_source_id,t.data_name,t.data_name_chinese,t.create_date,t.update_date from vs_data t WHERE t.data_sets_id = ? 
2019-11-19 09:17:02,814 [DEBUG]  (BaseJdbcLogger.java.debug:139) - ==> Parameters: 713645B3D18346228F64D64F9AD1239E(String)
2019-11-19 09:17:02,818 [DEBUG]  (BaseJdbcLogger.java.debug:139) - <==      Total: 3
2019-11-19 09:18:23,137 [DEBUG]  (BaseJdbcLogger.java.debug:139) - ==>  Preparing: select t.id,t.theme_name,t.catalog_id,t.theme_describe,t.scene_type,t.create_date,t.update_date,t.priority,t.data_sets_id,t.cover_img_url,t.cover_real_name,t.cover_name from vs_theme t where t.id = ? 
2019-11-19 09:18:23,138 [DEBUG]  (BaseJdbcLogger.java.debug:139) - ==> Parameters: C30FB1269EF745FCA8CD2D203CD0169D(String)
2019-11-19 09:18:23,139 [DEBUG]  (BaseJdbcLogger.java.debug:139) - <==      Total: 1
2019-11-19 09:18:25,541 [DEBUG]  (BaseJdbcLogger.java.debug:139) - ==>  Preparing: select t.id,t.layout_style,t.theme_id,t.page_config from vs_layout t where t.theme_id= ? 
2019-11-19 09:18:25,543 [DEBUG]  (BaseJdbcLogger.java.debug:139) - ==> Parameters: C30FB1269EF745FCA8CD2D203CD0169D(String)
2019-11-19 09:18:25,548 [DEBUG]  (BaseJdbcLogger.java.debug:139) - <==      Total: 1
2019-11-19 09:18:25,553 [DEBUG]  (BaseJdbcLogger.java.debug:139) - ==>  Preparing: select t.id,t.content,t.event,t.components_type,t.theme_id,t.data_source, t.title,t.static_data,t.common_style,t.component_id,t.create_date,t.extend from vs_components t where t.theme_id= ? 
2019-11-19 09:18:25,555 [DEBUG]  (BaseJdbcLogger.java.debug:139) - ==> Parameters: C30FB1269EF745FCA8CD2D203CD0169D(String)
2019-11-19 09:18:25,558 [DEBUG]  (BaseJdbcLogger.java.debug:139) - <==      Total: 1
2019-11-19 09:18:25,564 [DEBUG]  (BaseJdbcLogger.java.debug:139) - ==>  Preparing: select t.id,t.data_sets_name,t.catalog_id,t.create_date,t.update_date from vs_data_sets t where t.id =? 
2019-11-19 09:18:25,564 [DEBUG]  (BaseJdbcLogger.java.debug:139) - ==> Parameters: 713645B3D18346228F64D64F9AD1239E(String)
2019-11-19 09:18:25,566 [DEBUG]  (BaseJdbcLogger.java.debug:139) - <==      Total: 1
2019-11-19 09:18:25,569 [DEBUG]  (BaseJdbcLogger.java.debug:139) - ==>  Preparing: select t.id,t.data_sets_id,t.data_source_id,t.data_name,t.data_name_chinese,t.create_date,t.update_date from vs_data t WHERE t.data_sets_id = ? 
2019-11-19 09:18:25,569 [DEBUG]  (BaseJdbcLogger.java.debug:139) - ==> Parameters: 713645B3D18346228F64D64F9AD1239E(String)
2019-11-19 09:18:25,571 [DEBUG]  (BaseJdbcLogger.java.debug:139) - <==      Total: 3
2019-11-19 09:19:15,020 [DEBUG]  (BaseJdbcLogger.java.debug:139) - ==>  Preparing: select t.id,t.theme_name,t.catalog_id,t.theme_describe,t.scene_type,t.create_date,t.update_date,t.priority,t.data_sets_id,t.cover_img_url,t.cover_real_name,t.cover_name from vs_theme t where t.id = ? 
2019-11-19 09:19:15,021 [DEBUG]  (BaseJdbcLogger.java.debug:139) - ==> Parameters: 2(String)
2019-11-19 09:19:15,023 [DEBUG]  (BaseJdbcLogger.java.debug:139) - <==      Total: 1
2019-11-19 09:19:15,025 [DEBUG]  (BaseJdbcLogger.java.debug:139) - ==>  Preparing: select t.id,t.layout_style,t.theme_id,t.page_config from vs_layout t where t.theme_id= ? 
2019-11-19 09:19:15,025 [DEBUG]  (BaseJdbcLogger.java.debug:139) - ==> Parameters: 2(String)
2019-11-19 09:19:15,026 [DEBUG]  (BaseJdbcLogger.java.debug:139) - <==      Total: 0
2019-11-19 09:19:15,027 [DEBUG]  (BaseJdbcLogger.java.debug:139) - ==>  Preparing: select t.id,t.content,t.event,t.components_type,t.theme_id,t.data_source, t.title,t.static_data,t.common_style,t.component_id,t.create_date,t.extend from vs_components t where t.theme_id= ? 
2019-11-19 09:19:15,027 [DEBUG]  (BaseJdbcLogger.java.debug:139) - ==> Parameters: 2(String)
2019-11-19 09:19:15,029 [DEBUG]  (BaseJdbcLogger.java.debug:139) - <==      Total: 0
2019-11-19 09:19:15,032 [DEBUG]  (BaseJdbcLogger.java.debug:139) - ==>  Preparing: select t.id,t.data_sets_name,t.catalog_id,t.create_date,t.update_date from vs_data_sets t where t.id =? 
2019-11-19 09:19:15,032 [DEBUG]  (BaseJdbcLogger.java.debug:139) - ==> Parameters: null
2019-11-19 09:19:15,034 [DEBUG]  (BaseJdbcLogger.java.debug:139) - <==      Total: 0
2019-11-19 09:19:15,036 [DEBUG]  (BaseJdbcLogger.java.debug:139) - ==>  Preparing: select t.id,t.data_sets_id,t.data_source_id,t.data_name,t.data_name_chinese,t.create_date,t.update_date from vs_data t 
2019-11-19 09:19:15,036 [DEBUG]  (BaseJdbcLogger.java.debug:139) - ==> Parameters: 
2019-11-19 09:19:15,039 [DEBUG]  (BaseJdbcLogger.java.debug:139) - <==      Total: 20
2019-11-19 09:19:22,170 [DEBUG]  (BaseJdbcLogger.java.debug:139) - ==>  Preparing: select t.id,t.theme_name,t.catalog_id,t.theme_describe,t.scene_type,t.create_date,t.update_date,t.priority,t.data_sets_id,t.cover_img_url,t.cover_real_name,t.cover_name from vs_theme t where t.id = ? 
2019-11-19 09:19:22,172 [DEBUG]  (BaseJdbcLogger.java.debug:139) - ==> Parameters: 3(String)
2019-11-19 09:19:22,174 [DEBUG]  (BaseJdbcLogger.java.debug:139) - <==      Total: 0
2019-11-19 09:19:24,842 [DEBUG]  (BaseJdbcLogger.java.debug:139) - ==>  Preparing: select t.id,t.theme_name,t.catalog_id,t.theme_describe,t.scene_type,t.create_date,t.update_date,t.priority,t.data_sets_id,t.cover_img_url,t.cover_real_name,t.cover_name from vs_theme t where t.id = ? 
2019-11-19 09:19:24,843 [DEBUG]  (BaseJdbcLogger.java.debug:139) - ==> Parameters: 2(String)
2019-11-19 09:19:24,845 [DEBUG]  (BaseJdbcLogger.java.debug:139) - <==      Total: 1
2019-11-19 09:19:24,848 [DEBUG]  (BaseJdbcLogger.java.debug:139) - ==>  Preparing: select t.id,t.layout_style,t.theme_id,t.page_config from vs_layout t where t.theme_id= ? 
2019-11-19 09:19:24,849 [DEBUG]  (BaseJdbcLogger.java.debug:139) - ==> Parameters: 2(String)
2019-11-19 09:19:24,850 [DEBUG]  (BaseJdbcLogger.java.debug:139) - <==      Total: 0
2019-11-19 09:19:24,852 [DEBUG]  (BaseJdbcLogger.java.debug:139) - ==>  Preparing: select t.id,t.content,t.event,t.components_type,t.theme_id,t.data_source, t.title,t.static_data,t.common_style,t.component_id,t.create_date,t.extend from vs_components t where t.theme_id= ? 
2019-11-19 09:19:24,853 [DEBUG]  (BaseJdbcLogger.java.debug:139) - ==> Parameters: 2(String)
2019-11-19 09:19:24,854 [DEBUG]  (BaseJdbcLogger.java.debug:139) - <==      Total: 0
2019-11-19 09:19:24,856 [DEBUG]  (BaseJdbcLogger.java.debug:139) - ==>  Preparing: select t.id,t.data_sets_name,t.catalog_id,t.create_date,t.update_date from vs_data_sets t where t.id =? 
2019-11-19 09:19:24,857 [DEBUG]  (BaseJdbcLogger.java.debug:139) - ==> Parameters: null
2019-11-19 09:19:24,857 [DEBUG]  (BaseJdbcLogger.java.debug:139) - <==      Total: 0
2019-11-19 09:19:24,860 [DEBUG]  (BaseJdbcLogger.java.debug:139) - ==>  Preparing: select t.id,t.data_sets_id,t.data_source_id,t.data_name,t.data_name_chinese,t.create_date,t.update_date from vs_data t 
2019-11-19 09:19:24,861 [DEBUG]  (BaseJdbcLogger.java.debug:139) - ==> Parameters: 
2019-11-19 09:19:24,863 [DEBUG]  (BaseJdbcLogger.java.debug:139) - <==      Total: 20
2019-11-19 09:21:45,927 [DEBUG]  (BaseJdbcLogger.java.debug:139) - ==>  Preparing: select t.id,t.theme_name,t.catalog_id,t.theme_describe,t.scene_type,t.create_date,t.update_date,t.priority,t.data_sets_id,t.cover_img_url,t.cover_real_name,t.cover_name from vs_theme t where t.id = ? 
2019-11-19 09:21:45,975 [DEBUG]  (BaseJdbcLogger.java.debug:139) - ==> Parameters: 2(String)
2019-11-19 09:21:45,989 [DEBUG]  (BaseJdbcLogger.java.debug:139) - <==      Total: 1
2019-11-19 09:21:46,058 [DEBUG]  (BaseJdbcLogger.java.debug:139) - ==>  Preparing: select t.id,t.layout_style,t.theme_id,t.page_config from vs_layout t where t.theme_id= ? 
2019-11-19 09:21:46,059 [DEBUG]  (BaseJdbcLogger.java.debug:139) - ==> Parameters: 2(String)
2019-11-19 09:21:46,062 [DEBUG]  (BaseJdbcLogger.java.debug:139) - <==      Total: 0
2019-11-19 09:21:46,110 [DEBUG]  (BaseJdbcLogger.java.debug:139) - ==>  Preparing: select t.id,t.content,t.event,t.components_type,t.theme_id,t.data_source, t.title,t.static_data,t.common_style,t.component_id,t.create_date,t.extend from vs_components t where t.theme_id= ? 
2019-11-19 09:21:46,111 [DEBUG]  (BaseJdbcLogger.java.debug:139) - ==> Parameters: 2(String)
2019-11-19 09:21:46,114 [DEBUG]  (BaseJdbcLogger.java.debug:139) - <==      Total: 0
2019-11-19 09:21:46,126 [DEBUG]  (BaseJdbcLogger.java.debug:139) - ==>  Preparing: select t.id,t.data_sets_name,t.catalog_id,t.create_date,t.update_date from vs_data_sets t where t.id =? 
2019-11-19 09:21:46,126 [DEBUG]  (BaseJdbcLogger.java.debug:139) - ==> Parameters: null
2019-11-19 09:21:46,128 [DEBUG]  (BaseJdbcLogger.java.debug:139) - <==      Total: 0
2019-11-19 09:21:46,138 [DEBUG]  (BaseJdbcLogger.java.debug:139) - ==>  Preparing: select t.id,t.data_sets_id,t.data_source_id,t.data_name,t.data_name_chinese,t.create_date,t.update_date from vs_data t 
2019-11-19 09:21:46,139 [DEBUG]  (BaseJdbcLogger.java.debug:139) - ==> Parameters: 
2019-11-19 09:21:46,144 [DEBUG]  (BaseJdbcLogger.java.debug:139) - <==      Total: 20
2019-11-19 09:21:52,729 [DEBUG]  (BaseJdbcLogger.java.debug:139) - ==>  Preparing: select t.id,t.theme_name,t.catalog_id,t.theme_describe,t.scene_type,t.create_date,t.update_date,t.priority,t.data_sets_id,t.cover_img_url,t.cover_real_name,t.cover_name from vs_theme t where t.id = ? 
2019-11-19 09:21:52,730 [DEBUG]  (BaseJdbcLogger.java.debug:139) - ==> Parameters: C30FB1269EF745FCA8CD2D203CD0169D(String)
2019-11-19 09:21:52,733 [DEBUG]  (BaseJdbcLogger.java.debug:139) - <==      Total: 1
2019-11-19 09:21:52,735 [DEBUG]  (BaseJdbcLogger.java.debug:139) - ==>  Preparing: select t.id,t.layout_style,t.theme_id,t.page_config from vs_layout t where t.theme_id= ? 
2019-11-19 09:21:52,736 [DEBUG]  (BaseJdbcLogger.java.debug:139) - ==> Parameters: C30FB1269EF745FCA8CD2D203CD0169D(String)
2019-11-19 09:21:52,737 [DEBUG]  (BaseJdbcLogger.java.debug:139) - <==      Total: 1
2019-11-19 09:21:52,741 [DEBUG]  (BaseJdbcLogger.java.debug:139) - ==>  Preparing: select t.id,t.content,t.event,t.components_type,t.theme_id,t.data_source, t.title,t.static_data,t.common_style,t.component_id,t.create_date,t.extend from vs_components t where t.theme_id= ? 
2019-11-19 09:21:52,741 [DEBUG]  (BaseJdbcLogger.java.debug:139) - ==> Parameters: C30FB1269EF745FCA8CD2D203CD0169D(String)
2019-11-19 09:21:52,743 [DEBUG]  (BaseJdbcLogger.java.debug:139) - <==      Total: 1
2019-11-19 09:21:52,748 [DEBUG]  (BaseJdbcLogger.java.debug:139) - ==>  Preparing: select t.id,t.data_sets_name,t.catalog_id,t.create_date,t.update_date from vs_data_sets t where t.id =? 
2019-11-19 09:21:52,749 [DEBUG]  (BaseJdbcLogger.java.debug:139) - ==> Parameters: 713645B3D18346228F64D64F9AD1239E(String)
2019-11-19 09:21:52,751 [DEBUG]  (BaseJdbcLogger.java.debug:139) - <==      Total: 1
2019-11-19 09:21:52,754 [DEBUG]  (BaseJdbcLogger.java.debug:139) - ==>  Preparing: select t.id,t.data_sets_id,t.data_source_id,t.data_name,t.data_name_chinese,t.create_date,t.update_date from vs_data t WHERE t.data_sets_id = ? 
2019-11-19 09:21:52,754 [DEBUG]  (BaseJdbcLogger.java.debug:139) - ==> Parameters: 713645B3D18346228F64D64F9AD1239E(String)
2019-11-19 09:21:52,756 [DEBUG]  (BaseJdbcLogger.java.debug:139) - <==      Total: 3
2019-11-19 09:38:14,323 [DEBUG]  (BaseJdbcLogger.java.debug:139) - ==>  Preparing: select t.id,t.theme_name,t.catalog_id,t.theme_describe,t.scene_type,t.create_date,t.update_date,t.priority,t.data_sets_id,t.cover_img_url,t.cover_real_name,t.cover_name from vs_theme t where t.id = ? 
2019-11-19 09:38:14,401 [DEBUG]  (BaseJdbcLogger.java.debug:139) - ==> Parameters: C30FB1269EF745FCA8CD2D203CD0169D(String)
2019-11-19 09:38:14,412 [DEBUG]  (BaseJdbcLogger.java.debug:139) - <==      Total: 1
2019-11-19 09:38:14,476 [DEBUG]  (BaseJdbcLogger.java.debug:139) - ==>  Preparing: select t.id,t.layout_style,t.theme_id,t.page_config from vs_layout t where t.theme_id= ? 
2019-11-19 09:38:14,477 [DEBUG]  (BaseJdbcLogger.java.debug:139) - ==> Parameters: C30FB1269EF745FCA8CD2D203CD0169D(String)
2019-11-19 09:38:14,479 [DEBUG]  (BaseJdbcLogger.java.debug:139) - <==      Total: 1
2019-11-19 09:38:14,510 [DEBUG]  (BaseJdbcLogger.java.debug:139) - ==>  Preparing: select t.id,t.content,t.event,t.components_type,t.theme_id,t.data_source, t.title,t.static_data,t.common_style,t.component_id,t.create_date,t.extend from vs_components t where t.theme_id= ? 
2019-11-19 09:38:14,511 [DEBUG]  (BaseJdbcLogger.java.debug:139) - ==> Parameters: C30FB1269EF745FCA8CD2D203CD0169D(String)
2019-11-19 09:38:14,514 [DEBUG]  (BaseJdbcLogger.java.debug:139) - <==      Total: 1
2019-11-19 09:38:14,524 [DEBUG]  (BaseJdbcLogger.java.debug:139) - ==>  Preparing: select t.id,t.data_sets_name,t.catalog_id,t.create_date,t.update_date from vs_data_sets t where t.id =? 
2019-11-19 09:38:14,524 [DEBUG]  (BaseJdbcLogger.java.debug:139) - ==> Parameters: 713645B3D18346228F64D64F9AD1239E(String)
2019-11-19 09:38:14,526 [DEBUG]  (BaseJdbcLogger.java.debug:139) - <==      Total: 1
2019-11-19 09:38:14,533 [DEBUG]  (BaseJdbcLogger.java.debug:139) - ==>  Preparing: select t.id,t.data_sets_id,t.data_source_id,t.data_name,t.data_name_chinese,t.create_date,t.update_date from vs_data t WHERE t.data_sets_id = ? 
2019-11-19 09:38:14,533 [DEBUG]  (BaseJdbcLogger.java.debug:139) - ==> Parameters: 713645B3D18346228F64D64F9AD1239E(String)
2019-11-19 09:38:14,535 [DEBUG]  (BaseJdbcLogger.java.debug:139) - <==      Total: 3
2019-11-19 09:40:50,068 [DEBUG]  (BaseJdbcLogger.java.debug:139) - ==>  Preparing: select t.id,t.theme_name,t.catalog_id,t.theme_describe,t.scene_type,t.create_date,t.update_date,t.priority,t.data_sets_id,t.cover_img_url,t.cover_real_name,t.cover_name from vs_theme t where t.id = ? 
2019-11-19 09:40:50,069 [DEBUG]  (BaseJdbcLogger.java.debug:139) - ==> Parameters: C30FB1269EF745FCA8CD2D203CD0169D(String)
2019-11-19 09:40:50,070 [DEBUG]  (BaseJdbcLogger.java.debug:139) - <==      Total: 1
2019-11-19 09:40:54,920 [DEBUG]  (BaseJdbcLogger.java.debug:139) - ==>  Preparing: select t.id,t.layout_style,t.theme_id,t.page_config from vs_layout t where t.theme_id= ? 
2019-11-19 09:40:54,921 [DEBUG]  (BaseJdbcLogger.java.debug:139) - ==> Parameters: C30FB1269EF745FCA8CD2D203CD0169D(String)
2019-11-19 09:40:54,923 [DEBUG]  (BaseJdbcLogger.java.debug:139) - <==      Total: 1
2019-11-19 09:40:55,602 [DEBUG]  (BaseJdbcLogger.java.debug:139) - ==>  Preparing: select t.id,t.content,t.event,t.components_type,t.theme_id,t.data_source, t.title,t.static_data,t.common_style,t.component_id,t.create_date,t.extend from vs_components t where t.theme_id= ? 
2019-11-19 09:40:55,603 [DEBUG]  (BaseJdbcLogger.java.debug:139) - ==> Parameters: C30FB1269EF745FCA8CD2D203CD0169D(String)
2019-11-19 09:40:55,606 [DEBUG]  (BaseJdbcLogger.java.debug:139) - <==      Total: 1
2019-11-19 09:41:08,166 [DEBUG]  (BaseJdbcLogger.java.debug:139) - ==>  Preparing: select t.id,t.data_sets_name,t.catalog_id,t.create_date,t.update_date from vs_data_sets t where t.id =? 
2019-11-19 09:41:08,166 [DEBUG]  (BaseJdbcLogger.java.debug:139) - ==> Parameters: 713645B3D18346228F64D64F9AD1239E(String)
2019-11-19 09:41:08,168 [DEBUG]  (BaseJdbcLogger.java.debug:139) - <==      Total: 1
2019-11-19 09:41:14,449 [DEBUG]  (BaseJdbcLogger.java.debug:139) - ==>  Preparing: select t.id,t.data_sets_id,t.data_source_id,t.data_name,t.data_name_chinese,t.create_date,t.update_date from vs_data t WHERE t.data_sets_id = ? 
2019-11-19 09:41:14,450 [DEBUG]  (BaseJdbcLogger.java.debug:139) - ==> Parameters: 713645B3D18346228F64D64F9AD1239E(String)
2019-11-19 09:41:14,453 [DEBUG]  (BaseJdbcLogger.java.debug:139) - <==      Total: 3
2019-11-19 09:44:09,967 [DEBUG]  (BaseJdbcLogger.java.debug:139) - ==>  Preparing: select t.id,t.theme_name,t.catalog_id,t.theme_describe,t.scene_type,t.create_date,t.update_date,t.priority,t.data_sets_id,t.cover_img_url,t.cover_real_name,t.cover_name from vs_theme t where t.id = ? 
2019-11-19 09:44:09,968 [DEBUG]  (BaseJdbcLogger.java.debug:139) - ==> Parameters: C30FB1269EF745FCA8CD2D203CD0169D(String)
2019-11-19 09:44:09,972 [DEBUG]  (BaseJdbcLogger.java.debug:139) - <==      Total: 1
2019-11-19 09:44:09,976 [DEBUG]  (BaseJdbcLogger.java.debug:139) - ==>  Preparing: select t.id,t.layout_style,t.theme_id,t.page_config from vs_layout t where t.theme_id= ? 
2019-11-19 09:44:09,977 [DEBUG]  (BaseJdbcLogger.java.debug:139) - ==> Parameters: C30FB1269EF745FCA8CD2D203CD0169D(String)
2019-11-19 09:44:09,978 [DEBUG]  (BaseJdbcLogger.java.debug:139) - <==      Total: 1
2019-11-19 09:44:09,981 [DEBUG]  (BaseJdbcLogger.java.debug:139) - ==>  Preparing: select t.id,t.content,t.event,t.components_type,t.theme_id,t.data_source, t.title,t.static_data,t.common_style,t.component_id,t.create_date,t.extend from vs_components t where t.theme_id= ? 
2019-11-19 09:44:09,982 [DEBUG]  (BaseJdbcLogger.java.debug:139) - ==> Parameters: C30FB1269EF745FCA8CD2D203CD0169D(String)
2019-11-19 09:44:09,983 [DEBUG]  (BaseJdbcLogger.java.debug:139) - <==      Total: 1
2019-11-19 09:44:09,987 [DEBUG]  (BaseJdbcLogger.java.debug:139) - ==>  Preparing: select t.id,t.data_sets_name,t.catalog_id,t.create_date,t.update_date from vs_data_sets t where t.id =? 
2019-11-19 09:44:09,988 [DEBUG]  (BaseJdbcLogger.java.debug:139) - ==> Parameters: 713645B3D18346228F64D64F9AD1239E(String)
2019-11-19 09:44:09,989 [DEBUG]  (BaseJdbcLogger.java.debug:139) - <==      Total: 1
2019-11-19 09:44:09,991 [DEBUG]  (BaseJdbcLogger.java.debug:139) - ==>  Preparing: select t.id,t.data_sets_id,t.data_source_id,t.data_name,t.data_name_chinese,t.create_date,t.update_date from vs_data t WHERE t.data_sets_id = ? 
2019-11-19 09:44:09,992 [DEBUG]  (BaseJdbcLogger.java.debug:139) - ==> Parameters: 713645B3D18346228F64D64F9AD1239E(String)
2019-11-19 09:44:09,993 [DEBUG]  (BaseJdbcLogger.java.debug:139) - <==      Total: 3
2019-11-19 09:46:07,348 [DEBUG]  (BaseJdbcLogger.java.debug:139) - ==>  Preparing: select t.id,t.theme_name,t.catalog_id,t.theme_describe,t.scene_type,t.create_date,t.update_date,t.priority,t.data_sets_id,t.cover_img_url,t.cover_real_name,t.cover_name from vs_theme t where t.id = ? 
2019-11-19 09:46:07,386 [DEBUG]  (BaseJdbcLogger.java.debug:139) - ==> Parameters: C30FB1269EF745FCA8CD2D203CD0169D(String)
2019-11-19 09:46:07,398 [DEBUG]  (BaseJdbcLogger.java.debug:139) - <==      Total: 1
2019-11-19 09:46:07,463 [DEBUG]  (BaseJdbcLogger.java.debug:139) - ==>  Preparing: select t.id,t.layout_style,t.theme_id,t.page_config from vs_layout t where t.theme_id= ? 
2019-11-19 09:46:07,463 [DEBUG]  (BaseJdbcLogger.java.debug:139) - ==> Parameters: C30FB1269EF745FCA8CD2D203CD0169D(String)
2019-11-19 09:46:07,465 [DEBUG]  (BaseJdbcLogger.java.debug:139) - <==      Total: 1
2019-11-19 09:46:07,500 [DEBUG]  (BaseJdbcLogger.java.debug:139) - ==>  Preparing: select t.id,t.content,t.event,t.components_type,t.theme_id,t.data_source, t.title,t.static_data,t.common_style,t.component_id,t.create_date,t.extend from vs_components t where t.theme_id= ? 
2019-11-19 09:46:07,501 [DEBUG]  (BaseJdbcLogger.java.debug:139) - ==> Parameters: C30FB1269EF745FCA8CD2D203CD0169D(String)
2019-11-19 09:46:07,503 [DEBUG]  (BaseJdbcLogger.java.debug:139) - <==      Total: 1
2019-11-19 09:46:07,514 [DEBUG]  (BaseJdbcLogger.java.debug:139) - ==>  Preparing: select t.id,t.data_sets_name,t.catalog_id,t.create_date,t.update_date from vs_data_sets t where t.id =? 
2019-11-19 09:46:07,514 [DEBUG]  (BaseJdbcLogger.java.debug:139) - ==> Parameters: 713645B3D18346228F64D64F9AD1239E(String)
2019-11-19 09:46:07,515 [DEBUG]  (BaseJdbcLogger.java.debug:139) - <==      Total: 1
2019-11-19 09:46:07,524 [DEBUG]  (BaseJdbcLogger.java.debug:139) - ==>  Preparing: select t.id,t.data_sets_id,t.data_source_id,t.data_name,t.data_name_chinese,t.create_date,t.update_date from vs_data t WHERE t.data_sets_id = ? 
2019-11-19 09:46:07,525 [DEBUG]  (BaseJdbcLogger.java.debug:139) - ==> Parameters: 713645B3D18346228F64D64F9AD1239E(String)
2019-11-19 09:46:07,527 [DEBUG]  (BaseJdbcLogger.java.debug:139) - <==      Total: 3
2019-11-19 09:46:11,482 [DEBUG]  (BaseJdbcLogger.java.debug:139) - ==>  Preparing: select t.id,t.theme_name,t.catalog_id,t.theme_describe,t.scene_type,t.create_date,t.update_date,t.priority,t.data_sets_id,t.cover_img_url,t.cover_real_name,t.cover_name from vs_theme t where t.id = ? 
2019-11-19 09:46:11,483 [DEBUG]  (BaseJdbcLogger.java.debug:139) - ==> Parameters: C30FB1269EF745FCA8CD2D203CD0169D(String)
2019-11-19 09:46:11,483 [DEBUG]  (BaseJdbcLogger.java.debug:139) - <==      Total: 1
2019-11-19 09:46:11,486 [DEBUG]  (BaseJdbcLogger.java.debug:139) - ==>  Preparing: select t.id,t.layout_style,t.theme_id,t.page_config from vs_layout t where t.theme_id= ? 
2019-11-19 09:46:11,487 [DEBUG]  (BaseJdbcLogger.java.debug:139) - ==> Parameters: C30FB1269EF745FCA8CD2D203CD0169D(String)
2019-11-19 09:46:11,488 [DEBUG]  (BaseJdbcLogger.java.debug:139) - <==      Total: 1
2019-11-19 09:46:11,492 [DEBUG]  (BaseJdbcLogger.java.debug:139) - ==>  Preparing: select t.id,t.content,t.event,t.components_type,t.theme_id,t.data_source, t.title,t.static_data,t.common_style,t.component_id,t.create_date,t.extend from vs_components t where t.theme_id= ? 
2019-11-19 09:46:11,493 [DEBUG]  (BaseJdbcLogger.java.debug:139) - ==> Parameters: C30FB1269EF745FCA8CD2D203CD0169D(String)
2019-11-19 09:46:11,495 [DEBUG]  (BaseJdbcLogger.java.debug:139) - <==      Total: 1
2019-11-19 09:46:11,498 [DEBUG]  (BaseJdbcLogger.java.debug:139) - ==>  Preparing: select t.id,t.data_sets_name,t.catalog_id,t.create_date,t.update_date from vs_data_sets t where t.id =? 
2019-11-19 09:46:11,499 [DEBUG]  (BaseJdbcLogger.java.debug:139) - ==> Parameters: 713645B3D18346228F64D64F9AD1239E(String)
2019-11-19 09:46:11,500 [DEBUG]  (BaseJdbcLogger.java.debug:139) - <==      Total: 1
2019-11-19 09:46:11,502 [DEBUG]  (BaseJdbcLogger.java.debug:139) - ==>  Preparing: select t.id,t.data_sets_id,t.data_source_id,t.data_name,t.data_name_chinese,t.create_date,t.update_date from vs_data t WHERE t.data_sets_id = ? 
2019-11-19 09:46:11,503 [DEBUG]  (BaseJdbcLogger.java.debug:139) - ==> Parameters: 713645B3D18346228F64D64F9AD1239E(String)
2019-11-19 09:46:11,504 [DEBUG]  (BaseJdbcLogger.java.debug:139) - <==      Total: 3
2019-11-19 09:46:44,678 [DEBUG]  (BaseJdbcLogger.java.debug:139) - ==>  Preparing: select t.id,t.theme_name,t.catalog_id,t.theme_describe,t.scene_type,t.create_date,t.update_date,t.priority,t.data_sets_id,t.cover_img_url,t.cover_real_name,t.cover_name from vs_theme t where t.id = ? 
2019-11-19 09:46:44,679 [DEBUG]  (BaseJdbcLogger.java.debug:139) - ==> Parameters: C30FB1269EF745FCA8CD2D203CD0169D(String)
2019-11-19 09:46:44,680 [DEBUG]  (BaseJdbcLogger.java.debug:139) - <==      Total: 1
2019-11-19 09:46:47,374 [DEBUG]  (BaseJdbcLogger.java.debug:139) - ==>  Preparing: select t.id,t.layout_style,t.theme_id,t.page_config from vs_layout t where t.theme_id= ? 
2019-11-19 09:46:47,375 [DEBUG]  (BaseJdbcLogger.java.debug:139) - ==> Parameters: C30FB1269EF745FCA8CD2D203CD0169D(String)
2019-11-19 09:46:47,376 [DEBUG]  (BaseJdbcLogger.java.debug:139) - <==      Total: 1
2019-11-19 09:46:47,637 [DEBUG]  (BaseJdbcLogger.java.debug:139) - ==>  Preparing: select t.id,t.content,t.event,t.components_type,t.theme_id,t.data_source, t.title,t.static_data,t.common_style,t.component_id,t.create_date,t.extend from vs_components t where t.theme_id= ? 
2019-11-19 09:46:47,637 [DEBUG]  (BaseJdbcLogger.java.debug:139) - ==> Parameters: C30FB1269EF745FCA8CD2D203CD0169D(String)
2019-11-19 09:46:47,639 [DEBUG]  (BaseJdbcLogger.java.debug:139) - <==      Total: 1
2019-11-19 09:46:48,127 [DEBUG]  (BaseJdbcLogger.java.debug:139) - ==>  Preparing: select t.id,t.data_sets_name,t.catalog_id,t.create_date,t.update_date from vs_data_sets t where t.id =? 
2019-11-19 09:46:48,127 [DEBUG]  (BaseJdbcLogger.java.debug:139) - ==> Parameters: 713645B3D18346228F64D64F9AD1239E(String)
2019-11-19 09:46:48,128 [DEBUG]  (BaseJdbcLogger.java.debug:139) - <==      Total: 1
2019-11-19 09:47:11,952 [DEBUG]  (BaseJdbcLogger.java.debug:139) - ==>  Preparing: select t.id,t.data_sets_id,t.data_source_id,t.data_name,t.data_name_chinese,t.create_date,t.update_date from vs_data t WHERE t.data_sets_id = ? 
2019-11-19 09:47:11,953 [DEBUG]  (BaseJdbcLogger.java.debug:139) - ==> Parameters: 713645B3D18346228F64D64F9AD1239E(String)
2019-11-19 09:47:11,955 [DEBUG]  (BaseJdbcLogger.java.debug:139) - <==      Total: 3
2019-11-19 10:00:20,225 [DEBUG]  (BaseJdbcLogger.java.debug:139) - ==>  Preparing: select t.id,t.theme_name,t.catalog_id,t.theme_describe,t.scene_type,t.create_date,t.update_date,t.priority,t.data_sets_id,t.cover_img_url,t.cover_real_name,t.cover_name from vs_theme t where t.id = ? 
2019-11-19 10:00:20,267 [DEBUG]  (BaseJdbcLogger.java.debug:139) - ==> Parameters: C30FB1269EF745FCA8CD2D203CD0169D(String)
2019-11-19 10:00:20,279 [DEBUG]  (BaseJdbcLogger.java.debug:139) - <==      Total: 1
2019-11-19 10:00:20,340 [DEBUG]  (BaseJdbcLogger.java.debug:139) - ==>  Preparing: select t.id,t.layout_style,t.theme_id,t.page_config from vs_layout t where t.theme_id= ? 
2019-11-19 10:00:20,342 [DEBUG]  (BaseJdbcLogger.java.debug:139) - ==> Parameters: C30FB1269EF745FCA8CD2D203CD0169D(String)
2019-11-19 10:00:20,344 [DEBUG]  (BaseJdbcLogger.java.debug:139) - <==      Total: 1
2019-11-19 10:00:20,382 [DEBUG]  (BaseJdbcLogger.java.debug:139) - ==>  Preparing: select t.id,t.content,t.event,t.components_type,t.theme_id,t.data_source, t.title,t.static_data,t.common_style,t.component_id,t.create_date,t.extend from vs_components t where t.theme_id= ? 
2019-11-19 10:00:20,382 [DEBUG]  (BaseJdbcLogger.java.debug:139) - ==> Parameters: C30FB1269EF745FCA8CD2D203CD0169D(String)
2019-11-19 10:00:20,385 [DEBUG]  (BaseJdbcLogger.java.debug:139) - <==      Total: 1
2019-11-19 10:00:20,394 [DEBUG]  (BaseJdbcLogger.java.debug:139) - ==>  Preparing: select t.id,t.data_sets_name,t.catalog_id,t.create_date,t.update_date from vs_data_sets t where t.id =? 
2019-11-19 10:00:20,394 [DEBUG]  (BaseJdbcLogger.java.debug:139) - ==> Parameters: 713645B3D18346228F64D64F9AD1239E(String)
2019-11-19 10:00:20,396 [DEBUG]  (BaseJdbcLogger.java.debug:139) - <==      Total: 1
2019-11-19 10:00:20,405 [DEBUG]  (BaseJdbcLogger.java.debug:139) - ==>  Preparing: select t.id,t.data_sets_id,t.data_source_id,t.data_name,t.data_name_chinese,t.create_date,t.update_date from vs_data t WHERE t.data_sets_id = ? 
2019-11-19 10:00:20,406 [DEBUG]  (BaseJdbcLogger.java.debug:139) - ==> Parameters: 713645B3D18346228F64D64F9AD1239E(String)
2019-11-19 10:00:20,408 [DEBUG]  (BaseJdbcLogger.java.debug:139) - <==      Total: 3
2019-11-19 10:00:25,819 [DEBUG]  (BaseJdbcLogger.java.debug:139) - ==>  Preparing: select t.id,t.theme_name,t.catalog_id,t.theme_describe,t.scene_type,t.create_date,t.update_date,t.priority,t.data_sets_id,t.cover_img_url,t.cover_real_name,t.cover_name from vs_theme t where t.id = ? 
2019-11-19 10:00:25,819 [DEBUG]  (BaseJdbcLogger.java.debug:139) - ==> Parameters: C30FB1269EF745FCA8CD2D203CD0169D(String)
2019-11-19 10:00:25,821 [DEBUG]  (BaseJdbcLogger.java.debug:139) - <==      Total: 1
2019-11-19 10:00:25,824 [DEBUG]  (BaseJdbcLogger.java.debug:139) - ==>  Preparing: select t.id,t.layout_style,t.theme_id,t.page_config from vs_layout t where t.theme_id= ? 
2019-11-19 10:00:25,824 [DEBUG]  (BaseJdbcLogger.java.debug:139) - ==> Parameters: C30FB1269EF745FCA8CD2D203CD0169D(String)
2019-11-19 10:00:25,826 [DEBUG]  (BaseJdbcLogger.java.debug:139) - <==      Total: 1
2019-11-19 10:00:25,829 [DEBUG]  (BaseJdbcLogger.java.debug:139) - ==>  Preparing: select t.id,t.content,t.event,t.components_type,t.theme_id,t.data_source, t.title,t.static_data,t.common_style,t.component_id,t.create_date,t.extend from vs_components t where t.theme_id= ? 
2019-11-19 10:00:25,830 [DEBUG]  (BaseJdbcLogger.java.debug:139) - ==> Parameters: C30FB1269EF745FCA8CD2D203CD0169D(String)
2019-11-19 10:00:25,832 [DEBUG]  (BaseJdbcLogger.java.debug:139) - <==      Total: 1
2019-11-19 10:00:25,836 [DEBUG]  (BaseJdbcLogger.java.debug:139) - ==>  Preparing: select t.id,t.data_sets_name,t.catalog_id,t.create_date,t.update_date from vs_data_sets t where t.id =? 
2019-11-19 10:00:25,836 [DEBUG]  (BaseJdbcLogger.java.debug:139) - ==> Parameters: 713645B3D18346228F64D64F9AD1239E(String)
2019-11-19 10:00:25,838 [DEBUG]  (BaseJdbcLogger.java.debug:139) - <==      Total: 1
2019-11-19 10:00:25,840 [DEBUG]  (BaseJdbcLogger.java.debug:139) - ==>  Preparing: select t.id,t.data_sets_id,t.data_source_id,t.data_name,t.data_name_chinese,t.create_date,t.update_date from vs_data t WHERE t.data_sets_id = ? 
2019-11-19 10:00:25,841 [DEBUG]  (BaseJdbcLogger.java.debug:139) - ==> Parameters: 713645B3D18346228F64D64F9AD1239E(String)
2019-11-19 10:00:25,843 [DEBUG]  (BaseJdbcLogger.java.debug:139) - <==      Total: 3
2019-11-19 10:00:36,401 [DEBUG]  (BaseJdbcLogger.java.debug:139) - ==>  Preparing: select t.id,t.theme_name,t.catalog_id,t.theme_describe,t.scene_type,t.create_date,t.update_date,t.priority,t.data_sets_id,t.cover_img_url,t.cover_real_name,t.cover_name from vs_theme t where t.id = ? 
2019-11-19 10:00:36,401 [DEBUG]  (BaseJdbcLogger.java.debug:139) - ==> Parameters: C30FB1269EF745FCA8CD2D203CD0169D(String)
2019-11-19 10:00:36,402 [DEBUG]  (BaseJdbcLogger.java.debug:139) - <==      Total: 1
2019-11-19 10:00:36,404 [DEBUG]  (BaseJdbcLogger.java.debug:139) - ==>  Preparing: select t.id,t.layout_style,t.theme_id,t.page_config from vs_layout t where t.theme_id= ? 
2019-11-19 10:00:36,404 [DEBUG]  (BaseJdbcLogger.java.debug:139) - ==> Parameters: C30FB1269EF745FCA8CD2D203CD0169D(String)
2019-11-19 10:00:36,405 [DEBUG]  (BaseJdbcLogger.java.debug:139) - <==      Total: 1
2019-11-19 10:00:36,408 [DEBUG]  (BaseJdbcLogger.java.debug:139) - ==>  Preparing: select t.id,t.content,t.event,t.components_type,t.theme_id,t.data_source, t.title,t.static_data,t.common_style,t.component_id,t.create_date,t.extend from vs_components t where t.theme_id= ? 
2019-11-19 10:00:36,408 [DEBUG]  (BaseJdbcLogger.java.debug:139) - ==> Parameters: C30FB1269EF745FCA8CD2D203CD0169D(String)
2019-11-19 10:00:36,409 [DEBUG]  (BaseJdbcLogger.java.debug:139) - <==      Total: 1
2019-11-19 10:00:36,412 [DEBUG]  (BaseJdbcLogger.java.debug:139) - ==>  Preparing: select t.id,t.data_sets_name,t.catalog_id,t.create_date,t.update_date from vs_data_sets t where t.id =? 
2019-11-19 10:00:36,412 [DEBUG]  (BaseJdbcLogger.java.debug:139) - ==> Parameters: 713645B3D18346228F64D64F9AD1239E(String)
2019-11-19 10:00:36,413 [DEBUG]  (BaseJdbcLogger.java.debug:139) - <==      Total: 1
2019-11-19 10:00:36,416 [DEBUG]  (BaseJdbcLogger.java.debug:139) - ==>  Preparing: select t.id,t.data_sets_id,t.data_source_id,t.data_name,t.data_name_chinese,t.create_date,t.update_date from vs_data t WHERE t.data_sets_id = ? 
2019-11-19 10:00:36,416 [DEBUG]  (BaseJdbcLogger.java.debug:139) - ==> Parameters: 713645B3D18346228F64D64F9AD1239E(String)
2019-11-19 10:00:36,418 [DEBUG]  (BaseJdbcLogger.java.debug:139) - <==      Total: 3
2019-11-19 10:01:08,836 [DEBUG]  (BaseJdbcLogger.java.debug:139) - ==>  Preparing: select t.id,t.theme_name,t.catalog_id,t.theme_describe,t.scene_type,t.create_date,t.update_date,t.priority,t.data_sets_id,t.cover_img_url,t.cover_real_name,t.cover_name from vs_theme t where t.id = ? 
2019-11-19 10:01:08,838 [DEBUG]  (BaseJdbcLogger.java.debug:139) - ==> Parameters: C30FB1269EF745FCA8CD2D203CD0169D(String)
2019-11-19 10:01:08,840 [DEBUG]  (BaseJdbcLogger.java.debug:139) - <==      Total: 1
2019-11-19 10:01:17,167 [DEBUG]  (BaseJdbcLogger.java.debug:139) - ==>  Preparing: select t.id,t.layout_style,t.theme_id,t.page_config from vs_layout t where t.theme_id= ? 
2019-11-19 10:01:17,169 [DEBUG]  (BaseJdbcLogger.java.debug:139) - ==> Parameters: C30FB1269EF745FCA8CD2D203CD0169D(String)
2019-11-19 10:01:17,170 [DEBUG]  (BaseJdbcLogger.java.debug:139) - <==      Total: 1
2019-11-19 10:01:19,263 [DEBUG]  (BaseJdbcLogger.java.debug:139) - ==>  Preparing: select t.id,t.content,t.event,t.components_type,t.theme_id,t.data_source, t.title,t.static_data,t.common_style,t.component_id,t.create_date,t.extend from vs_components t where t.theme_id= ? 
2019-11-19 10:01:19,264 [DEBUG]  (BaseJdbcLogger.java.debug:139) - ==> Parameters: C30FB1269EF745FCA8CD2D203CD0169D(String)
2019-11-19 10:01:19,265 [DEBUG]  (BaseJdbcLogger.java.debug:139) - <==      Total: 1
2019-11-19 10:01:20,280 [DEBUG]  (BaseJdbcLogger.java.debug:139) - ==>  Preparing: select t.id,t.data_sets_name,t.catalog_id,t.create_date,t.update_date from vs_data_sets t where t.id =? 
2019-11-19 10:01:20,281 [DEBUG]  (BaseJdbcLogger.java.debug:139) - ==> Parameters: 713645B3D18346228F64D64F9AD1239E(String)
2019-11-19 10:01:20,282 [DEBUG]  (BaseJdbcLogger.java.debug:139) - <==      Total: 1
2019-11-19 10:01:22,025 [DEBUG]  (BaseJdbcLogger.java.debug:139) - ==>  Preparing: select t.id,t.data_sets_id,t.data_source_id,t.data_name,t.data_name_chinese,t.create_date,t.update_date from vs_data t WHERE t.data_sets_id = ? 
2019-11-19 10:01:22,026 [DEBUG]  (BaseJdbcLogger.java.debug:139) - ==> Parameters: 713645B3D18346228F64D64F9AD1239E(String)
2019-11-19 10:01:22,028 [DEBUG]  (BaseJdbcLogger.java.debug:139) - <==      Total: 3
2019-11-19 10:06:23,355 [DEBUG]  (BaseJdbcLogger.java.debug:139) - ==>  Preparing: select t.id,t.theme_name,t.catalog_id,t.theme_describe,t.scene_type,t.create_date,t.update_date,t.priority,t.data_sets_id,t.cover_img_url,t.cover_real_name,t.cover_name from vs_theme t where t.id = ? 
2019-11-19 10:06:23,392 [DEBUG]  (BaseJdbcLogger.java.debug:139) - ==> Parameters: C30FB1269EF745FCA8CD2D203CD0169D(String)
2019-11-19 10:06:23,403 [DEBUG]  (BaseJdbcLogger.java.debug:139) - <==      Total: 1
2019-11-19 10:06:23,461 [DEBUG]  (BaseJdbcLogger.java.debug:139) - ==>  Preparing: select t.id,t.layout_style,t.theme_id,t.page_config from vs_layout t where t.theme_id= ? 
2019-11-19 10:06:23,461 [DEBUG]  (BaseJdbcLogger.java.debug:139) - ==> Parameters: C30FB1269EF745FCA8CD2D203CD0169D(String)
2019-11-19 10:06:23,464 [DEBUG]  (BaseJdbcLogger.java.debug:139) - <==      Total: 1
2019-11-19 10:06:23,495 [DEBUG]  (BaseJdbcLogger.java.debug:139) - ==>  Preparing: select t.id,t.content,t.event,t.components_type,t.theme_id,t.data_source, t.title,t.static_data,t.common_style,t.component_id,t.create_date,t.extend from vs_components t where t.theme_id= ? 
2019-11-19 10:06:23,496 [DEBUG]  (BaseJdbcLogger.java.debug:139) - ==> Parameters: C30FB1269EF745FCA8CD2D203CD0169D(String)
2019-11-19 10:06:23,498 [DEBUG]  (BaseJdbcLogger.java.debug:139) - <==      Total: 1
2019-11-19 10:06:23,508 [DEBUG]  (BaseJdbcLogger.java.debug:139) - ==>  Preparing: select t.id,t.data_sets_name,t.catalog_id,t.create_date,t.update_date from vs_data_sets t where t.id =? 
2019-11-19 10:06:23,508 [DEBUG]  (BaseJdbcLogger.java.debug:139) - ==> Parameters: 713645B3D18346228F64D64F9AD1239E(String)
2019-11-19 10:06:23,510 [DEBUG]  (BaseJdbcLogger.java.debug:139) - <==      Total: 1
2019-11-19 10:06:23,517 [DEBUG]  (BaseJdbcLogger.java.debug:139) - ==>  Preparing: select t.id,t.data_sets_id,t.data_source_id,t.data_name,t.data_name_chinese,t.create_date,t.update_date from vs_data t WHERE t.data_sets_id = ? 
2019-11-19 10:06:23,518 [DEBUG]  (BaseJdbcLogger.java.debug:139) - ==> Parameters: 713645B3D18346228F64D64F9AD1239E(String)
2019-11-19 10:06:23,520 [DEBUG]  (BaseJdbcLogger.java.debug:139) - <==      Total: 3
