2019-07-24 12:22:01,818 [WARN ]  (ServiceAnnotationBeanPostProcessor.java.registerServiceBean:265) -  [DUBBO] The BeanDefinition[Root bean: class [com.alibaba.dubbo.config.spring.ServiceBean]; scope=; abstract=false; lazyInit=false; autowireMode=0; dependencyCheck=0; autowireCandidate=true; primary=false; factoryBeanName=null; factoryMethodName=null; initMethodName=null; destroyMethodName=null] of ServiceBean has been registered with name : ServiceBean:com.tscloud.domain.resource.provider.ICatalogProvider, dubbo version: 2.6.5, current host: 192.168.20.158
2019-07-24 12:22:01,821 [WARN ]  (ServiceAnnotationBeanPostProcessor.java.registerServiceBean:265) -  [DUBBO] The BeanDefinition[Root bean: class [com.alibaba.dubbo.config.spring.ServiceBean]; scope=; abstract=false; lazyInit=false; autowireMode=0; dependencyCheck=0; autowireCandidate=true; primary=false; factoryBeanName=null; factoryMethodName=null; initMethodName=null; destroyMethodName=null] of ServiceBean has been registered with name : ServiceBean:com.tscloud.domain.resource.provider.IDataProvider, dubbo version: 2.6.5, current host: 192.168.20.158
2019-07-24 12:22:01,823 [WARN ]  (ServiceAnnotationBeanPostProcessor.java.registerServiceBean:265) -  [DUBBO] The BeanDefinition[Root bean: class [com.alibaba.dubbo.config.spring.ServiceBean]; scope=; abstract=false; lazyInit=false; autowireMode=0; dependencyCheck=0; autowireCandidate=true; primary=false; factoryBeanName=null; factoryMethodName=null; initMethodName=null; destroyMethodName=null] of ServiceBean has been registered with name : ServiceBean:com.tscloud.domain.resource.provider.IDataSetsCatalogProvider, dubbo version: 2.6.5, current host: 192.168.20.158
2019-07-24 12:22:01,824 [WARN ]  (ServiceAnnotationBeanPostProcessor.java.registerServiceBean:265) -  [DUBBO] The BeanDefinition[Root bean: class [com.alibaba.dubbo.config.spring.ServiceBean]; scope=; abstract=false; lazyInit=false; autowireMode=0; dependencyCheck=0; autowireCandidate=true; primary=false; factoryBeanName=null; factoryMethodName=null; initMethodName=null; destroyMethodName=null] of ServiceBean has been registered with name : ServiceBean:com.tscloud.domain.resource.provider.IDataSetsProvider, dubbo version: 2.6.5, current host: 192.168.20.158
2019-07-24 12:22:01,825 [WARN ]  (ServiceAnnotationBeanPostProcessor.java.registerServiceBean:265) -  [DUBBO] The BeanDefinition[Root bean: class [com.alibaba.dubbo.config.spring.ServiceBean]; scope=; abstract=false; lazyInit=false; autowireMode=0; dependencyCheck=0; autowireCandidate=true; primary=false; factoryBeanName=null; factoryMethodName=null; initMethodName=null; destroyMethodName=null] of ServiceBean has been registered with name : ServiceBean:com.tscloud.domain.resource.provider.IDataSourceProvider, dubbo version: 2.6.5, current host: 192.168.20.158
2019-07-24 12:22:01,826 [WARN ]  (ServiceAnnotationBeanPostProcessor.java.registerServiceBean:265) -  [DUBBO] The BeanDefinition[Root bean: class [com.alibaba.dubbo.config.spring.ServiceBean]; scope=; abstract=false; lazyInit=false; autowireMode=0; dependencyCheck=0; autowireCandidate=true; primary=false; factoryBeanName=null; factoryMethodName=null; initMethodName=null; destroyMethodName=null] of ServiceBean has been registered with name : ServiceBean:com.tscloud.domain.resource.provider.IManualInfoProvider, dubbo version: 2.6.5, current host: 192.168.20.158
2019-07-24 12:22:01,826 [WARN ]  (ServiceAnnotationBeanPostProcessor.java.registerServiceBean:265) -  [DUBBO] The BeanDefinition[Root bean: class [com.alibaba.dubbo.config.spring.ServiceBean]; scope=; abstract=false; lazyInit=false; autowireMode=0; dependencyCheck=0; autowireCandidate=true; primary=false; factoryBeanName=null; factoryMethodName=null; initMethodName=null; destroyMethodName=null] of ServiceBean has been registered with name : ServiceBean:com.tscloud.domain.resource.provider.IThemeProvider, dubbo version: 2.6.5, current host: 192.168.20.158
2019-07-24 12:22:02,782 [WARN ]  (SpringExtensionFactory.java.getExtension:63) -  [DUBBO] No spring extension (bean) named:defaultCompiler, try to find an extension (bean) of type java.lang.String, dubbo version: 2.6.5, current host: 192.168.20.158
2019-07-24 12:22:02,782 [WARN ]  (SpringExtensionFactory.java.getExtension:81) -  [DUBBO] No spring extension (bean) named:defaultCompiler, type:java.lang.String found, stop get bean., dubbo version: 2.6.5, current host: 192.168.20.158
2019-07-24 12:22:05,133 [WARN ]  (ClientCnxn.java.run:1102) - Session 0x0 for server null, unexpected error, closing socket connection and attempting reconnect
java.net.ConnectException: Connection refused: no further information
	at sun.nio.ch.SocketChannelImpl.checkConnect(Native Method)
	at sun.nio.ch.SocketChannelImpl.finishConnect(SocketChannelImpl.java:717)
	at org.apache.zookeeper.ClientCnxnSocketNIO.doTransport(ClientCnxnSocketNIO.java:361)
	at org.apache.zookeeper.ClientCnxn$SendThread.run(ClientCnxn.java:1081)
2019-07-24 12:22:07,241 [WARN ]  (ClientCnxn.java.run:1102) - Session 0x0 for server null, unexpected error, closing socket connection and attempting reconnect
java.net.ConnectException: Connection refused: no further information
	at sun.nio.ch.SocketChannelImpl.checkConnect(Native Method)
	at sun.nio.ch.SocketChannelImpl.finishConnect(SocketChannelImpl.java:717)
	at org.apache.zookeeper.ClientCnxnSocketNIO.doTransport(ClientCnxnSocketNIO.java:361)
	at org.apache.zookeeper.ClientCnxn$SendThread.run(ClientCnxn.java:1081)
2019-07-24 12:22:09,345 [WARN ]  (ClientCnxn.java.run:1102) - Session 0x0 for server null, unexpected error, closing socket connection and attempting reconnect
java.net.ConnectException: Connection refused: no further information
	at sun.nio.ch.SocketChannelImpl.checkConnect(Native Method)
	at sun.nio.ch.SocketChannelImpl.finishConnect(SocketChannelImpl.java:717)
	at org.apache.zookeeper.ClientCnxnSocketNIO.doTransport(ClientCnxnSocketNIO.java:361)
	at org.apache.zookeeper.ClientCnxn$SendThread.run(ClientCnxn.java:1081)
2019-07-24 12:22:11,447 [WARN ]  (ClientCnxn.java.run:1102) - Session 0x0 for server null, unexpected error, closing socket connection and attempting reconnect
java.net.ConnectException: Connection refused: no further information
	at sun.nio.ch.SocketChannelImpl.checkConnect(Native Method)
	at sun.nio.ch.SocketChannelImpl.finishConnect(SocketChannelImpl.java:717)
	at org.apache.zookeeper.ClientCnxnSocketNIO.doTransport(ClientCnxnSocketNIO.java:361)
	at org.apache.zookeeper.ClientCnxn$SendThread.run(ClientCnxn.java:1081)
2019-07-24 12:22:13,550 [WARN ]  (ClientCnxn.java.run:1102) - Session 0x0 for server null, unexpected error, closing socket connection and attempting reconnect
java.net.ConnectException: Connection refused: no further information
	at sun.nio.ch.SocketChannelImpl.checkConnect(Native Method)
	at sun.nio.ch.SocketChannelImpl.finishConnect(SocketChannelImpl.java:717)
	at org.apache.zookeeper.ClientCnxnSocketNIO.doTransport(ClientCnxnSocketNIO.java:361)
	at org.apache.zookeeper.ClientCnxn$SendThread.run(ClientCnxn.java:1081)
2019-07-24 12:22:15,654 [WARN ]  (ClientCnxn.java.run:1102) - Session 0x0 for server null, unexpected error, closing socket connection and attempting reconnect
java.net.ConnectException: Connection refused: no further information
	at sun.nio.ch.SocketChannelImpl.checkConnect(Native Method)
	at sun.nio.ch.SocketChannelImpl.finishConnect(SocketChannelImpl.java:717)
	at org.apache.zookeeper.ClientCnxnSocketNIO.doTransport(ClientCnxnSocketNIO.java:361)
	at org.apache.zookeeper.ClientCnxn$SendThread.run(ClientCnxn.java:1081)
2019-07-24 12:22:17,758 [WARN ]  (ClientCnxn.java.run:1102) - Session 0x0 for server null, unexpected error, closing socket connection and attempting reconnect
java.net.ConnectException: Connection refused: no further information
	at sun.nio.ch.SocketChannelImpl.checkConnect(Native Method)
	at sun.nio.ch.SocketChannelImpl.finishConnect(SocketChannelImpl.java:717)
	at org.apache.zookeeper.ClientCnxnSocketNIO.doTransport(ClientCnxnSocketNIO.java:361)
	at org.apache.zookeeper.ClientCnxn$SendThread.run(ClientCnxn.java:1081)
2019-07-24 12:22:19,861 [WARN ]  (ClientCnxn.java.run:1102) - Session 0x0 for server null, unexpected error, closing socket connection and attempting reconnect
java.net.ConnectException: Connection refused: no further information
	at sun.nio.ch.SocketChannelImpl.checkConnect(Native Method)
	at sun.nio.ch.SocketChannelImpl.finishConnect(SocketChannelImpl.java:717)
	at org.apache.zookeeper.ClientCnxnSocketNIO.doTransport(ClientCnxnSocketNIO.java:361)
	at org.apache.zookeeper.ClientCnxn$SendThread.run(ClientCnxn.java:1081)
2019-07-24 12:22:21,964 [WARN ]  (ClientCnxn.java.run:1102) - Session 0x0 for server null, unexpected error, closing socket connection and attempting reconnect
java.net.ConnectException: Connection refused: no further information
	at sun.nio.ch.SocketChannelImpl.checkConnect(Native Method)
	at sun.nio.ch.SocketChannelImpl.finishConnect(SocketChannelImpl.java:717)
	at org.apache.zookeeper.ClientCnxnSocketNIO.doTransport(ClientCnxnSocketNIO.java:361)
	at org.apache.zookeeper.ClientCnxn$SendThread.run(ClientCnxn.java:1081)
2019-07-24 12:22:24,067 [WARN ]  (ClientCnxn.java.run:1102) - Session 0x0 for server null, unexpected error, closing socket connection and attempting reconnect
java.net.ConnectException: Connection refused: no further information
	at sun.nio.ch.SocketChannelImpl.checkConnect(Native Method)
	at sun.nio.ch.SocketChannelImpl.finishConnect(SocketChannelImpl.java:717)
	at org.apache.zookeeper.ClientCnxnSocketNIO.doTransport(ClientCnxnSocketNIO.java:361)
	at org.apache.zookeeper.ClientCnxn$SendThread.run(ClientCnxn.java:1081)
2019-07-24 12:22:26,171 [WARN ]  (ClientCnxn.java.run:1102) - Session 0x0 for server null, unexpected error, closing socket connection and attempting reconnect
java.net.ConnectException: Connection refused: no further information
	at sun.nio.ch.SocketChannelImpl.checkConnect(Native Method)
	at sun.nio.ch.SocketChannelImpl.finishConnect(SocketChannelImpl.java:717)
	at org.apache.zookeeper.ClientCnxnSocketNIO.doTransport(ClientCnxnSocketNIO.java:361)
	at org.apache.zookeeper.ClientCnxn$SendThread.run(ClientCnxn.java:1081)
2019-07-24 12:22:28,274 [WARN ]  (ClientCnxn.java.run:1102) - Session 0x0 for server null, unexpected error, closing socket connection and attempting reconnect
java.net.ConnectException: Connection refused: no further information
	at sun.nio.ch.SocketChannelImpl.checkConnect(Native Method)
	at sun.nio.ch.SocketChannelImpl.finishConnect(SocketChannelImpl.java:717)
	at org.apache.zookeeper.ClientCnxnSocketNIO.doTransport(ClientCnxnSocketNIO.java:361)
	at org.apache.zookeeper.ClientCnxn$SendThread.run(ClientCnxn.java:1081)
2019-07-24 12:22:30,376 [WARN ]  (ClientCnxn.java.run:1102) - Session 0x0 for server null, unexpected error, closing socket connection and attempting reconnect
java.net.ConnectException: Connection refused: no further information
	at sun.nio.ch.SocketChannelImpl.checkConnect(Native Method)
	at sun.nio.ch.SocketChannelImpl.finishConnect(SocketChannelImpl.java:717)
	at org.apache.zookeeper.ClientCnxnSocketNIO.doTransport(ClientCnxnSocketNIO.java:361)
	at org.apache.zookeeper.ClientCnxn$SendThread.run(ClientCnxn.java:1081)
2019-07-24 12:22:32,480 [WARN ]  (ClientCnxn.java.run:1102) - Session 0x0 for server null, unexpected error, closing socket connection and attempting reconnect
java.net.ConnectException: Connection refused: no further information
	at sun.nio.ch.SocketChannelImpl.checkConnect(Native Method)
	at sun.nio.ch.SocketChannelImpl.finishConnect(SocketChannelImpl.java:717)
	at org.apache.zookeeper.ClientCnxnSocketNIO.doTransport(ClientCnxnSocketNIO.java:361)
	at org.apache.zookeeper.ClientCnxn$SendThread.run(ClientCnxn.java:1081)
2019-07-24 12:22:34,583 [WARN ]  (ClientCnxn.java.run:1102) - Session 0x0 for server null, unexpected error, closing socket connection and attempting reconnect
java.net.ConnectException: Connection refused: no further information
	at sun.nio.ch.SocketChannelImpl.checkConnect(Native Method)
	at sun.nio.ch.SocketChannelImpl.finishConnect(SocketChannelImpl.java:717)
	at org.apache.zookeeper.ClientCnxnSocketNIO.doTransport(ClientCnxnSocketNIO.java:361)
	at org.apache.zookeeper.ClientCnxn$SendThread.run(ClientCnxn.java:1081)
2019-07-24 12:22:36,686 [WARN ]  (ClientCnxn.java.run:1102) - Session 0x0 for server null, unexpected error, closing socket connection and attempting reconnect
java.net.ConnectException: Connection refused: no further information
	at sun.nio.ch.SocketChannelImpl.checkConnect(Native Method)
	at sun.nio.ch.SocketChannelImpl.finishConnect(SocketChannelImpl.java:717)
	at org.apache.zookeeper.ClientCnxnSocketNIO.doTransport(ClientCnxnSocketNIO.java:361)
	at org.apache.zookeeper.ClientCnxn$SendThread.run(ClientCnxn.java:1081)
2019-07-24 12:22:38,788 [WARN ]  (ClientCnxn.java.run:1102) - Session 0x0 for server null, unexpected error, closing socket connection and attempting reconnect
java.net.ConnectException: Connection refused: no further information
	at sun.nio.ch.SocketChannelImpl.checkConnect(Native Method)
	at sun.nio.ch.SocketChannelImpl.finishConnect(SocketChannelImpl.java:717)
	at org.apache.zookeeper.ClientCnxnSocketNIO.doTransport(ClientCnxnSocketNIO.java:361)
	at org.apache.zookeeper.ClientCnxn$SendThread.run(ClientCnxn.java:1081)
2019-07-24 12:22:40,901 [WARN ]  (ClientCnxn.java.run:1102) - Session 0x0 for server null, unexpected error, closing socket connection and attempting reconnect
java.net.ConnectException: Connection refused: no further information
	at sun.nio.ch.SocketChannelImpl.checkConnect(Native Method)
	at sun.nio.ch.SocketChannelImpl.finishConnect(SocketChannelImpl.java:717)
	at org.apache.zookeeper.ClientCnxnSocketNIO.doTransport(ClientCnxnSocketNIO.java:361)
	at org.apache.zookeeper.ClientCnxn$SendThread.run(ClientCnxn.java:1081)
2019-07-24 12:26:50,049 [WARN ]  (ServiceAnnotationBeanPostProcessor.java.registerServiceBean:265) -  [DUBBO] The BeanDefinition[Root bean: class [com.alibaba.dubbo.config.spring.ServiceBean]; scope=; abstract=false; lazyInit=false; autowireMode=0; dependencyCheck=0; autowireCandidate=true; primary=false; factoryBeanName=null; factoryMethodName=null; initMethodName=null; destroyMethodName=null] of ServiceBean has been registered with name : ServiceBean:com.tscloud.domain.resource.provider.ICatalogProvider, dubbo version: 2.6.5, current host: 192.168.20.158
2019-07-24 12:26:50,051 [WARN ]  (ServiceAnnotationBeanPostProcessor.java.registerServiceBean:265) -  [DUBBO] The BeanDefinition[Root bean: class [com.alibaba.dubbo.config.spring.ServiceBean]; scope=; abstract=false; lazyInit=false; autowireMode=0; dependencyCheck=0; autowireCandidate=true; primary=false; factoryBeanName=null; factoryMethodName=null; initMethodName=null; destroyMethodName=null] of ServiceBean has been registered with name : ServiceBean:com.tscloud.domain.resource.provider.IDataProvider, dubbo version: 2.6.5, current host: 192.168.20.158
2019-07-24 12:26:50,055 [WARN ]  (ServiceAnnotationBeanPostProcessor.java.registerServiceBean:265) -  [DUBBO] The BeanDefinition[Root bean: class [com.alibaba.dubbo.config.spring.ServiceBean]; scope=; abstract=false; lazyInit=false; autowireMode=0; dependencyCheck=0; autowireCandidate=true; primary=false; factoryBeanName=null; factoryMethodName=null; initMethodName=null; destroyMethodName=null] of ServiceBean has been registered with name : ServiceBean:com.tscloud.domain.resource.provider.IDataSetsCatalogProvider, dubbo version: 2.6.5, current host: 192.168.20.158
2019-07-24 12:26:50,057 [WARN ]  (ServiceAnnotationBeanPostProcessor.java.registerServiceBean:265) -  [DUBBO] The BeanDefinition[Root bean: class [com.alibaba.dubbo.config.spring.ServiceBean]; scope=; abstract=false; lazyInit=false; autowireMode=0; dependencyCheck=0; autowireCandidate=true; primary=false; factoryBeanName=null; factoryMethodName=null; initMethodName=null; destroyMethodName=null] of ServiceBean has been registered with name : ServiceBean:com.tscloud.domain.resource.provider.IDataSetsProvider, dubbo version: 2.6.5, current host: 192.168.20.158
2019-07-24 12:26:50,058 [WARN ]  (ServiceAnnotationBeanPostProcessor.java.registerServiceBean:265) -  [DUBBO] The BeanDefinition[Root bean: class [com.alibaba.dubbo.config.spring.ServiceBean]; scope=; abstract=false; lazyInit=false; autowireMode=0; dependencyCheck=0; autowireCandidate=true; primary=false; factoryBeanName=null; factoryMethodName=null; initMethodName=null; destroyMethodName=null] of ServiceBean has been registered with name : ServiceBean:com.tscloud.domain.resource.provider.IDataSourceProvider, dubbo version: 2.6.5, current host: 192.168.20.158
2019-07-24 12:26:50,059 [WARN ]  (ServiceAnnotationBeanPostProcessor.java.registerServiceBean:265) -  [DUBBO] The BeanDefinition[Root bean: class [com.alibaba.dubbo.config.spring.ServiceBean]; scope=; abstract=false; lazyInit=false; autowireMode=0; dependencyCheck=0; autowireCandidate=true; primary=false; factoryBeanName=null; factoryMethodName=null; initMethodName=null; destroyMethodName=null] of ServiceBean has been registered with name : ServiceBean:com.tscloud.domain.resource.provider.IManualInfoProvider, dubbo version: 2.6.5, current host: 192.168.20.158
2019-07-24 12:26:50,060 [WARN ]  (ServiceAnnotationBeanPostProcessor.java.registerServiceBean:265) -  [DUBBO] The BeanDefinition[Root bean: class [com.alibaba.dubbo.config.spring.ServiceBean]; scope=; abstract=false; lazyInit=false; autowireMode=0; dependencyCheck=0; autowireCandidate=true; primary=false; factoryBeanName=null; factoryMethodName=null; initMethodName=null; destroyMethodName=null] of ServiceBean has been registered with name : ServiceBean:com.tscloud.domain.resource.provider.IThemeProvider, dubbo version: 2.6.5, current host: 192.168.20.158
2019-07-24 12:26:50,646 [WARN ]  (SpringExtensionFactory.java.getExtension:63) -  [DUBBO] No spring extension (bean) named:defaultCompiler, try to find an extension (bean) of type java.lang.String, dubbo version: 2.6.5, current host: 192.168.20.158
2019-07-24 12:26:50,646 [WARN ]  (SpringExtensionFactory.java.getExtension:81) -  [DUBBO] No spring extension (bean) named:defaultCompiler, type:java.lang.String found, stop get bean., dubbo version: 2.6.5, current host: 192.168.20.158
2019-07-24 12:26:52,800 [WARN ]  (ClientCnxn.java.run:1102) - Session 0x0 for server null, unexpected error, closing socket connection and attempting reconnect
java.net.ConnectException: Connection refused: no further information
	at sun.nio.ch.SocketChannelImpl.checkConnect(Native Method)
	at sun.nio.ch.SocketChannelImpl.finishConnect(SocketChannelImpl.java:717)
	at org.apache.zookeeper.ClientCnxnSocketNIO.doTransport(ClientCnxnSocketNIO.java:361)
	at org.apache.zookeeper.ClientCnxn$SendThread.run(ClientCnxn.java:1081)
2019-07-24 12:26:54,910 [WARN ]  (ClientCnxn.java.run:1102) - Session 0x0 for server null, unexpected error, closing socket connection and attempting reconnect
java.net.ConnectException: Connection refused: no further information
	at sun.nio.ch.SocketChannelImpl.checkConnect(Native Method)
	at sun.nio.ch.SocketChannelImpl.finishConnect(SocketChannelImpl.java:717)
	at org.apache.zookeeper.ClientCnxnSocketNIO.doTransport(ClientCnxnSocketNIO.java:361)
	at org.apache.zookeeper.ClientCnxn$SendThread.run(ClientCnxn.java:1081)
2019-07-24 12:26:57,015 [WARN ]  (ClientCnxn.java.run:1102) - Session 0x0 for server null, unexpected error, closing socket connection and attempting reconnect
java.net.ConnectException: Connection refused: no further information
	at sun.nio.ch.SocketChannelImpl.checkConnect(Native Method)
	at sun.nio.ch.SocketChannelImpl.finishConnect(SocketChannelImpl.java:717)
	at org.apache.zookeeper.ClientCnxnSocketNIO.doTransport(ClientCnxnSocketNIO.java:361)
	at org.apache.zookeeper.ClientCnxn$SendThread.run(ClientCnxn.java:1081)
2019-07-24 12:26:59,116 [WARN ]  (ClientCnxn.java.run:1102) - Session 0x0 for server null, unexpected error, closing socket connection and attempting reconnect
java.net.ConnectException: Connection refused: no further information
	at sun.nio.ch.SocketChannelImpl.checkConnect(Native Method)
	at sun.nio.ch.SocketChannelImpl.finishConnect(SocketChannelImpl.java:717)
	at org.apache.zookeeper.ClientCnxnSocketNIO.doTransport(ClientCnxnSocketNIO.java:361)
	at org.apache.zookeeper.ClientCnxn$SendThread.run(ClientCnxn.java:1081)
2019-07-24 12:27:01,220 [WARN ]  (ClientCnxn.java.run:1102) - Session 0x0 for server null, unexpected error, closing socket connection and attempting reconnect
java.net.ConnectException: Connection refused: no further information
	at sun.nio.ch.SocketChannelImpl.checkConnect(Native Method)
	at sun.nio.ch.SocketChannelImpl.finishConnect(SocketChannelImpl.java:717)
	at org.apache.zookeeper.ClientCnxnSocketNIO.doTransport(ClientCnxnSocketNIO.java:361)
	at org.apache.zookeeper.ClientCnxn$SendThread.run(ClientCnxn.java:1081)
2019-07-24 12:27:03,323 [WARN ]  (ClientCnxn.java.run:1102) - Session 0x0 for server null, unexpected error, closing socket connection and attempting reconnect
java.net.ConnectException: Connection refused: no further information
	at sun.nio.ch.SocketChannelImpl.checkConnect(Native Method)
	at sun.nio.ch.SocketChannelImpl.finishConnect(SocketChannelImpl.java:717)
	at org.apache.zookeeper.ClientCnxnSocketNIO.doTransport(ClientCnxnSocketNIO.java:361)
	at org.apache.zookeeper.ClientCnxn$SendThread.run(ClientCnxn.java:1081)
2019-07-24 12:27:05,427 [WARN ]  (ClientCnxn.java.run:1102) - Session 0x0 for server null, unexpected error, closing socket connection and attempting reconnect
java.net.ConnectException: Connection refused: no further information
	at sun.nio.ch.SocketChannelImpl.checkConnect(Native Method)
	at sun.nio.ch.SocketChannelImpl.finishConnect(SocketChannelImpl.java:717)
	at org.apache.zookeeper.ClientCnxnSocketNIO.doTransport(ClientCnxnSocketNIO.java:361)
	at org.apache.zookeeper.ClientCnxn$SendThread.run(ClientCnxn.java:1081)
2019-07-24 12:27:07,530 [WARN ]  (ClientCnxn.java.run:1102) - Session 0x0 for server null, unexpected error, closing socket connection and attempting reconnect
java.net.ConnectException: Connection refused: no further information
	at sun.nio.ch.SocketChannelImpl.checkConnect(Native Method)
	at sun.nio.ch.SocketChannelImpl.finishConnect(SocketChannelImpl.java:717)
	at org.apache.zookeeper.ClientCnxnSocketNIO.doTransport(ClientCnxnSocketNIO.java:361)
	at org.apache.zookeeper.ClientCnxn$SendThread.run(ClientCnxn.java:1081)
2019-07-24 12:27:09,633 [WARN ]  (ClientCnxn.java.run:1102) - Session 0x0 for server null, unexpected error, closing socket connection and attempting reconnect
java.net.ConnectException: Connection refused: no further information
	at sun.nio.ch.SocketChannelImpl.checkConnect(Native Method)
	at sun.nio.ch.SocketChannelImpl.finishConnect(SocketChannelImpl.java:717)
	at org.apache.zookeeper.ClientCnxnSocketNIO.doTransport(ClientCnxnSocketNIO.java:361)
	at org.apache.zookeeper.ClientCnxn$SendThread.run(ClientCnxn.java:1081)
2019-07-24 12:27:11,738 [WARN ]  (ClientCnxn.java.run:1102) - Session 0x0 for server null, unexpected error, closing socket connection and attempting reconnect
java.net.ConnectException: Connection refused: no further information
	at sun.nio.ch.SocketChannelImpl.checkConnect(Native Method)
	at sun.nio.ch.SocketChannelImpl.finishConnect(SocketChannelImpl.java:717)
	at org.apache.zookeeper.ClientCnxnSocketNIO.doTransport(ClientCnxnSocketNIO.java:361)
	at org.apache.zookeeper.ClientCnxn$SendThread.run(ClientCnxn.java:1081)
2019-07-24 12:27:13,840 [WARN ]  (ClientCnxn.java.run:1102) - Session 0x0 for server null, unexpected error, closing socket connection and attempting reconnect
java.net.ConnectException: Connection refused: no further information
	at sun.nio.ch.SocketChannelImpl.checkConnect(Native Method)
	at sun.nio.ch.SocketChannelImpl.finishConnect(SocketChannelImpl.java:717)
	at org.apache.zookeeper.ClientCnxnSocketNIO.doTransport(ClientCnxnSocketNIO.java:361)
	at org.apache.zookeeper.ClientCnxn$SendThread.run(ClientCnxn.java:1081)
2019-07-24 12:27:15,943 [WARN ]  (ClientCnxn.java.run:1102) - Session 0x0 for server null, unexpected error, closing socket connection and attempting reconnect
java.net.ConnectException: Connection refused: no further information
	at sun.nio.ch.SocketChannelImpl.checkConnect(Native Method)
	at sun.nio.ch.SocketChannelImpl.finishConnect(SocketChannelImpl.java:717)
	at org.apache.zookeeper.ClientCnxnSocketNIO.doTransport(ClientCnxnSocketNIO.java:361)
	at org.apache.zookeeper.ClientCnxn$SendThread.run(ClientCnxn.java:1081)
2019-07-24 12:27:18,050 [WARN ]  (ClientCnxn.java.run:1102) - Session 0x0 for server null, unexpected error, closing socket connection and attempting reconnect
java.net.ConnectException: Connection refused: no further information
	at sun.nio.ch.SocketChannelImpl.checkConnect(Native Method)
	at sun.nio.ch.SocketChannelImpl.finishConnect(SocketChannelImpl.java:717)
	at org.apache.zookeeper.ClientCnxnSocketNIO.doTransport(ClientCnxnSocketNIO.java:361)
	at org.apache.zookeeper.ClientCnxn$SendThread.run(ClientCnxn.java:1081)
2019-07-24 12:27:20,152 [WARN ]  (ClientCnxn.java.run:1102) - Session 0x0 for server null, unexpected error, closing socket connection and attempting reconnect
java.net.ConnectException: Connection refused: no further information
	at sun.nio.ch.SocketChannelImpl.checkConnect(Native Method)
	at sun.nio.ch.SocketChannelImpl.finishConnect(SocketChannelImpl.java:717)
	at org.apache.zookeeper.ClientCnxnSocketNIO.doTransport(ClientCnxnSocketNIO.java:361)
	at org.apache.zookeeper.ClientCnxn$SendThread.run(ClientCnxn.java:1081)
2019-07-24 12:27:22,255 [WARN ]  (ClientCnxn.java.run:1102) - Session 0x0 for server null, unexpected error, closing socket connection and attempting reconnect
java.net.ConnectException: Connection refused: no further information
	at sun.nio.ch.SocketChannelImpl.checkConnect(Native Method)
	at sun.nio.ch.SocketChannelImpl.finishConnect(SocketChannelImpl.java:717)
	at org.apache.zookeeper.ClientCnxnSocketNIO.doTransport(ClientCnxnSocketNIO.java:361)
	at org.apache.zookeeper.ClientCnxn$SendThread.run(ClientCnxn.java:1081)
2019-07-24 12:27:24,357 [WARN ]  (ClientCnxn.java.run:1102) - Session 0x0 for server null, unexpected error, closing socket connection and attempting reconnect
java.net.ConnectException: Connection refused: no further information
	at sun.nio.ch.SocketChannelImpl.checkConnect(Native Method)
	at sun.nio.ch.SocketChannelImpl.finishConnect(SocketChannelImpl.java:717)
	at org.apache.zookeeper.ClientCnxnSocketNIO.doTransport(ClientCnxnSocketNIO.java:361)
	at org.apache.zookeeper.ClientCnxn$SendThread.run(ClientCnxn.java:1081)
2019-07-24 12:27:26,460 [WARN ]  (ClientCnxn.java.run:1102) - Session 0x0 for server null, unexpected error, closing socket connection and attempting reconnect
java.net.ConnectException: Connection refused: no further information
	at sun.nio.ch.SocketChannelImpl.checkConnect(Native Method)
	at sun.nio.ch.SocketChannelImpl.finishConnect(SocketChannelImpl.java:717)
	at org.apache.zookeeper.ClientCnxnSocketNIO.doTransport(ClientCnxnSocketNIO.java:361)
	at org.apache.zookeeper.ClientCnxn$SendThread.run(ClientCnxn.java:1081)
2019-07-24 12:27:28,562 [WARN ]  (ClientCnxn.java.run:1102) - Session 0x0 for server null, unexpected error, closing socket connection and attempting reconnect
java.net.ConnectException: Connection refused: no further information
	at sun.nio.ch.SocketChannelImpl.checkConnect(Native Method)
	at sun.nio.ch.SocketChannelImpl.finishConnect(SocketChannelImpl.java:717)
	at org.apache.zookeeper.ClientCnxnSocketNIO.doTransport(ClientCnxnSocketNIO.java:361)
	at org.apache.zookeeper.ClientCnxn$SendThread.run(ClientCnxn.java:1081)
2019-07-24 12:27:30,665 [WARN ]  (ClientCnxn.java.run:1102) - Session 0x0 for server null, unexpected error, closing socket connection and attempting reconnect
java.net.ConnectException: Connection refused: no further information
	at sun.nio.ch.SocketChannelImpl.checkConnect(Native Method)
	at sun.nio.ch.SocketChannelImpl.finishConnect(SocketChannelImpl.java:717)
	at org.apache.zookeeper.ClientCnxnSocketNIO.doTransport(ClientCnxnSocketNIO.java:361)
	at org.apache.zookeeper.ClientCnxn$SendThread.run(ClientCnxn.java:1081)
2019-07-24 12:27:32,767 [WARN ]  (ClientCnxn.java.run:1102) - Session 0x0 for server null, unexpected error, closing socket connection and attempting reconnect
java.net.ConnectException: Connection refused: no further information
	at sun.nio.ch.SocketChannelImpl.checkConnect(Native Method)
	at sun.nio.ch.SocketChannelImpl.finishConnect(SocketChannelImpl.java:717)
	at org.apache.zookeeper.ClientCnxnSocketNIO.doTransport(ClientCnxnSocketNIO.java:361)
	at org.apache.zookeeper.ClientCnxn$SendThread.run(ClientCnxn.java:1081)
2019-07-24 12:27:34,871 [WARN ]  (ClientCnxn.java.run:1102) - Session 0x0 for server null, unexpected error, closing socket connection and attempting reconnect
java.net.ConnectException: Connection refused: no further information
	at sun.nio.ch.SocketChannelImpl.checkConnect(Native Method)
	at sun.nio.ch.SocketChannelImpl.finishConnect(SocketChannelImpl.java:717)
	at org.apache.zookeeper.ClientCnxnSocketNIO.doTransport(ClientCnxnSocketNIO.java:361)
	at org.apache.zookeeper.ClientCnxn$SendThread.run(ClientCnxn.java:1081)
2019-07-24 12:27:36,974 [WARN ]  (ClientCnxn.java.run:1102) - Session 0x0 for server null, unexpected error, closing socket connection and attempting reconnect
java.net.ConnectException: Connection refused: no further information
	at sun.nio.ch.SocketChannelImpl.checkConnect(Native Method)
	at sun.nio.ch.SocketChannelImpl.finishConnect(SocketChannelImpl.java:717)
	at org.apache.zookeeper.ClientCnxnSocketNIO.doTransport(ClientCnxnSocketNIO.java:361)
	at org.apache.zookeeper.ClientCnxn$SendThread.run(ClientCnxn.java:1081)
2019-07-24 12:27:39,077 [WARN ]  (ClientCnxn.java.run:1102) - Session 0x0 for server null, unexpected error, closing socket connection and attempting reconnect
java.net.ConnectException: Connection refused: no further information
	at sun.nio.ch.SocketChannelImpl.checkConnect(Native Method)
	at sun.nio.ch.SocketChannelImpl.finishConnect(SocketChannelImpl.java:717)
	at org.apache.zookeeper.ClientCnxnSocketNIO.doTransport(ClientCnxnSocketNIO.java:361)
	at org.apache.zookeeper.ClientCnxn$SendThread.run(ClientCnxn.java:1081)
2019-07-24 12:27:52,869 [WARN ]  (ServiceAnnotationBeanPostProcessor.java.registerServiceBean:265) -  [DUBBO] The BeanDefinition[Root bean: class [com.alibaba.dubbo.config.spring.ServiceBean]; scope=; abstract=false; lazyInit=false; autowireMode=0; dependencyCheck=0; autowireCandidate=true; primary=false; factoryBeanName=null; factoryMethodName=null; initMethodName=null; destroyMethodName=null] of ServiceBean has been registered with name : ServiceBean:com.tscloud.domain.resource.provider.ICatalogProvider, dubbo version: 2.6.5, current host: 192.168.20.158
2019-07-24 12:27:52,870 [WARN ]  (ServiceAnnotationBeanPostProcessor.java.registerServiceBean:265) -  [DUBBO] The BeanDefinition[Root bean: class [com.alibaba.dubbo.config.spring.ServiceBean]; scope=; abstract=false; lazyInit=false; autowireMode=0; dependencyCheck=0; autowireCandidate=true; primary=false; factoryBeanName=null; factoryMethodName=null; initMethodName=null; destroyMethodName=null] of ServiceBean has been registered with name : ServiceBean:com.tscloud.domain.resource.provider.IDataProvider, dubbo version: 2.6.5, current host: 192.168.20.158
2019-07-24 12:27:52,872 [WARN ]  (ServiceAnnotationBeanPostProcessor.java.registerServiceBean:265) -  [DUBBO] The BeanDefinition[Root bean: class [com.alibaba.dubbo.config.spring.ServiceBean]; scope=; abstract=false; lazyInit=false; autowireMode=0; dependencyCheck=0; autowireCandidate=true; primary=false; factoryBeanName=null; factoryMethodName=null; initMethodName=null; destroyMethodName=null] of ServiceBean has been registered with name : ServiceBean:com.tscloud.domain.resource.provider.IDataSetsCatalogProvider, dubbo version: 2.6.5, current host: 192.168.20.158
2019-07-24 12:27:52,873 [WARN ]  (ServiceAnnotationBeanPostProcessor.java.registerServiceBean:265) -  [DUBBO] The BeanDefinition[Root bean: class [com.alibaba.dubbo.config.spring.ServiceBean]; scope=; abstract=false; lazyInit=false; autowireMode=0; dependencyCheck=0; autowireCandidate=true; primary=false; factoryBeanName=null; factoryMethodName=null; initMethodName=null; destroyMethodName=null] of ServiceBean has been registered with name : ServiceBean:com.tscloud.domain.resource.provider.IDataSetsProvider, dubbo version: 2.6.5, current host: 192.168.20.158
2019-07-24 12:27:52,874 [WARN ]  (ServiceAnnotationBeanPostProcessor.java.registerServiceBean:265) -  [DUBBO] The BeanDefinition[Root bean: class [com.alibaba.dubbo.config.spring.ServiceBean]; scope=; abstract=false; lazyInit=false; autowireMode=0; dependencyCheck=0; autowireCandidate=true; primary=false; factoryBeanName=null; factoryMethodName=null; initMethodName=null; destroyMethodName=null] of ServiceBean has been registered with name : ServiceBean:com.tscloud.domain.resource.provider.IDataSourceProvider, dubbo version: 2.6.5, current host: 192.168.20.158
2019-07-24 12:27:52,875 [WARN ]  (ServiceAnnotationBeanPostProcessor.java.registerServiceBean:265) -  [DUBBO] The BeanDefinition[Root bean: class [com.alibaba.dubbo.config.spring.ServiceBean]; scope=; abstract=false; lazyInit=false; autowireMode=0; dependencyCheck=0; autowireCandidate=true; primary=false; factoryBeanName=null; factoryMethodName=null; initMethodName=null; destroyMethodName=null] of ServiceBean has been registered with name : ServiceBean:com.tscloud.domain.resource.provider.IManualInfoProvider, dubbo version: 2.6.5, current host: 192.168.20.158
2019-07-24 12:27:52,876 [WARN ]  (ServiceAnnotationBeanPostProcessor.java.registerServiceBean:265) -  [DUBBO] The BeanDefinition[Root bean: class [com.alibaba.dubbo.config.spring.ServiceBean]; scope=; abstract=false; lazyInit=false; autowireMode=0; dependencyCheck=0; autowireCandidate=true; primary=false; factoryBeanName=null; factoryMethodName=null; initMethodName=null; destroyMethodName=null] of ServiceBean has been registered with name : ServiceBean:com.tscloud.domain.resource.provider.IThemeProvider, dubbo version: 2.6.5, current host: 192.168.20.158
2019-07-24 12:27:53,472 [WARN ]  (SpringExtensionFactory.java.getExtension:63) -  [DUBBO] No spring extension (bean) named:defaultCompiler, try to find an extension (bean) of type java.lang.String, dubbo version: 2.6.5, current host: 192.168.20.158
2019-07-24 12:27:53,473 [WARN ]  (SpringExtensionFactory.java.getExtension:81) -  [DUBBO] No spring extension (bean) named:defaultCompiler, type:java.lang.String found, stop get bean., dubbo version: 2.6.5, current host: 192.168.20.158
2019-07-24 12:29:41,386 [WARN ]  (AbstractServer.java.disconnected:205) -  [DUBBO] All clients has discontected from /192.168.20.158:20884. You can graceful shutdown now., dubbo version: 2.6.5, current host: 192.168.20.158
2019-07-24 12:31:21,657 [WARN ]  (AbstractServer.java.disconnected:205) -  [DUBBO] All clients has discontected from /192.168.20.158:20884. You can graceful shutdown now., dubbo version: 2.6.5, current host: 192.168.20.158
2019-07-24 12:34:17,775 [WARN ]  (AbstractServer.java.disconnected:205) -  [DUBBO] All clients has discontected from /192.168.20.158:20884. You can graceful shutdown now., dubbo version: 2.6.5, current host: 192.168.20.158
2019-07-24 12:44:27,683 [WARN ]  (AbstractServer.java.disconnected:205) -  [DUBBO] All clients has discontected from /192.168.20.158:20884. You can graceful shutdown now., dubbo version: 2.6.5, current host: 192.168.20.158
2019-07-24 14:50:12,764 [WARN ]  (ServiceAnnotationBeanPostProcessor.java.registerServiceBean:265) -  [DUBBO] The BeanDefinition[Root bean: class [com.alibaba.dubbo.config.spring.ServiceBean]; scope=; abstract=false; lazyInit=false; autowireMode=0; dependencyCheck=0; autowireCandidate=true; primary=false; factoryBeanName=null; factoryMethodName=null; initMethodName=null; destroyMethodName=null] of ServiceBean has been registered with name : ServiceBean:com.tscloud.domain.resource.provider.ICatalogProvider, dubbo version: 2.6.5, current host: 192.168.20.158
2019-07-24 14:50:12,765 [WARN ]  (ServiceAnnotationBeanPostProcessor.java.registerServiceBean:265) -  [DUBBO] The BeanDefinition[Root bean: class [com.alibaba.dubbo.config.spring.ServiceBean]; scope=; abstract=false; lazyInit=false; autowireMode=0; dependencyCheck=0; autowireCandidate=true; primary=false; factoryBeanName=null; factoryMethodName=null; initMethodName=null; destroyMethodName=null] of ServiceBean has been registered with name : ServiceBean:com.tscloud.domain.resource.provider.IDataProvider, dubbo version: 2.6.5, current host: 192.168.20.158
2019-07-24 14:50:12,767 [WARN ]  (ServiceAnnotationBeanPostProcessor.java.registerServiceBean:265) -  [DUBBO] The BeanDefinition[Root bean: class [com.alibaba.dubbo.config.spring.ServiceBean]; scope=; abstract=false; lazyInit=false; autowireMode=0; dependencyCheck=0; autowireCandidate=true; primary=false; factoryBeanName=null; factoryMethodName=null; initMethodName=null; destroyMethodName=null] of ServiceBean has been registered with name : ServiceBean:com.tscloud.domain.resource.provider.IDataSetsCatalogProvider, dubbo version: 2.6.5, current host: 192.168.20.158
2019-07-24 14:50:12,769 [WARN ]  (ServiceAnnotationBeanPostProcessor.java.registerServiceBean:265) -  [DUBBO] The BeanDefinition[Root bean: class [com.alibaba.dubbo.config.spring.ServiceBean]; scope=; abstract=false; lazyInit=false; autowireMode=0; dependencyCheck=0; autowireCandidate=true; primary=false; factoryBeanName=null; factoryMethodName=null; initMethodName=null; destroyMethodName=null] of ServiceBean has been registered with name : ServiceBean:com.tscloud.domain.resource.provider.IDataSetsProvider, dubbo version: 2.6.5, current host: 192.168.20.158
2019-07-24 14:50:12,770 [WARN ]  (ServiceAnnotationBeanPostProcessor.java.registerServiceBean:265) -  [DUBBO] The BeanDefinition[Root bean: class [com.alibaba.dubbo.config.spring.ServiceBean]; scope=; abstract=false; lazyInit=false; autowireMode=0; dependencyCheck=0; autowireCandidate=true; primary=false; factoryBeanName=null; factoryMethodName=null; initMethodName=null; destroyMethodName=null] of ServiceBean has been registered with name : ServiceBean:com.tscloud.domain.resource.provider.IDataSourceProvider, dubbo version: 2.6.5, current host: 192.168.20.158
2019-07-24 14:50:12,771 [WARN ]  (ServiceAnnotationBeanPostProcessor.java.registerServiceBean:265) -  [DUBBO] The BeanDefinition[Root bean: class [com.alibaba.dubbo.config.spring.ServiceBean]; scope=; abstract=false; lazyInit=false; autowireMode=0; dependencyCheck=0; autowireCandidate=true; primary=false; factoryBeanName=null; factoryMethodName=null; initMethodName=null; destroyMethodName=null] of ServiceBean has been registered with name : ServiceBean:com.tscloud.domain.resource.provider.IManualInfoProvider, dubbo version: 2.6.5, current host: 192.168.20.158
2019-07-24 14:50:12,771 [WARN ]  (ServiceAnnotationBeanPostProcessor.java.registerServiceBean:265) -  [DUBBO] The BeanDefinition[Root bean: class [com.alibaba.dubbo.config.spring.ServiceBean]; scope=; abstract=false; lazyInit=false; autowireMode=0; dependencyCheck=0; autowireCandidate=true; primary=false; factoryBeanName=null; factoryMethodName=null; initMethodName=null; destroyMethodName=null] of ServiceBean has been registered with name : ServiceBean:com.tscloud.domain.resource.provider.IThemeProvider, dubbo version: 2.6.5, current host: 192.168.20.158
2019-07-24 14:50:13,358 [WARN ]  (SpringExtensionFactory.java.getExtension:63) -  [DUBBO] No spring extension (bean) named:defaultCompiler, try to find an extension (bean) of type java.lang.String, dubbo version: 2.6.5, current host: 192.168.20.158
2019-07-24 14:50:13,358 [WARN ]  (SpringExtensionFactory.java.getExtension:81) -  [DUBBO] No spring extension (bean) named:defaultCompiler, type:java.lang.String found, stop get bean., dubbo version: 2.6.5, current host: 192.168.20.158
2019-07-24 14:50:48,137 [WARN ]  (AbstractServer.java.disconnected:205) -  [DUBBO] All clients has discontected from /192.168.20.158:20884. You can graceful shutdown now., dubbo version: 2.6.5, current host: 192.168.20.158
2019-07-24 14:51:15,084 [WARN ]  (AbstractServer.java.disconnected:205) -  [DUBBO] All clients has discontected from /192.168.20.158:20884. You can graceful shutdown now., dubbo version: 2.6.5, current host: 192.168.20.158
2019-07-24 14:53:51,467 [WARN ]  (AbstractServer.java.disconnected:205) -  [DUBBO] All clients has discontected from /192.168.20.158:20884. You can graceful shutdown now., dubbo version: 2.6.5, current host: 192.168.20.158
2019-07-24 14:54:08,441 [WARN ]  (ServiceAnnotationBeanPostProcessor.java.registerServiceBean:265) -  [DUBBO] The BeanDefinition[Root bean: class [com.alibaba.dubbo.config.spring.ServiceBean]; scope=; abstract=false; lazyInit=false; autowireMode=0; dependencyCheck=0; autowireCandidate=true; primary=false; factoryBeanName=null; factoryMethodName=null; initMethodName=null; destroyMethodName=null] of ServiceBean has been registered with name : ServiceBean:com.tscloud.domain.resource.provider.ICatalogProvider, dubbo version: 2.6.5, current host: 192.168.20.158
2019-07-24 14:54:08,442 [WARN ]  (ServiceAnnotationBeanPostProcessor.java.registerServiceBean:265) -  [DUBBO] The BeanDefinition[Root bean: class [com.alibaba.dubbo.config.spring.ServiceBean]; scope=; abstract=false; lazyInit=false; autowireMode=0; dependencyCheck=0; autowireCandidate=true; primary=false; factoryBeanName=null; factoryMethodName=null; initMethodName=null; destroyMethodName=null] of ServiceBean has been registered with name : ServiceBean:com.tscloud.domain.resource.provider.IDataProvider, dubbo version: 2.6.5, current host: 192.168.20.158
2019-07-24 14:54:08,444 [WARN ]  (ServiceAnnotationBeanPostProcessor.java.registerServiceBean:265) -  [DUBBO] The BeanDefinition[Root bean: class [com.alibaba.dubbo.config.spring.ServiceBean]; scope=; abstract=false; lazyInit=false; autowireMode=0; dependencyCheck=0; autowireCandidate=true; primary=false; factoryBeanName=null; factoryMethodName=null; initMethodName=null; destroyMethodName=null] of ServiceBean has been registered with name : ServiceBean:com.tscloud.domain.resource.provider.IDataSetsCatalogProvider, dubbo version: 2.6.5, current host: 192.168.20.158
2019-07-24 14:54:08,445 [WARN ]  (ServiceAnnotationBeanPostProcessor.java.registerServiceBean:265) -  [DUBBO] The BeanDefinition[Root bean: class [com.alibaba.dubbo.config.spring.ServiceBean]; scope=; abstract=false; lazyInit=false; autowireMode=0; dependencyCheck=0; autowireCandidate=true; primary=false; factoryBeanName=null; factoryMethodName=null; initMethodName=null; destroyMethodName=null] of ServiceBean has been registered with name : ServiceBean:com.tscloud.domain.resource.provider.IDataSetsProvider, dubbo version: 2.6.5, current host: 192.168.20.158
2019-07-24 14:54:08,446 [WARN ]  (ServiceAnnotationBeanPostProcessor.java.registerServiceBean:265) -  [DUBBO] The BeanDefinition[Root bean: class [com.alibaba.dubbo.config.spring.ServiceBean]; scope=; abstract=false; lazyInit=false; autowireMode=0; dependencyCheck=0; autowireCandidate=true; primary=false; factoryBeanName=null; factoryMethodName=null; initMethodName=null; destroyMethodName=null] of ServiceBean has been registered with name : ServiceBean:com.tscloud.domain.resource.provider.IDataSourceProvider, dubbo version: 2.6.5, current host: 192.168.20.158
2019-07-24 14:54:08,447 [WARN ]  (ServiceAnnotationBeanPostProcessor.java.registerServiceBean:265) -  [DUBBO] The BeanDefinition[Root bean: class [com.alibaba.dubbo.config.spring.ServiceBean]; scope=; abstract=false; lazyInit=false; autowireMode=0; dependencyCheck=0; autowireCandidate=true; primary=false; factoryBeanName=null; factoryMethodName=null; initMethodName=null; destroyMethodName=null] of ServiceBean has been registered with name : ServiceBean:com.tscloud.domain.resource.provider.IManualInfoProvider, dubbo version: 2.6.5, current host: 192.168.20.158
2019-07-24 14:54:08,448 [WARN ]  (ServiceAnnotationBeanPostProcessor.java.registerServiceBean:265) -  [DUBBO] The BeanDefinition[Root bean: class [com.alibaba.dubbo.config.spring.ServiceBean]; scope=; abstract=false; lazyInit=false; autowireMode=0; dependencyCheck=0; autowireCandidate=true; primary=false; factoryBeanName=null; factoryMethodName=null; initMethodName=null; destroyMethodName=null] of ServiceBean has been registered with name : ServiceBean:com.tscloud.domain.resource.provider.IThemeProvider, dubbo version: 2.6.5, current host: 192.168.20.158
2019-07-24 14:54:09,109 [WARN ]  (SpringExtensionFactory.java.getExtension:63) -  [DUBBO] No spring extension (bean) named:defaultCompiler, try to find an extension (bean) of type java.lang.String, dubbo version: 2.6.5, current host: 192.168.20.158
2019-07-24 14:54:09,110 [WARN ]  (SpringExtensionFactory.java.getExtension:81) -  [DUBBO] No spring extension (bean) named:defaultCompiler, type:java.lang.String found, stop get bean., dubbo version: 2.6.5, current host: 192.168.20.158
2019-07-24 14:56:00,477 [WARN ]  (ServiceAnnotationBeanPostProcessor.java.registerServiceBean:265) -  [DUBBO] The BeanDefinition[Root bean: class [com.alibaba.dubbo.config.spring.ServiceBean]; scope=; abstract=false; lazyInit=false; autowireMode=0; dependencyCheck=0; autowireCandidate=true; primary=false; factoryBeanName=null; factoryMethodName=null; initMethodName=null; destroyMethodName=null] of ServiceBean has been registered with name : ServiceBean:com.tscloud.domain.resource.provider.ICatalogProvider, dubbo version: 2.6.5, current host: 192.168.20.158
2019-07-24 14:56:00,478 [WARN ]  (ServiceAnnotationBeanPostProcessor.java.registerServiceBean:265) -  [DUBBO] The BeanDefinition[Root bean: class [com.alibaba.dubbo.config.spring.ServiceBean]; scope=; abstract=false; lazyInit=false; autowireMode=0; dependencyCheck=0; autowireCandidate=true; primary=false; factoryBeanName=null; factoryMethodName=null; initMethodName=null; destroyMethodName=null] of ServiceBean has been registered with name : ServiceBean:com.tscloud.domain.resource.provider.IDataProvider, dubbo version: 2.6.5, current host: 192.168.20.158
2019-07-24 14:56:00,479 [WARN ]  (ServiceAnnotationBeanPostProcessor.java.registerServiceBean:265) -  [DUBBO] The BeanDefinition[Root bean: class [com.alibaba.dubbo.config.spring.ServiceBean]; scope=; abstract=false; lazyInit=false; autowireMode=0; dependencyCheck=0; autowireCandidate=true; primary=false; factoryBeanName=null; factoryMethodName=null; initMethodName=null; destroyMethodName=null] of ServiceBean has been registered with name : ServiceBean:com.tscloud.domain.resource.provider.IDataSetsCatalogProvider, dubbo version: 2.6.5, current host: 192.168.20.158
2019-07-24 14:56:00,481 [WARN ]  (ServiceAnnotationBeanPostProcessor.java.registerServiceBean:265) -  [DUBBO] The BeanDefinition[Root bean: class [com.alibaba.dubbo.config.spring.ServiceBean]; scope=; abstract=false; lazyInit=false; autowireMode=0; dependencyCheck=0; autowireCandidate=true; primary=false; factoryBeanName=null; factoryMethodName=null; initMethodName=null; destroyMethodName=null] of ServiceBean has been registered with name : ServiceBean:com.tscloud.domain.resource.provider.IDataSetsProvider, dubbo version: 2.6.5, current host: 192.168.20.158
2019-07-24 14:56:00,481 [WARN ]  (ServiceAnnotationBeanPostProcessor.java.registerServiceBean:265) -  [DUBBO] The BeanDefinition[Root bean: class [com.alibaba.dubbo.config.spring.ServiceBean]; scope=; abstract=false; lazyInit=false; autowireMode=0; dependencyCheck=0; autowireCandidate=true; primary=false; factoryBeanName=null; factoryMethodName=null; initMethodName=null; destroyMethodName=null] of ServiceBean has been registered with name : ServiceBean:com.tscloud.domain.resource.provider.IDataSourceProvider, dubbo version: 2.6.5, current host: 192.168.20.158
2019-07-24 14:56:00,482 [WARN ]  (ServiceAnnotationBeanPostProcessor.java.registerServiceBean:265) -  [DUBBO] The BeanDefinition[Root bean: class [com.alibaba.dubbo.config.spring.ServiceBean]; scope=; abstract=false; lazyInit=false; autowireMode=0; dependencyCheck=0; autowireCandidate=true; primary=false; factoryBeanName=null; factoryMethodName=null; initMethodName=null; destroyMethodName=null] of ServiceBean has been registered with name : ServiceBean:com.tscloud.domain.resource.provider.IManualInfoProvider, dubbo version: 2.6.5, current host: 192.168.20.158
2019-07-24 14:56:00,483 [WARN ]  (ServiceAnnotationBeanPostProcessor.java.registerServiceBean:265) -  [DUBBO] The BeanDefinition[Root bean: class [com.alibaba.dubbo.config.spring.ServiceBean]; scope=; abstract=false; lazyInit=false; autowireMode=0; dependencyCheck=0; autowireCandidate=true; primary=false; factoryBeanName=null; factoryMethodName=null; initMethodName=null; destroyMethodName=null] of ServiceBean has been registered with name : ServiceBean:com.tscloud.domain.resource.provider.IThemeProvider, dubbo version: 2.6.5, current host: 192.168.20.158
2019-07-24 14:56:01,066 [WARN ]  (SpringExtensionFactory.java.getExtension:63) -  [DUBBO] No spring extension (bean) named:defaultCompiler, try to find an extension (bean) of type java.lang.String, dubbo version: 2.6.5, current host: 192.168.20.158
2019-07-24 14:56:01,066 [WARN ]  (SpringExtensionFactory.java.getExtension:81) -  [DUBBO] No spring extension (bean) named:defaultCompiler, type:java.lang.String found, stop get bean., dubbo version: 2.6.5, current host: 192.168.20.158
2019-07-24 14:58:38,917 [WARN ]  (AbstractServer.java.disconnected:205) -  [DUBBO] All clients has discontected from /192.168.20.158:20884. You can graceful shutdown now., dubbo version: 2.6.5, current host: 192.168.20.158
2019-07-24 14:58:58,958 [WARN ]  (AbstractServer.java.disconnected:205) -  [DUBBO] All clients has discontected from /192.168.20.158:20884. You can graceful shutdown now., dubbo version: 2.6.5, current host: 192.168.20.158
2019-07-24 14:59:11,138 [WARN ]  (ServiceAnnotationBeanPostProcessor.java.registerServiceBean:265) -  [DUBBO] The BeanDefinition[Root bean: class [com.alibaba.dubbo.config.spring.ServiceBean]; scope=; abstract=false; lazyInit=false; autowireMode=0; dependencyCheck=0; autowireCandidate=true; primary=false; factoryBeanName=null; factoryMethodName=null; initMethodName=null; destroyMethodName=null] of ServiceBean has been registered with name : ServiceBean:com.tscloud.domain.resource.provider.ICatalogProvider, dubbo version: 2.6.5, current host: 192.168.20.158
2019-07-24 14:59:11,140 [WARN ]  (ServiceAnnotationBeanPostProcessor.java.registerServiceBean:265) -  [DUBBO] The BeanDefinition[Root bean: class [com.alibaba.dubbo.config.spring.ServiceBean]; scope=; abstract=false; lazyInit=false; autowireMode=0; dependencyCheck=0; autowireCandidate=true; primary=false; factoryBeanName=null; factoryMethodName=null; initMethodName=null; destroyMethodName=null] of ServiceBean has been registered with name : ServiceBean:com.tscloud.domain.resource.provider.IDataProvider, dubbo version: 2.6.5, current host: 192.168.20.158
2019-07-24 14:59:11,143 [WARN ]  (ServiceAnnotationBeanPostProcessor.java.registerServiceBean:265) -  [DUBBO] The BeanDefinition[Root bean: class [com.alibaba.dubbo.config.spring.ServiceBean]; scope=; abstract=false; lazyInit=false; autowireMode=0; dependencyCheck=0; autowireCandidate=true; primary=false; factoryBeanName=null; factoryMethodName=null; initMethodName=null; destroyMethodName=null] of ServiceBean has been registered with name : ServiceBean:com.tscloud.domain.resource.provider.IDataSetsCatalogProvider, dubbo version: 2.6.5, current host: 192.168.20.158
2019-07-24 14:59:11,146 [WARN ]  (ServiceAnnotationBeanPostProcessor.java.registerServiceBean:265) -  [DUBBO] The BeanDefinition[Root bean: class [com.alibaba.dubbo.config.spring.ServiceBean]; scope=; abstract=false; lazyInit=false; autowireMode=0; dependencyCheck=0; autowireCandidate=true; primary=false; factoryBeanName=null; factoryMethodName=null; initMethodName=null; destroyMethodName=null] of ServiceBean has been registered with name : ServiceBean:com.tscloud.domain.resource.provider.IDataSetsProvider, dubbo version: 2.6.5, current host: 192.168.20.158
2019-07-24 14:59:11,147 [WARN ]  (ServiceAnnotationBeanPostProcessor.java.registerServiceBean:265) -  [DUBBO] The BeanDefinition[Root bean: class [com.alibaba.dubbo.config.spring.ServiceBean]; scope=; abstract=false; lazyInit=false; autowireMode=0; dependencyCheck=0; autowireCandidate=true; primary=false; factoryBeanName=null; factoryMethodName=null; initMethodName=null; destroyMethodName=null] of ServiceBean has been registered with name : ServiceBean:com.tscloud.domain.resource.provider.IDataSourceProvider, dubbo version: 2.6.5, current host: 192.168.20.158
2019-07-24 14:59:11,149 [WARN ]  (ServiceAnnotationBeanPostProcessor.java.registerServiceBean:265) -  [DUBBO] The BeanDefinition[Root bean: class [com.alibaba.dubbo.config.spring.ServiceBean]; scope=; abstract=false; lazyInit=false; autowireMode=0; dependencyCheck=0; autowireCandidate=true; primary=false; factoryBeanName=null; factoryMethodName=null; initMethodName=null; destroyMethodName=null] of ServiceBean has been registered with name : ServiceBean:com.tscloud.domain.resource.provider.IManualInfoProvider, dubbo version: 2.6.5, current host: 192.168.20.158
2019-07-24 14:59:11,150 [WARN ]  (ServiceAnnotationBeanPostProcessor.java.registerServiceBean:265) -  [DUBBO] The BeanDefinition[Root bean: class [com.alibaba.dubbo.config.spring.ServiceBean]; scope=; abstract=false; lazyInit=false; autowireMode=0; dependencyCheck=0; autowireCandidate=true; primary=false; factoryBeanName=null; factoryMethodName=null; initMethodName=null; destroyMethodName=null] of ServiceBean has been registered with name : ServiceBean:com.tscloud.domain.resource.provider.IThemeProvider, dubbo version: 2.6.5, current host: 192.168.20.158
2019-07-24 14:59:11,725 [WARN ]  (SpringExtensionFactory.java.getExtension:63) -  [DUBBO] No spring extension (bean) named:defaultCompiler, try to find an extension (bean) of type java.lang.String, dubbo version: 2.6.5, current host: 192.168.20.158
2019-07-24 14:59:11,725 [WARN ]  (SpringExtensionFactory.java.getExtension:81) -  [DUBBO] No spring extension (bean) named:defaultCompiler, type:java.lang.String found, stop get bean., dubbo version: 2.6.5, current host: 192.168.20.158
2019-07-24 15:01:14,073 [WARN ]  (AbstractServer.java.disconnected:205) -  [DUBBO] All clients has discontected from /192.168.20.158:20884. You can graceful shutdown now., dubbo version: 2.6.5, current host: 192.168.20.158
2019-07-24 15:01:22,922 [WARN ]  (ServiceAnnotationBeanPostProcessor.java.registerServiceBean:265) -  [DUBBO] The BeanDefinition[Root bean: class [com.alibaba.dubbo.config.spring.ServiceBean]; scope=; abstract=false; lazyInit=false; autowireMode=0; dependencyCheck=0; autowireCandidate=true; primary=false; factoryBeanName=null; factoryMethodName=null; initMethodName=null; destroyMethodName=null] of ServiceBean has been registered with name : ServiceBean:com.tscloud.domain.resource.provider.ICatalogProvider, dubbo version: 2.6.5, current host: 192.168.20.158
2019-07-24 15:01:22,923 [WARN ]  (ServiceAnnotationBeanPostProcessor.java.registerServiceBean:265) -  [DUBBO] The BeanDefinition[Root bean: class [com.alibaba.dubbo.config.spring.ServiceBean]; scope=; abstract=false; lazyInit=false; autowireMode=0; dependencyCheck=0; autowireCandidate=true; primary=false; factoryBeanName=null; factoryMethodName=null; initMethodName=null; destroyMethodName=null] of ServiceBean has been registered with name : ServiceBean:com.tscloud.domain.resource.provider.IDataProvider, dubbo version: 2.6.5, current host: 192.168.20.158
2019-07-24 15:01:22,926 [WARN ]  (ServiceAnnotationBeanPostProcessor.java.registerServiceBean:265) -  [DUBBO] The BeanDefinition[Root bean: class [com.alibaba.dubbo.config.spring.ServiceBean]; scope=; abstract=false; lazyInit=false; autowireMode=0; dependencyCheck=0; autowireCandidate=true; primary=false; factoryBeanName=null; factoryMethodName=null; initMethodName=null; destroyMethodName=null] of ServiceBean has been registered with name : ServiceBean:com.tscloud.domain.resource.provider.IDataSetsCatalogProvider, dubbo version: 2.6.5, current host: 192.168.20.158
2019-07-24 15:01:22,927 [WARN ]  (ServiceAnnotationBeanPostProcessor.java.registerServiceBean:265) -  [DUBBO] The BeanDefinition[Root bean: class [com.alibaba.dubbo.config.spring.ServiceBean]; scope=; abstract=false; lazyInit=false; autowireMode=0; dependencyCheck=0; autowireCandidate=true; primary=false; factoryBeanName=null; factoryMethodName=null; initMethodName=null; destroyMethodName=null] of ServiceBean has been registered with name : ServiceBean:com.tscloud.domain.resource.provider.IDataSetsProvider, dubbo version: 2.6.5, current host: 192.168.20.158
2019-07-24 15:01:22,928 [WARN ]  (ServiceAnnotationBeanPostProcessor.java.registerServiceBean:265) -  [DUBBO] The BeanDefinition[Root bean: class [com.alibaba.dubbo.config.spring.ServiceBean]; scope=; abstract=false; lazyInit=false; autowireMode=0; dependencyCheck=0; autowireCandidate=true; primary=false; factoryBeanName=null; factoryMethodName=null; initMethodName=null; destroyMethodName=null] of ServiceBean has been registered with name : ServiceBean:com.tscloud.domain.resource.provider.IDataSourceProvider, dubbo version: 2.6.5, current host: 192.168.20.158
2019-07-24 15:01:22,929 [WARN ]  (ServiceAnnotationBeanPostProcessor.java.registerServiceBean:265) -  [DUBBO] The BeanDefinition[Root bean: class [com.alibaba.dubbo.config.spring.ServiceBean]; scope=; abstract=false; lazyInit=false; autowireMode=0; dependencyCheck=0; autowireCandidate=true; primary=false; factoryBeanName=null; factoryMethodName=null; initMethodName=null; destroyMethodName=null] of ServiceBean has been registered with name : ServiceBean:com.tscloud.domain.resource.provider.IManualInfoProvider, dubbo version: 2.6.5, current host: 192.168.20.158
2019-07-24 15:01:22,930 [WARN ]  (ServiceAnnotationBeanPostProcessor.java.registerServiceBean:265) -  [DUBBO] The BeanDefinition[Root bean: class [com.alibaba.dubbo.config.spring.ServiceBean]; scope=; abstract=false; lazyInit=false; autowireMode=0; dependencyCheck=0; autowireCandidate=true; primary=false; factoryBeanName=null; factoryMethodName=null; initMethodName=null; destroyMethodName=null] of ServiceBean has been registered with name : ServiceBean:com.tscloud.domain.resource.provider.IThemeProvider, dubbo version: 2.6.5, current host: 192.168.20.158
2019-07-24 15:01:23,545 [WARN ]  (SpringExtensionFactory.java.getExtension:63) -  [DUBBO] No spring extension (bean) named:defaultCompiler, try to find an extension (bean) of type java.lang.String, dubbo version: 2.6.5, current host: 192.168.20.158
2019-07-24 15:01:23,545 [WARN ]  (SpringExtensionFactory.java.getExtension:81) -  [DUBBO] No spring extension (bean) named:defaultCompiler, type:java.lang.String found, stop get bean., dubbo version: 2.6.5, current host: 192.168.20.158
2019-07-24 15:02:51,089 [WARN ]  (AbstractServer.java.disconnected:205) -  [DUBBO] All clients has discontected from /192.168.20.158:20884. You can graceful shutdown now., dubbo version: 2.6.5, current host: 192.168.20.158
2019-07-24 15:03:13,193 [WARN ]  (AbstractServer.java.disconnected:205) -  [DUBBO] All clients has discontected from /192.168.20.158:20884. You can graceful shutdown now., dubbo version: 2.6.5, current host: 192.168.20.158
2019-07-24 15:30:49,950 [WARN ]  (ServiceAnnotationBeanPostProcessor.java.registerServiceBean:265) -  [DUBBO] The BeanDefinition[Root bean: class [com.alibaba.dubbo.config.spring.ServiceBean]; scope=; abstract=false; lazyInit=false; autowireMode=0; dependencyCheck=0; autowireCandidate=true; primary=false; factoryBeanName=null; factoryMethodName=null; initMethodName=null; destroyMethodName=null] of ServiceBean has been registered with name : ServiceBean:com.tscloud.domain.resource.provider.ICatalogProvider, dubbo version: 2.6.5, current host: 192.168.20.158
2019-07-24 15:30:49,951 [WARN ]  (ServiceAnnotationBeanPostProcessor.java.registerServiceBean:265) -  [DUBBO] The BeanDefinition[Root bean: class [com.alibaba.dubbo.config.spring.ServiceBean]; scope=; abstract=false; lazyInit=false; autowireMode=0; dependencyCheck=0; autowireCandidate=true; primary=false; factoryBeanName=null; factoryMethodName=null; initMethodName=null; destroyMethodName=null] of ServiceBean has been registered with name : ServiceBean:com.tscloud.domain.resource.provider.IDataProvider, dubbo version: 2.6.5, current host: 192.168.20.158
2019-07-24 15:30:49,953 [WARN ]  (ServiceAnnotationBeanPostProcessor.java.registerServiceBean:265) -  [DUBBO] The BeanDefinition[Root bean: class [com.alibaba.dubbo.config.spring.ServiceBean]; scope=; abstract=false; lazyInit=false; autowireMode=0; dependencyCheck=0; autowireCandidate=true; primary=false; factoryBeanName=null; factoryMethodName=null; initMethodName=null; destroyMethodName=null] of ServiceBean has been registered with name : ServiceBean:com.tscloud.domain.resource.provider.IDataSetsCatalogProvider, dubbo version: 2.6.5, current host: 192.168.20.158
2019-07-24 15:30:49,954 [WARN ]  (ServiceAnnotationBeanPostProcessor.java.registerServiceBean:265) -  [DUBBO] The BeanDefinition[Root bean: class [com.alibaba.dubbo.config.spring.ServiceBean]; scope=; abstract=false; lazyInit=false; autowireMode=0; dependencyCheck=0; autowireCandidate=true; primary=false; factoryBeanName=null; factoryMethodName=null; initMethodName=null; destroyMethodName=null] of ServiceBean has been registered with name : ServiceBean:com.tscloud.domain.resource.provider.IDataSetsProvider, dubbo version: 2.6.5, current host: 192.168.20.158
2019-07-24 15:30:49,955 [WARN ]  (ServiceAnnotationBeanPostProcessor.java.registerServiceBean:265) -  [DUBBO] The BeanDefinition[Root bean: class [com.alibaba.dubbo.config.spring.ServiceBean]; scope=; abstract=false; lazyInit=false; autowireMode=0; dependencyCheck=0; autowireCandidate=true; primary=false; factoryBeanName=null; factoryMethodName=null; initMethodName=null; destroyMethodName=null] of ServiceBean has been registered with name : ServiceBean:com.tscloud.domain.resource.provider.IDataSourceProvider, dubbo version: 2.6.5, current host: 192.168.20.158
2019-07-24 15:30:49,956 [WARN ]  (ServiceAnnotationBeanPostProcessor.java.registerServiceBean:265) -  [DUBBO] The BeanDefinition[Root bean: class [com.alibaba.dubbo.config.spring.ServiceBean]; scope=; abstract=false; lazyInit=false; autowireMode=0; dependencyCheck=0; autowireCandidate=true; primary=false; factoryBeanName=null; factoryMethodName=null; initMethodName=null; destroyMethodName=null] of ServiceBean has been registered with name : ServiceBean:com.tscloud.domain.resource.provider.IManualInfoProvider, dubbo version: 2.6.5, current host: 192.168.20.158
2019-07-24 15:30:49,957 [WARN ]  (ServiceAnnotationBeanPostProcessor.java.registerServiceBean:265) -  [DUBBO] The BeanDefinition[Root bean: class [com.alibaba.dubbo.config.spring.ServiceBean]; scope=; abstract=false; lazyInit=false; autowireMode=0; dependencyCheck=0; autowireCandidate=true; primary=false; factoryBeanName=null; factoryMethodName=null; initMethodName=null; destroyMethodName=null] of ServiceBean has been registered with name : ServiceBean:com.tscloud.domain.resource.provider.IThemeProvider, dubbo version: 2.6.5, current host: 192.168.20.158
2019-07-24 15:30:50,593 [WARN ]  (SpringExtensionFactory.java.getExtension:63) -  [DUBBO] No spring extension (bean) named:defaultCompiler, try to find an extension (bean) of type java.lang.String, dubbo version: 2.6.5, current host: 192.168.20.158
2019-07-24 15:30:50,593 [WARN ]  (SpringExtensionFactory.java.getExtension:81) -  [DUBBO] No spring extension (bean) named:defaultCompiler, type:java.lang.String found, stop get bean., dubbo version: 2.6.5, current host: 192.168.20.158
2019-07-24 15:39:40,362 [WARN ]  (AbstractServer.java.disconnected:205) -  [DUBBO] All clients has discontected from /192.168.20.158:20884. You can graceful shutdown now., dubbo version: 2.6.5, current host: 192.168.20.158
2019-07-24 15:42:14,997 [WARN ]  (ServiceAnnotationBeanPostProcessor.java.registerServiceBean:265) -  [DUBBO] The BeanDefinition[Root bean: class [com.alibaba.dubbo.config.spring.ServiceBean]; scope=; abstract=false; lazyInit=false; autowireMode=0; dependencyCheck=0; autowireCandidate=true; primary=false; factoryBeanName=null; factoryMethodName=null; initMethodName=null; destroyMethodName=null] of ServiceBean has been registered with name : ServiceBean:com.tscloud.domain.resource.provider.ICatalogProvider, dubbo version: 2.6.5, current host: 192.168.20.158
2019-07-24 15:42:14,998 [WARN ]  (ServiceAnnotationBeanPostProcessor.java.registerServiceBean:265) -  [DUBBO] The BeanDefinition[Root bean: class [com.alibaba.dubbo.config.spring.ServiceBean]; scope=; abstract=false; lazyInit=false; autowireMode=0; dependencyCheck=0; autowireCandidate=true; primary=false; factoryBeanName=null; factoryMethodName=null; initMethodName=null; destroyMethodName=null] of ServiceBean has been registered with name : ServiceBean:com.tscloud.domain.resource.provider.IDataProvider, dubbo version: 2.6.5, current host: 192.168.20.158
2019-07-24 15:42:15,000 [WARN ]  (ServiceAnnotationBeanPostProcessor.java.registerServiceBean:265) -  [DUBBO] The BeanDefinition[Root bean: class [com.alibaba.dubbo.config.spring.ServiceBean]; scope=; abstract=false; lazyInit=false; autowireMode=0; dependencyCheck=0; autowireCandidate=true; primary=false; factoryBeanName=null; factoryMethodName=null; initMethodName=null; destroyMethodName=null] of ServiceBean has been registered with name : ServiceBean:com.tscloud.domain.resource.provider.IDataSetsCatalogProvider, dubbo version: 2.6.5, current host: 192.168.20.158
2019-07-24 15:42:15,002 [WARN ]  (ServiceAnnotationBeanPostProcessor.java.registerServiceBean:265) -  [DUBBO] The BeanDefinition[Root bean: class [com.alibaba.dubbo.config.spring.ServiceBean]; scope=; abstract=false; lazyInit=false; autowireMode=0; dependencyCheck=0; autowireCandidate=true; primary=false; factoryBeanName=null; factoryMethodName=null; initMethodName=null; destroyMethodName=null] of ServiceBean has been registered with name : ServiceBean:com.tscloud.domain.resource.provider.IDataSetsProvider, dubbo version: 2.6.5, current host: 192.168.20.158
2019-07-24 15:42:15,003 [WARN ]  (ServiceAnnotationBeanPostProcessor.java.registerServiceBean:265) -  [DUBBO] The BeanDefinition[Root bean: class [com.alibaba.dubbo.config.spring.ServiceBean]; scope=; abstract=false; lazyInit=false; autowireMode=0; dependencyCheck=0; autowireCandidate=true; primary=false; factoryBeanName=null; factoryMethodName=null; initMethodName=null; destroyMethodName=null] of ServiceBean has been registered with name : ServiceBean:com.tscloud.domain.resource.provider.IDataSourceProvider, dubbo version: 2.6.5, current host: 192.168.20.158
2019-07-24 15:42:15,004 [WARN ]  (ServiceAnnotationBeanPostProcessor.java.registerServiceBean:265) -  [DUBBO] The BeanDefinition[Root bean: class [com.alibaba.dubbo.config.spring.ServiceBean]; scope=; abstract=false; lazyInit=false; autowireMode=0; dependencyCheck=0; autowireCandidate=true; primary=false; factoryBeanName=null; factoryMethodName=null; initMethodName=null; destroyMethodName=null] of ServiceBean has been registered with name : ServiceBean:com.tscloud.domain.resource.provider.IManualInfoProvider, dubbo version: 2.6.5, current host: 192.168.20.158
2019-07-24 15:42:15,005 [WARN ]  (ServiceAnnotationBeanPostProcessor.java.registerServiceBean:265) -  [DUBBO] The BeanDefinition[Root bean: class [com.alibaba.dubbo.config.spring.ServiceBean]; scope=; abstract=false; lazyInit=false; autowireMode=0; dependencyCheck=0; autowireCandidate=true; primary=false; factoryBeanName=null; factoryMethodName=null; initMethodName=null; destroyMethodName=null] of ServiceBean has been registered with name : ServiceBean:com.tscloud.domain.resource.provider.IThemeProvider, dubbo version: 2.6.5, current host: 192.168.20.158
2019-07-24 15:42:15,568 [WARN ]  (SpringExtensionFactory.java.getExtension:63) -  [DUBBO] No spring extension (bean) named:defaultCompiler, try to find an extension (bean) of type java.lang.String, dubbo version: 2.6.5, current host: 192.168.20.158
2019-07-24 15:42:15,568 [WARN ]  (SpringExtensionFactory.java.getExtension:81) -  [DUBBO] No spring extension (bean) named:defaultCompiler, type:java.lang.String found, stop get bean., dubbo version: 2.6.5, current host: 192.168.20.158
2019-07-24 15:43:48,752 [WARN ]  (ServiceAnnotationBeanPostProcessor.java.registerServiceBean:265) -  [DUBBO] The BeanDefinition[Root bean: class [com.alibaba.dubbo.config.spring.ServiceBean]; scope=; abstract=false; lazyInit=false; autowireMode=0; dependencyCheck=0; autowireCandidate=true; primary=false; factoryBeanName=null; factoryMethodName=null; initMethodName=null; destroyMethodName=null] of ServiceBean has been registered with name : ServiceBean:com.tscloud.domain.resource.provider.ICatalogProvider, dubbo version: 2.6.5, current host: 192.168.20.158
2019-07-24 15:43:48,754 [WARN ]  (ServiceAnnotationBeanPostProcessor.java.registerServiceBean:265) -  [DUBBO] The BeanDefinition[Root bean: class [com.alibaba.dubbo.config.spring.ServiceBean]; scope=; abstract=false; lazyInit=false; autowireMode=0; dependencyCheck=0; autowireCandidate=true; primary=false; factoryBeanName=null; factoryMethodName=null; initMethodName=null; destroyMethodName=null] of ServiceBean has been registered with name : ServiceBean:com.tscloud.domain.resource.provider.IDataProvider, dubbo version: 2.6.5, current host: 192.168.20.158
2019-07-24 15:43:48,755 [WARN ]  (ServiceAnnotationBeanPostProcessor.java.registerServiceBean:265) -  [DUBBO] The BeanDefinition[Root bean: class [com.alibaba.dubbo.config.spring.ServiceBean]; scope=; abstract=false; lazyInit=false; autowireMode=0; dependencyCheck=0; autowireCandidate=true; primary=false; factoryBeanName=null; factoryMethodName=null; initMethodName=null; destroyMethodName=null] of ServiceBean has been registered with name : ServiceBean:com.tscloud.domain.resource.provider.IDataSetsCatalogProvider, dubbo version: 2.6.5, current host: 192.168.20.158
2019-07-24 15:43:48,757 [WARN ]  (ServiceAnnotationBeanPostProcessor.java.registerServiceBean:265) -  [DUBBO] The BeanDefinition[Root bean: class [com.alibaba.dubbo.config.spring.ServiceBean]; scope=; abstract=false; lazyInit=false; autowireMode=0; dependencyCheck=0; autowireCandidate=true; primary=false; factoryBeanName=null; factoryMethodName=null; initMethodName=null; destroyMethodName=null] of ServiceBean has been registered with name : ServiceBean:com.tscloud.domain.resource.provider.IDataSetsProvider, dubbo version: 2.6.5, current host: 192.168.20.158
2019-07-24 15:43:48,757 [WARN ]  (ServiceAnnotationBeanPostProcessor.java.registerServiceBean:265) -  [DUBBO] The BeanDefinition[Root bean: class [com.alibaba.dubbo.config.spring.ServiceBean]; scope=; abstract=false; lazyInit=false; autowireMode=0; dependencyCheck=0; autowireCandidate=true; primary=false; factoryBeanName=null; factoryMethodName=null; initMethodName=null; destroyMethodName=null] of ServiceBean has been registered with name : ServiceBean:com.tscloud.domain.resource.provider.IDataSourceProvider, dubbo version: 2.6.5, current host: 192.168.20.158
2019-07-24 15:43:48,758 [WARN ]  (ServiceAnnotationBeanPostProcessor.java.registerServiceBean:265) -  [DUBBO] The BeanDefinition[Root bean: class [com.alibaba.dubbo.config.spring.ServiceBean]; scope=; abstract=false; lazyInit=false; autowireMode=0; dependencyCheck=0; autowireCandidate=true; primary=false; factoryBeanName=null; factoryMethodName=null; initMethodName=null; destroyMethodName=null] of ServiceBean has been registered with name : ServiceBean:com.tscloud.domain.resource.provider.IManualInfoProvider, dubbo version: 2.6.5, current host: 192.168.20.158
2019-07-24 15:43:48,759 [WARN ]  (ServiceAnnotationBeanPostProcessor.java.registerServiceBean:265) -  [DUBBO] The BeanDefinition[Root bean: class [com.alibaba.dubbo.config.spring.ServiceBean]; scope=; abstract=false; lazyInit=false; autowireMode=0; dependencyCheck=0; autowireCandidate=true; primary=false; factoryBeanName=null; factoryMethodName=null; initMethodName=null; destroyMethodName=null] of ServiceBean has been registered with name : ServiceBean:com.tscloud.domain.resource.provider.IThemeProvider, dubbo version: 2.6.5, current host: 192.168.20.158
2019-07-24 15:43:49,453 [WARN ]  (SpringExtensionFactory.java.getExtension:63) -  [DUBBO] No spring extension (bean) named:defaultCompiler, try to find an extension (bean) of type java.lang.String, dubbo version: 2.6.5, current host: 192.168.20.158
2019-07-24 15:43:49,453 [WARN ]  (SpringExtensionFactory.java.getExtension:81) -  [DUBBO] No spring extension (bean) named:defaultCompiler, type:java.lang.String found, stop get bean., dubbo version: 2.6.5, current host: 192.168.20.158
2019-07-24 15:53:07,883 [WARN ]  (AbstractServer.java.disconnected:205) -  [DUBBO] All clients has discontected from /192.168.20.158:20884. You can graceful shutdown now., dubbo version: 2.6.5, current host: 192.168.20.158
2019-07-24 15:57:29,186 [WARN ]  (ServiceAnnotationBeanPostProcessor.java.registerServiceBean:265) -  [DUBBO] The BeanDefinition[Root bean: class [com.alibaba.dubbo.config.spring.ServiceBean]; scope=; abstract=false; lazyInit=false; autowireMode=0; dependencyCheck=0; autowireCandidate=true; primary=false; factoryBeanName=null; factoryMethodName=null; initMethodName=null; destroyMethodName=null] of ServiceBean has been registered with name : ServiceBean:com.tscloud.domain.resource.provider.ICatalogProvider, dubbo version: 2.6.5, current host: 192.168.20.158
2019-07-24 15:57:29,187 [WARN ]  (ServiceAnnotationBeanPostProcessor.java.registerServiceBean:265) -  [DUBBO] The BeanDefinition[Root bean: class [com.alibaba.dubbo.config.spring.ServiceBean]; scope=; abstract=false; lazyInit=false; autowireMode=0; dependencyCheck=0; autowireCandidate=true; primary=false; factoryBeanName=null; factoryMethodName=null; initMethodName=null; destroyMethodName=null] of ServiceBean has been registered with name : ServiceBean:com.tscloud.domain.resource.provider.IDataProvider, dubbo version: 2.6.5, current host: 192.168.20.158
2019-07-24 15:57:29,189 [WARN ]  (ServiceAnnotationBeanPostProcessor.java.registerServiceBean:265) -  [DUBBO] The BeanDefinition[Root bean: class [com.alibaba.dubbo.config.spring.ServiceBean]; scope=; abstract=false; lazyInit=false; autowireMode=0; dependencyCheck=0; autowireCandidate=true; primary=false; factoryBeanName=null; factoryMethodName=null; initMethodName=null; destroyMethodName=null] of ServiceBean has been registered with name : ServiceBean:com.tscloud.domain.resource.provider.IDataSetsCatalogProvider, dubbo version: 2.6.5, current host: 192.168.20.158
2019-07-24 15:57:29,191 [WARN ]  (ServiceAnnotationBeanPostProcessor.java.registerServiceBean:265) -  [DUBBO] The BeanDefinition[Root bean: class [com.alibaba.dubbo.config.spring.ServiceBean]; scope=; abstract=false; lazyInit=false; autowireMode=0; dependencyCheck=0; autowireCandidate=true; primary=false; factoryBeanName=null; factoryMethodName=null; initMethodName=null; destroyMethodName=null] of ServiceBean has been registered with name : ServiceBean:com.tscloud.domain.resource.provider.IDataSetsProvider, dubbo version: 2.6.5, current host: 192.168.20.158
2019-07-24 15:57:29,192 [WARN ]  (ServiceAnnotationBeanPostProcessor.java.registerServiceBean:265) -  [DUBBO] The BeanDefinition[Root bean: class [com.alibaba.dubbo.config.spring.ServiceBean]; scope=; abstract=false; lazyInit=false; autowireMode=0; dependencyCheck=0; autowireCandidate=true; primary=false; factoryBeanName=null; factoryMethodName=null; initMethodName=null; destroyMethodName=null] of ServiceBean has been registered with name : ServiceBean:com.tscloud.domain.resource.provider.IDataSourceProvider, dubbo version: 2.6.5, current host: 192.168.20.158
2019-07-24 15:57:29,193 [WARN ]  (ServiceAnnotationBeanPostProcessor.java.registerServiceBean:265) -  [DUBBO] The BeanDefinition[Root bean: class [com.alibaba.dubbo.config.spring.ServiceBean]; scope=; abstract=false; lazyInit=false; autowireMode=0; dependencyCheck=0; autowireCandidate=true; primary=false; factoryBeanName=null; factoryMethodName=null; initMethodName=null; destroyMethodName=null] of ServiceBean has been registered with name : ServiceBean:com.tscloud.domain.resource.provider.IManualInfoProvider, dubbo version: 2.6.5, current host: 192.168.20.158
2019-07-24 15:57:29,194 [WARN ]  (ServiceAnnotationBeanPostProcessor.java.registerServiceBean:265) -  [DUBBO] The BeanDefinition[Root bean: class [com.alibaba.dubbo.config.spring.ServiceBean]; scope=; abstract=false; lazyInit=false; autowireMode=0; dependencyCheck=0; autowireCandidate=true; primary=false; factoryBeanName=null; factoryMethodName=null; initMethodName=null; destroyMethodName=null] of ServiceBean has been registered with name : ServiceBean:com.tscloud.domain.resource.provider.IThemeProvider, dubbo version: 2.6.5, current host: 192.168.20.158
2019-07-24 15:57:29,772 [WARN ]  (SpringExtensionFactory.java.getExtension:63) -  [DUBBO] No spring extension (bean) named:defaultCompiler, try to find an extension (bean) of type java.lang.String, dubbo version: 2.6.5, current host: 192.168.20.158
2019-07-24 15:57:29,772 [WARN ]  (SpringExtensionFactory.java.getExtension:81) -  [DUBBO] No spring extension (bean) named:defaultCompiler, type:java.lang.String found, stop get bean., dubbo version: 2.6.5, current host: 192.168.20.158
2019-07-24 16:21:58,316 [WARN ]  (ServiceAnnotationBeanPostProcessor.java.registerServiceBean:265) -  [DUBBO] The BeanDefinition[Root bean: class [com.alibaba.dubbo.config.spring.ServiceBean]; scope=; abstract=false; lazyInit=false; autowireMode=0; dependencyCheck=0; autowireCandidate=true; primary=false; factoryBeanName=null; factoryMethodName=null; initMethodName=null; destroyMethodName=null] of ServiceBean has been registered with name : ServiceBean:com.tscloud.domain.resource.provider.ICatalogProvider, dubbo version: 2.6.5, current host: 192.168.20.158
2019-07-24 16:21:58,318 [WARN ]  (ServiceAnnotationBeanPostProcessor.java.registerServiceBean:265) -  [DUBBO] The BeanDefinition[Root bean: class [com.alibaba.dubbo.config.spring.ServiceBean]; scope=; abstract=false; lazyInit=false; autowireMode=0; dependencyCheck=0; autowireCandidate=true; primary=false; factoryBeanName=null; factoryMethodName=null; initMethodName=null; destroyMethodName=null] of ServiceBean has been registered with name : ServiceBean:com.tscloud.domain.resource.provider.IDataProvider, dubbo version: 2.6.5, current host: 192.168.20.158
2019-07-24 16:21:58,320 [WARN ]  (ServiceAnnotationBeanPostProcessor.java.registerServiceBean:265) -  [DUBBO] The BeanDefinition[Root bean: class [com.alibaba.dubbo.config.spring.ServiceBean]; scope=; abstract=false; lazyInit=false; autowireMode=0; dependencyCheck=0; autowireCandidate=true; primary=false; factoryBeanName=null; factoryMethodName=null; initMethodName=null; destroyMethodName=null] of ServiceBean has been registered with name : ServiceBean:com.tscloud.domain.resource.provider.IDataSetsCatalogProvider, dubbo version: 2.6.5, current host: 192.168.20.158
2019-07-24 16:21:58,321 [WARN ]  (ServiceAnnotationBeanPostProcessor.java.registerServiceBean:265) -  [DUBBO] The BeanDefinition[Root bean: class [com.alibaba.dubbo.config.spring.ServiceBean]; scope=; abstract=false; lazyInit=false; autowireMode=0; dependencyCheck=0; autowireCandidate=true; primary=false; factoryBeanName=null; factoryMethodName=null; initMethodName=null; destroyMethodName=null] of ServiceBean has been registered with name : ServiceBean:com.tscloud.domain.resource.provider.IDataSetsProvider, dubbo version: 2.6.5, current host: 192.168.20.158
2019-07-24 16:21:58,322 [WARN ]  (ServiceAnnotationBeanPostProcessor.java.registerServiceBean:265) -  [DUBBO] The BeanDefinition[Root bean: class [com.alibaba.dubbo.config.spring.ServiceBean]; scope=; abstract=false; lazyInit=false; autowireMode=0; dependencyCheck=0; autowireCandidate=true; primary=false; factoryBeanName=null; factoryMethodName=null; initMethodName=null; destroyMethodName=null] of ServiceBean has been registered with name : ServiceBean:com.tscloud.domain.resource.provider.IDataSourceProvider, dubbo version: 2.6.5, current host: 192.168.20.158
2019-07-24 16:21:58,323 [WARN ]  (ServiceAnnotationBeanPostProcessor.java.registerServiceBean:265) -  [DUBBO] The BeanDefinition[Root bean: class [com.alibaba.dubbo.config.spring.ServiceBean]; scope=; abstract=false; lazyInit=false; autowireMode=0; dependencyCheck=0; autowireCandidate=true; primary=false; factoryBeanName=null; factoryMethodName=null; initMethodName=null; destroyMethodName=null] of ServiceBean has been registered with name : ServiceBean:com.tscloud.domain.resource.provider.IManualInfoProvider, dubbo version: 2.6.5, current host: 192.168.20.158
2019-07-24 16:21:58,325 [WARN ]  (ServiceAnnotationBeanPostProcessor.java.registerServiceBean:265) -  [DUBBO] The BeanDefinition[Root bean: class [com.alibaba.dubbo.config.spring.ServiceBean]; scope=; abstract=false; lazyInit=false; autowireMode=0; dependencyCheck=0; autowireCandidate=true; primary=false; factoryBeanName=null; factoryMethodName=null; initMethodName=null; destroyMethodName=null] of ServiceBean has been registered with name : ServiceBean:com.tscloud.domain.resource.provider.IThemeProvider, dubbo version: 2.6.5, current host: 192.168.20.158
2019-07-24 16:21:58,904 [WARN ]  (SpringExtensionFactory.java.getExtension:63) -  [DUBBO] No spring extension (bean) named:defaultCompiler, try to find an extension (bean) of type java.lang.String, dubbo version: 2.6.5, current host: 192.168.20.158
2019-07-24 16:21:58,904 [WARN ]  (SpringExtensionFactory.java.getExtension:81) -  [DUBBO] No spring extension (bean) named:defaultCompiler, type:java.lang.String found, stop get bean., dubbo version: 2.6.5, current host: 192.168.20.158
2019-07-24 17:09:40,472 [WARN ]  (ServiceAnnotationBeanPostProcessor.java.registerServiceBean:265) -  [DUBBO] The BeanDefinition[Root bean: class [com.alibaba.dubbo.config.spring.ServiceBean]; scope=; abstract=false; lazyInit=false; autowireMode=0; dependencyCheck=0; autowireCandidate=true; primary=false; factoryBeanName=null; factoryMethodName=null; initMethodName=null; destroyMethodName=null] of ServiceBean has been registered with name : ServiceBean:com.tscloud.domain.resource.provider.ICatalogProvider, dubbo version: 2.6.5, current host: 192.168.20.158
2019-07-24 17:09:40,474 [WARN ]  (ServiceAnnotationBeanPostProcessor.java.registerServiceBean:265) -  [DUBBO] The BeanDefinition[Root bean: class [com.alibaba.dubbo.config.spring.ServiceBean]; scope=; abstract=false; lazyInit=false; autowireMode=0; dependencyCheck=0; autowireCandidate=true; primary=false; factoryBeanName=null; factoryMethodName=null; initMethodName=null; destroyMethodName=null] of ServiceBean has been registered with name : ServiceBean:com.tscloud.domain.resource.provider.IDataProvider, dubbo version: 2.6.5, current host: 192.168.20.158
2019-07-24 17:09:40,476 [WARN ]  (ServiceAnnotationBeanPostProcessor.java.registerServiceBean:265) -  [DUBBO] The BeanDefinition[Root bean: class [com.alibaba.dubbo.config.spring.ServiceBean]; scope=; abstract=false; lazyInit=false; autowireMode=0; dependencyCheck=0; autowireCandidate=true; primary=false; factoryBeanName=null; factoryMethodName=null; initMethodName=null; destroyMethodName=null] of ServiceBean has been registered with name : ServiceBean:com.tscloud.domain.resource.provider.IDataSetsCatalogProvider, dubbo version: 2.6.5, current host: 192.168.20.158
2019-07-24 17:09:40,477 [WARN ]  (ServiceAnnotationBeanPostProcessor.java.registerServiceBean:265) -  [DUBBO] The BeanDefinition[Root bean: class [com.alibaba.dubbo.config.spring.ServiceBean]; scope=; abstract=false; lazyInit=false; autowireMode=0; dependencyCheck=0; autowireCandidate=true; primary=false; factoryBeanName=null; factoryMethodName=null; initMethodName=null; destroyMethodName=null] of ServiceBean has been registered with name : ServiceBean:com.tscloud.domain.resource.provider.IDataSetsProvider, dubbo version: 2.6.5, current host: 192.168.20.158
2019-07-24 17:09:40,478 [WARN ]  (ServiceAnnotationBeanPostProcessor.java.registerServiceBean:265) -  [DUBBO] The BeanDefinition[Root bean: class [com.alibaba.dubbo.config.spring.ServiceBean]; scope=; abstract=false; lazyInit=false; autowireMode=0; dependencyCheck=0; autowireCandidate=true; primary=false; factoryBeanName=null; factoryMethodName=null; initMethodName=null; destroyMethodName=null] of ServiceBean has been registered with name : ServiceBean:com.tscloud.domain.resource.provider.IDataSourceProvider, dubbo version: 2.6.5, current host: 192.168.20.158
2019-07-24 17:09:40,479 [WARN ]  (ServiceAnnotationBeanPostProcessor.java.registerServiceBean:265) -  [DUBBO] The BeanDefinition[Root bean: class [com.alibaba.dubbo.config.spring.ServiceBean]; scope=; abstract=false; lazyInit=false; autowireMode=0; dependencyCheck=0; autowireCandidate=true; primary=false; factoryBeanName=null; factoryMethodName=null; initMethodName=null; destroyMethodName=null] of ServiceBean has been registered with name : ServiceBean:com.tscloud.domain.resource.provider.IManualInfoProvider, dubbo version: 2.6.5, current host: 192.168.20.158
2019-07-24 17:09:40,480 [WARN ]  (ServiceAnnotationBeanPostProcessor.java.registerServiceBean:265) -  [DUBBO] The BeanDefinition[Root bean: class [com.alibaba.dubbo.config.spring.ServiceBean]; scope=; abstract=false; lazyInit=false; autowireMode=0; dependencyCheck=0; autowireCandidate=true; primary=false; factoryBeanName=null; factoryMethodName=null; initMethodName=null; destroyMethodName=null] of ServiceBean has been registered with name : ServiceBean:com.tscloud.domain.resource.provider.IThemeProvider, dubbo version: 2.6.5, current host: 192.168.20.158
2019-07-24 17:09:41,077 [WARN ]  (SpringExtensionFactory.java.getExtension:63) -  [DUBBO] No spring extension (bean) named:defaultCompiler, try to find an extension (bean) of type java.lang.String, dubbo version: 2.6.5, current host: 192.168.20.158
2019-07-24 17:09:41,077 [WARN ]  (SpringExtensionFactory.java.getExtension:81) -  [DUBBO] No spring extension (bean) named:defaultCompiler, type:java.lang.String found, stop get bean., dubbo version: 2.6.5, current host: 192.168.20.158
2019-07-24 17:09:53,519 [WARN ]  (AbstractServer.java.disconnected:205) -  [DUBBO] All clients has discontected from /192.168.20.158:20884. You can graceful shutdown now., dubbo version: 2.6.5, current host: 192.168.20.158
2019-07-24 17:10:01,231 [WARN ]  (ServiceAnnotationBeanPostProcessor.java.registerServiceBean:265) -  [DUBBO] The BeanDefinition[Root bean: class [com.alibaba.dubbo.config.spring.ServiceBean]; scope=; abstract=false; lazyInit=false; autowireMode=0; dependencyCheck=0; autowireCandidate=true; primary=false; factoryBeanName=null; factoryMethodName=null; initMethodName=null; destroyMethodName=null] of ServiceBean has been registered with name : ServiceBean:com.tscloud.domain.resource.provider.ICatalogProvider, dubbo version: 2.6.5, current host: 192.168.20.158
2019-07-24 17:10:01,232 [WARN ]  (ServiceAnnotationBeanPostProcessor.java.registerServiceBean:265) -  [DUBBO] The BeanDefinition[Root bean: class [com.alibaba.dubbo.config.spring.ServiceBean]; scope=; abstract=false; lazyInit=false; autowireMode=0; dependencyCheck=0; autowireCandidate=true; primary=false; factoryBeanName=null; factoryMethodName=null; initMethodName=null; destroyMethodName=null] of ServiceBean has been registered with name : ServiceBean:com.tscloud.domain.resource.provider.IDataProvider, dubbo version: 2.6.5, current host: 192.168.20.158
2019-07-24 17:10:01,233 [WARN ]  (ServiceAnnotationBeanPostProcessor.java.registerServiceBean:265) -  [DUBBO] The BeanDefinition[Root bean: class [com.alibaba.dubbo.config.spring.ServiceBean]; scope=; abstract=false; lazyInit=false; autowireMode=0; dependencyCheck=0; autowireCandidate=true; primary=false; factoryBeanName=null; factoryMethodName=null; initMethodName=null; destroyMethodName=null] of ServiceBean has been registered with name : ServiceBean:com.tscloud.domain.resource.provider.IDataSetsCatalogProvider, dubbo version: 2.6.5, current host: 192.168.20.158
2019-07-24 17:10:01,235 [WARN ]  (ServiceAnnotationBeanPostProcessor.java.registerServiceBean:265) -  [DUBBO] The BeanDefinition[Root bean: class [com.alibaba.dubbo.config.spring.ServiceBean]; scope=; abstract=false; lazyInit=false; autowireMode=0; dependencyCheck=0; autowireCandidate=true; primary=false; factoryBeanName=null; factoryMethodName=null; initMethodName=null; destroyMethodName=null] of ServiceBean has been registered with name : ServiceBean:com.tscloud.domain.resource.provider.IDataSetsProvider, dubbo version: 2.6.5, current host: 192.168.20.158
2019-07-24 17:10:01,236 [WARN ]  (ServiceAnnotationBeanPostProcessor.java.registerServiceBean:265) -  [DUBBO] The BeanDefinition[Root bean: class [com.alibaba.dubbo.config.spring.ServiceBean]; scope=; abstract=false; lazyInit=false; autowireMode=0; dependencyCheck=0; autowireCandidate=true; primary=false; factoryBeanName=null; factoryMethodName=null; initMethodName=null; destroyMethodName=null] of ServiceBean has been registered with name : ServiceBean:com.tscloud.domain.resource.provider.IDataSourceProvider, dubbo version: 2.6.5, current host: 192.168.20.158
2019-07-24 17:10:01,237 [WARN ]  (ServiceAnnotationBeanPostProcessor.java.registerServiceBean:265) -  [DUBBO] The BeanDefinition[Root bean: class [com.alibaba.dubbo.config.spring.ServiceBean]; scope=; abstract=false; lazyInit=false; autowireMode=0; dependencyCheck=0; autowireCandidate=true; primary=false; factoryBeanName=null; factoryMethodName=null; initMethodName=null; destroyMethodName=null] of ServiceBean has been registered with name : ServiceBean:com.tscloud.domain.resource.provider.IManualInfoProvider, dubbo version: 2.6.5, current host: 192.168.20.158
2019-07-24 17:10:01,237 [WARN ]  (ServiceAnnotationBeanPostProcessor.java.registerServiceBean:265) -  [DUBBO] The BeanDefinition[Root bean: class [com.alibaba.dubbo.config.spring.ServiceBean]; scope=; abstract=false; lazyInit=false; autowireMode=0; dependencyCheck=0; autowireCandidate=true; primary=false; factoryBeanName=null; factoryMethodName=null; initMethodName=null; destroyMethodName=null] of ServiceBean has been registered with name : ServiceBean:com.tscloud.domain.resource.provider.IThemeProvider, dubbo version: 2.6.5, current host: 192.168.20.158
2019-07-24 17:10:02,002 [WARN ]  (SpringExtensionFactory.java.getExtension:63) -  [DUBBO] No spring extension (bean) named:defaultCompiler, try to find an extension (bean) of type java.lang.String, dubbo version: 2.6.5, current host: 192.168.20.158
2019-07-24 17:10:02,003 [WARN ]  (SpringExtensionFactory.java.getExtension:81) -  [DUBBO] No spring extension (bean) named:defaultCompiler, type:java.lang.String found, stop get bean., dubbo version: 2.6.5, current host: 192.168.20.158
2019-07-24 17:15:07,118 [WARN ]  (AbstractServer.java.disconnected:205) -  [DUBBO] All clients has discontected from /192.168.20.158:20884. You can graceful shutdown now., dubbo version: 2.6.5, current host: 192.168.20.158
