2019-07-20 13:45:08,668 [ERROR]  (DispatchServlet.java.init:36) - 启动初始化applicationContext.xml失败
org.springframework.beans.factory.BeanCreationException: Error creating bean with name 'dataProviderImpl': Injection of autowired dependencies failed; nested exception is org.springframework.beans.factory.BeanCreationException: Could not autowire field: private com.tscloud.domain.resource.service.IDataService com.tscloud.resource.dubboservices.DataProviderImpl.dataService; nested exception is org.springframework.beans.factory.NoSuchBeanDefinitionException: No qualifying bean of type [com.tscloud.domain.resource.service.IDataService] found for dependency: expected at least 1 bean which qualifies as autowire candidate for this dependency. Dependency annotations: {@org.springframework.beans.factory.annotation.Autowired(required=true)}
	at org.springframework.beans.factory.annotation.AutowiredAnnotationBeanPostProcessor.postProcessPropertyValues(AutowiredAnnotationBeanPostProcessor.java:334)
	at org.springframework.beans.factory.support.AbstractAutowireCapableBeanFactory.populateBean(AbstractAutowireCapableBeanFactory.java:1202)
	at org.springframework.beans.factory.support.AbstractAutowireCapableBeanFactory.doCreateBean(AbstractAutowireCapableBeanFactory.java:537)
	at org.springframework.beans.factory.support.AbstractAutowireCapableBeanFactory.createBean(AbstractAutowireCapableBeanFactory.java:476)
	at org.springframework.beans.factory.support.AbstractBeanFactory$1.getObject(AbstractBeanFactory.java:303)
	at org.springframework.beans.factory.support.DefaultSingletonBeanRegistry.getSingleton(DefaultSingletonBeanRegistry.java:230)
	at org.springframework.beans.factory.support.AbstractBeanFactory.doGetBean(AbstractBeanFactory.java:299)
	at org.springframework.beans.factory.support.AbstractBeanFactory.getBean(AbstractBeanFactory.java:194)
	at org.springframework.beans.factory.support.DefaultListableBeanFactory.preInstantiateSingletons(DefaultListableBeanFactory.java:762)
	at org.springframework.context.support.AbstractApplicationContext.finishBeanFactoryInitialization(AbstractApplicationContext.java:757)
	at org.springframework.context.support.AbstractApplicationContext.refresh(AbstractApplicationContext.java:480)
	at org.springframework.context.support.ClassPathXmlApplicationContext.<init>(ClassPathXmlApplicationContext.java:139)
	at org.springframework.context.support.ClassPathXmlApplicationContext.<init>(ClassPathXmlApplicationContext.java:83)
	at com.tscloud.common.framework.spring.ServiceBeanContext.loadContext(ServiceBeanContext.java:24)
	at com.tscloud.resource.utils.DispatchServlet.init(DispatchServlet.java:30)
	at org.eclipse.jetty.servlet.ServletHolder.initServlet(ServletHolder.java:671)
	at org.eclipse.jetty.servlet.ServletHolder.initialize(ServletHolder.java:428)
	at org.eclipse.jetty.servlet.ServletHandler.lambda$initialize$0(ServletHandler.java:750)
	at java.util.stream.SortedOps$SizedRefSortingSink.end(SortedOps.java:352)
	at java.util.stream.AbstractPipeline.copyInto(AbstractPipeline.java:482)
	at java.util.stream.AbstractPipeline.wrapAndCopyInto(AbstractPipeline.java:471)
	at java.util.stream.StreamSpliterators$WrappingSpliterator.forEachRemaining(StreamSpliterators.java:312)
	at java.util.stream.Streams$ConcatSpliterator.forEachRemaining(Streams.java:743)
	at java.util.stream.Streams$ConcatSpliterator.forEachRemaining(Streams.java:742)
	at java.util.stream.ReferencePipeline$Head.forEach(ReferencePipeline.java:580)
	at org.eclipse.jetty.servlet.ServletHandler.initialize(ServletHandler.java:744)
	at org.eclipse.jetty.servlet.ServletContextHandler.startContext(ServletContextHandler.java:369)
	at org.eclipse.jetty.webapp.WebAppContext.startWebapp(WebAppContext.java:1497)
	at org.eclipse.jetty.webapp.WebAppContext.startContext(WebAppContext.java:1459)
	at org.eclipse.jetty.server.handler.ContextHandler.doStart(ContextHandler.java:852)
	at org.eclipse.jetty.servlet.ServletContextHandler.doStart(ServletContextHandler.java:278)
	at org.eclipse.jetty.webapp.WebAppContext.doStart(WebAppContext.java:545)
	at org.eclipse.jetty.util.component.AbstractLifeCycle.start(AbstractLifeCycle.java:68)
	at org.eclipse.jetty.util.component.ContainerLifeCycle.start(ContainerLifeCycle.java:167)
	at org.eclipse.jetty.server.Server.start(Server.java:418)
	at org.eclipse.jetty.util.component.ContainerLifeCycle.doStart(ContainerLifeCycle.java:110)
	at org.eclipse.jetty.server.handler.AbstractHandler.doStart(AbstractHandler.java:113)
	at org.eclipse.jetty.server.Server.doStart(Server.java:382)
	at org.eclipse.jetty.util.component.AbstractLifeCycle.start(AbstractLifeCycle.java:68)
	at com.tscloud.resource.utils.StartJetty.startJetty(StartJetty.java:48)
	at com.tscloud.resource.main.StartRMServer.main(StartRMServer.java:9)
Caused by: org.springframework.beans.factory.BeanCreationException: Could not autowire field: private com.tscloud.domain.resource.service.IDataService com.tscloud.resource.dubboservices.DataProviderImpl.dataService; nested exception is org.springframework.beans.factory.NoSuchBeanDefinitionException: No qualifying bean of type [com.tscloud.domain.resource.service.IDataService] found for dependency: expected at least 1 bean which qualifies as autowire candidate for this dependency. Dependency annotations: {@org.springframework.beans.factory.annotation.Autowired(required=true)}
	at org.springframework.beans.factory.annotation.AutowiredAnnotationBeanPostProcessor$AutowiredFieldElement.inject(AutowiredAnnotationBeanPostProcessor.java:561)
	at org.springframework.beans.factory.annotation.InjectionMetadata.inject(InjectionMetadata.java:88)
	at org.springframework.beans.factory.annotation.AutowiredAnnotationBeanPostProcessor.postProcessPropertyValues(AutowiredAnnotationBeanPostProcessor.java:331)
	... 40 more
Caused by: org.springframework.beans.factory.NoSuchBeanDefinitionException: No qualifying bean of type [com.tscloud.domain.resource.service.IDataService] found for dependency: expected at least 1 bean which qualifies as autowire candidate for this dependency. Dependency annotations: {@org.springframework.beans.factory.annotation.Autowired(required=true)}
	at org.springframework.beans.factory.support.DefaultListableBeanFactory.raiseNoSuchBeanDefinitionException(DefaultListableBeanFactory.java:1308)
	at org.springframework.beans.factory.support.DefaultListableBeanFactory.doResolveDependency(DefaultListableBeanFactory.java:1054)
	at org.springframework.beans.factory.support.DefaultListableBeanFactory.resolveDependency(DefaultListableBeanFactory.java:949)
	at org.springframework.beans.factory.annotation.AutowiredAnnotationBeanPostProcessor$AutowiredFieldElement.inject(AutowiredAnnotationBeanPostProcessor.java:533)
	... 42 more
2019-07-20 13:47:40,320 [ERROR]  (DispatchServlet.java.init:36) - 启动初始化applicationContext.xml失败
org.springframework.beans.factory.BeanCreationException: Error creating bean with name 'dataProviderImpl': Injection of autowired dependencies failed; nested exception is org.springframework.beans.factory.BeanCreationException: Could not autowire field: private com.tscloud.domain.resource.service.IDataService com.tscloud.resource.dubboservices.DataProviderImpl.dataService; nested exception is org.springframework.beans.factory.NoSuchBeanDefinitionException: No qualifying bean of type [com.tscloud.domain.resource.service.IDataService] found for dependency: expected at least 1 bean which qualifies as autowire candidate for this dependency. Dependency annotations: {@org.springframework.beans.factory.annotation.Autowired(required=true)}
	at org.springframework.beans.factory.annotation.AutowiredAnnotationBeanPostProcessor.postProcessPropertyValues(AutowiredAnnotationBeanPostProcessor.java:334)
	at org.springframework.beans.factory.support.AbstractAutowireCapableBeanFactory.populateBean(AbstractAutowireCapableBeanFactory.java:1202)
	at org.springframework.beans.factory.support.AbstractAutowireCapableBeanFactory.doCreateBean(AbstractAutowireCapableBeanFactory.java:537)
	at org.springframework.beans.factory.support.AbstractAutowireCapableBeanFactory.createBean(AbstractAutowireCapableBeanFactory.java:476)
	at org.springframework.beans.factory.support.AbstractBeanFactory$1.getObject(AbstractBeanFactory.java:303)
	at org.springframework.beans.factory.support.DefaultSingletonBeanRegistry.getSingleton(DefaultSingletonBeanRegistry.java:230)
	at org.springframework.beans.factory.support.AbstractBeanFactory.doGetBean(AbstractBeanFactory.java:299)
	at org.springframework.beans.factory.support.AbstractBeanFactory.getBean(AbstractBeanFactory.java:194)
	at org.springframework.beans.factory.support.DefaultListableBeanFactory.preInstantiateSingletons(DefaultListableBeanFactory.java:762)
	at org.springframework.context.support.AbstractApplicationContext.finishBeanFactoryInitialization(AbstractApplicationContext.java:757)
	at org.springframework.context.support.AbstractApplicationContext.refresh(AbstractApplicationContext.java:480)
	at org.springframework.context.support.ClassPathXmlApplicationContext.<init>(ClassPathXmlApplicationContext.java:139)
	at org.springframework.context.support.ClassPathXmlApplicationContext.<init>(ClassPathXmlApplicationContext.java:83)
	at com.tscloud.common.framework.spring.ServiceBeanContext.loadContext(ServiceBeanContext.java:24)
	at com.tscloud.resource.utils.DispatchServlet.init(DispatchServlet.java:30)
	at org.eclipse.jetty.servlet.ServletHolder.initServlet(ServletHolder.java:671)
	at org.eclipse.jetty.servlet.ServletHolder.initialize(ServletHolder.java:428)
	at org.eclipse.jetty.servlet.ServletHandler.lambda$initialize$0(ServletHandler.java:750)
	at java.util.stream.SortedOps$SizedRefSortingSink.end(SortedOps.java:352)
	at java.util.stream.AbstractPipeline.copyInto(AbstractPipeline.java:482)
	at java.util.stream.AbstractPipeline.wrapAndCopyInto(AbstractPipeline.java:471)
	at java.util.stream.StreamSpliterators$WrappingSpliterator.forEachRemaining(StreamSpliterators.java:312)
	at java.util.stream.Streams$ConcatSpliterator.forEachRemaining(Streams.java:743)
	at java.util.stream.Streams$ConcatSpliterator.forEachRemaining(Streams.java:742)
	at java.util.stream.ReferencePipeline$Head.forEach(ReferencePipeline.java:580)
	at org.eclipse.jetty.servlet.ServletHandler.initialize(ServletHandler.java:744)
	at org.eclipse.jetty.servlet.ServletContextHandler.startContext(ServletContextHandler.java:369)
	at org.eclipse.jetty.webapp.WebAppContext.startWebapp(WebAppContext.java:1497)
	at org.eclipse.jetty.webapp.WebAppContext.startContext(WebAppContext.java:1459)
	at org.eclipse.jetty.server.handler.ContextHandler.doStart(ContextHandler.java:852)
	at org.eclipse.jetty.servlet.ServletContextHandler.doStart(ServletContextHandler.java:278)
	at org.eclipse.jetty.webapp.WebAppContext.doStart(WebAppContext.java:545)
	at org.eclipse.jetty.util.component.AbstractLifeCycle.start(AbstractLifeCycle.java:68)
	at org.eclipse.jetty.util.component.ContainerLifeCycle.start(ContainerLifeCycle.java:167)
	at org.eclipse.jetty.server.Server.start(Server.java:418)
	at org.eclipse.jetty.util.component.ContainerLifeCycle.doStart(ContainerLifeCycle.java:110)
	at org.eclipse.jetty.server.handler.AbstractHandler.doStart(AbstractHandler.java:113)
	at org.eclipse.jetty.server.Server.doStart(Server.java:382)
	at org.eclipse.jetty.util.component.AbstractLifeCycle.start(AbstractLifeCycle.java:68)
	at com.tscloud.resource.utils.StartJetty.startJetty(StartJetty.java:48)
	at com.tscloud.resource.main.StartRMServer.main(StartRMServer.java:9)
Caused by: org.springframework.beans.factory.BeanCreationException: Could not autowire field: private com.tscloud.domain.resource.service.IDataService com.tscloud.resource.dubboservices.DataProviderImpl.dataService; nested exception is org.springframework.beans.factory.NoSuchBeanDefinitionException: No qualifying bean of type [com.tscloud.domain.resource.service.IDataService] found for dependency: expected at least 1 bean which qualifies as autowire candidate for this dependency. Dependency annotations: {@org.springframework.beans.factory.annotation.Autowired(required=true)}
	at org.springframework.beans.factory.annotation.AutowiredAnnotationBeanPostProcessor$AutowiredFieldElement.inject(AutowiredAnnotationBeanPostProcessor.java:561)
	at org.springframework.beans.factory.annotation.InjectionMetadata.inject(InjectionMetadata.java:88)
	at org.springframework.beans.factory.annotation.AutowiredAnnotationBeanPostProcessor.postProcessPropertyValues(AutowiredAnnotationBeanPostProcessor.java:331)
	... 40 more
Caused by: org.springframework.beans.factory.NoSuchBeanDefinitionException: No qualifying bean of type [com.tscloud.domain.resource.service.IDataService] found for dependency: expected at least 1 bean which qualifies as autowire candidate for this dependency. Dependency annotations: {@org.springframework.beans.factory.annotation.Autowired(required=true)}
	at org.springframework.beans.factory.support.DefaultListableBeanFactory.raiseNoSuchBeanDefinitionException(DefaultListableBeanFactory.java:1308)
	at org.springframework.beans.factory.support.DefaultListableBeanFactory.doResolveDependency(DefaultListableBeanFactory.java:1054)
	at org.springframework.beans.factory.support.DefaultListableBeanFactory.resolveDependency(DefaultListableBeanFactory.java:949)
	at org.springframework.beans.factory.annotation.AutowiredAnnotationBeanPostProcessor$AutowiredFieldElement.inject(AutowiredAnnotationBeanPostProcessor.java:533)
	... 42 more
2019-07-20 14:15:32,591 [ERROR]  (DatabaseUtil.java.getConnection:38) - get connection failure
java.sql.SQLException: Access denied for user 'root'@'localhost' (using password: YES)
	at com.mysql.jdbc.SQLError.createSQLException(SQLError.java:946)
	at com.mysql.jdbc.MysqlIO.checkErrorPacket(MysqlIO.java:2985)
	at com.mysql.jdbc.MysqlIO.checkErrorPacket(MysqlIO.java:885)
	at com.mysql.jdbc.MysqlIO.secureAuth411(MysqlIO.java:3421)
	at com.mysql.jdbc.MysqlIO.doHandshake(MysqlIO.java:1247)
	at com.mysql.jdbc.Connection.createNewIO(Connection.java:2775)
	at com.mysql.jdbc.Connection.<init>(Connection.java:1555)
	at com.mysql.jdbc.NonRegisteringDriver.connect(NonRegisteringDriver.java:285)
	at java.sql.DriverManager.getConnection(DriverManager.java:664)
	at java.sql.DriverManager.getConnection(DriverManager.java:247)
	at com.tscloud.resource.utils.DatabaseUtil.getConnection(DatabaseUtil.java:36)
	at com.tscloud.resource.utils.DatabaseUtil.getTableNames(DatabaseUtil.java:62)
	at com.tscloud.resource.utils.DatabaseUtil.main(DatabaseUtil.java:189)
2019-07-20 14:34:47,420 [ERROR]  (DatabaseUtil.java.getTableNames:76) - getTableNames failure
java.sql.SQLException: Column Index out of range, 0 < 1.
	at com.mysql.jdbc.SQLError.createSQLException(SQLError.java:910)
	at com.mysql.jdbc.ResultSet.checkColumnBounds(ResultSet.java:684)
	at com.mysql.jdbc.ResultSet.getStringInternal(ResultSet.java:5625)
	at com.mysql.jdbc.ResultSet.getString(ResultSet.java:5544)
	at com.tscloud.resource.utils.DatabaseUtil.getTableNames(DatabaseUtil.java:73)
	at com.tscloud.resource.utils.DatabaseUtil.main(DatabaseUtil.java:192)
2019-07-20 14:35:35,625 [ERROR]  (DatabaseUtil.java.getTableNames:76) - getTableNames failure
java.sql.SQLException: Column Index out of range, 7 > 5. 
	at com.mysql.jdbc.SQLError.createSQLException(SQLError.java:910)
	at com.mysql.jdbc.ResultSet.checkColumnBounds(ResultSet.java:690)
	at com.mysql.jdbc.ResultSet.getStringInternal(ResultSet.java:5625)
	at com.mysql.jdbc.ResultSet.getString(ResultSet.java:5544)
	at com.tscloud.resource.utils.DatabaseUtil.getTableNames(DatabaseUtil.java:73)
	at com.tscloud.resource.utils.DatabaseUtil.main(DatabaseUtil.java:192)
2019-07-20 14:44:39,529 [ERROR]  (DatabaseUtil.java.getTableNames:76) - getTableNames failure
java.sql.SQLException: Column 'Field' not found.
	at com.mysql.jdbc.SQLError.createSQLException(SQLError.java:910)
	at com.mysql.jdbc.ResultSet.findColumn(ResultSet.java:987)
	at com.mysql.jdbc.ResultSet.getString(ResultSet.java:5584)
	at com.tscloud.resource.utils.DatabaseUtil.getTableNames(DatabaseUtil.java:73)
	at com.tscloud.resource.utils.DatabaseUtil.main(DatabaseUtil.java:192)
2019-07-20 21:04:18,448 [ERROR]  (DatabaseUtil.java.getCommentByTableName:153) - 获取表名与注释失败
com.mysql.jdbc.exceptions.MySQLSyntaxErrorException: You have an error in your SQL syntax; check the manual that corresponds to your MySQL server version for the right syntax to use near '%data%' at line 1
	at com.mysql.jdbc.SQLError.createSQLException(SQLError.java:936)
	at com.mysql.jdbc.MysqlIO.checkErrorPacket(MysqlIO.java:2985)
	at com.mysql.jdbc.MysqlIO.sendCommand(MysqlIO.java:1631)
	at com.mysql.jdbc.MysqlIO.sqlQueryDirect(MysqlIO.java:1723)
	at com.mysql.jdbc.Connection.execSQL(Connection.java:3277)
	at com.mysql.jdbc.Connection.execSQL(Connection.java:3206)
	at com.mysql.jdbc.Statement.executeQuery(Statement.java:1232)
	at com.tscloud.resource.utils.DatabaseUtil.getCommentByTableName(DatabaseUtil.java:139)
	at com.tscloud.resource.utils.DatabaseUtil.main(DatabaseUtil.java:294)
2019-07-20 21:05:21,471 [ERROR]  (DatabaseUtil.java.getCommentByTableName:153) - 获取表名与注释失败
com.mysql.jdbc.exceptions.MySQLSyntaxErrorException: You have an error in your SQL syntax; check the manual that corresponds to your MySQL server version for the right syntax to use near '%data%' at line 1
	at com.mysql.jdbc.SQLError.createSQLException(SQLError.java:936)
	at com.mysql.jdbc.MysqlIO.checkErrorPacket(MysqlIO.java:2985)
	at com.mysql.jdbc.MysqlIO.sendCommand(MysqlIO.java:1631)
	at com.mysql.jdbc.MysqlIO.sqlQueryDirect(MysqlIO.java:1723)
	at com.mysql.jdbc.Connection.execSQL(Connection.java:3277)
	at com.mysql.jdbc.Connection.execSQL(Connection.java:3206)
	at com.mysql.jdbc.Statement.executeQuery(Statement.java:1232)
	at com.tscloud.resource.utils.DatabaseUtil.getCommentByTableName(DatabaseUtil.java:139)
	at com.tscloud.resource.utils.DatabaseUtil.main(DatabaseUtil.java:294)
2019-07-20 21:21:01,880 [ERROR]  (DatabaseUtil.java.getCommentByTableName:155) - 获取表名与注释失败
java.sql.SQLException: Operation not allowed after ResultSet closed
	at com.mysql.jdbc.SQLError.createSQLException(SQLError.java:910)
	at com.mysql.jdbc.ResultSet.checkClosed(ResultSet.java:666)
	at com.mysql.jdbc.ResultSet.next(ResultSet.java:7274)
	at com.tscloud.resource.utils.DatabaseUtil.getCommentByTableName(DatabaseUtil.java:142)
	at com.tscloud.resource.utils.DatabaseUtil.main(DatabaseUtil.java:296)
2019-07-20 21:21:16,183 [ERROR]  (DatabaseUtil.java.getCommentByTableName:155) - 获取表名与注释失败
java.sql.SQLException: Operation not allowed after ResultSet closed
	at com.mysql.jdbc.SQLError.createSQLException(SQLError.java:910)
	at com.mysql.jdbc.ResultSet.checkClosed(ResultSet.java:666)
	at com.mysql.jdbc.ResultSet.next(ResultSet.java:7274)
	at com.tscloud.resource.utils.DatabaseUtil.getCommentByTableName(DatabaseUtil.java:142)
	at com.tscloud.resource.utils.DatabaseUtil.main(DatabaseUtil.java:296)
2019-07-20 21:21:57,892 [ERROR]  (DatabaseUtil.java.getCommentByTableName:155) - 获取表名与注释失败
java.sql.SQLException: Operation not allowed after ResultSet closed
	at com.mysql.jdbc.SQLError.createSQLException(SQLError.java:910)
	at com.mysql.jdbc.ResultSet.checkClosed(ResultSet.java:666)
	at com.mysql.jdbc.ResultSet.next(ResultSet.java:7274)
	at com.tscloud.resource.utils.DatabaseUtil.getCommentByTableName(DatabaseUtil.java:142)
	at com.tscloud.resource.utils.DatabaseUtil.main(DatabaseUtil.java:296)
2019-07-20 21:22:11,214 [ERROR]  (DatabaseUtil.java.getCommentByTableName:155) - 获取表名与注释失败
java.sql.SQLException: Operation not allowed after ResultSet closed
	at com.mysql.jdbc.SQLError.createSQLException(SQLError.java:910)
	at com.mysql.jdbc.ResultSet.checkClosed(ResultSet.java:666)
	at com.mysql.jdbc.ResultSet.next(ResultSet.java:7274)
	at com.tscloud.resource.utils.DatabaseUtil.getCommentByTableName(DatabaseUtil.java:142)
	at com.tscloud.resource.utils.DatabaseUtil.main(DatabaseUtil.java:296)
2019-07-20 21:22:32,159 [ERROR]  (DatabaseUtil.java.getCommentByTableName:155) - 获取表名与注释失败
java.sql.SQLException: Operation not allowed after ResultSet closed
	at com.mysql.jdbc.SQLError.createSQLException(SQLError.java:910)
	at com.mysql.jdbc.ResultSet.checkClosed(ResultSet.java:666)
	at com.mysql.jdbc.ResultSet.next(ResultSet.java:7274)
	at com.tscloud.resource.utils.DatabaseUtil.getCommentByTableName(DatabaseUtil.java:142)
	at com.tscloud.resource.utils.DatabaseUtil.main(DatabaseUtil.java:296)
2019-07-20 21:22:42,575 [ERROR]  (DatabaseUtil.java.getCommentByTableName:155) - 获取表名与注释失败
java.sql.SQLException: Operation not allowed after ResultSet closed
	at com.mysql.jdbc.SQLError.createSQLException(SQLError.java:910)
	at com.mysql.jdbc.ResultSet.checkClosed(ResultSet.java:666)
	at com.mysql.jdbc.ResultSet.next(ResultSet.java:7274)
	at com.tscloud.resource.utils.DatabaseUtil.getCommentByTableName(DatabaseUtil.java:142)
	at com.tscloud.resource.utils.DatabaseUtil.main(DatabaseUtil.java:296)
2019-07-20 21:23:27,124 [ERROR]  (DatabaseUtil.java.getCommentByTableName:155) - 获取表名与注释失败
java.sql.SQLException: Operation not allowed after ResultSet closed
	at com.mysql.jdbc.SQLError.createSQLException(SQLError.java:910)
	at com.mysql.jdbc.ResultSet.checkClosed(ResultSet.java:666)
	at com.mysql.jdbc.ResultSet.next(ResultSet.java:7274)
	at com.tscloud.resource.utils.DatabaseUtil.getCommentByTableName(DatabaseUtil.java:142)
	at com.tscloud.resource.utils.DatabaseUtil.main(DatabaseUtil.java:296)
