2019-11-15 12:31:05,049 [ERROR]  (DatabaseHelper.java.dynamicQueryByPatame:497) - getColumnNames failure
com.mysql.jdbc.exceptions.MySQLSyntaxErrorException: You have an error in your SQL syntax; check the manual that corresponds to your MySQL server version for the right syntax to use near 'HH:mm:ss and data_name_chinese='1111'' at line 1
	at com.mysql.jdbc.SQLError.createSQLException(SQLError.java:936)
	at com.mysql.jdbc.MysqlIO.checkErrorPacket(MysqlIO.java:2985)
	at com.mysql.jdbc.MysqlIO.sendCommand(MysqlIO.java:1631)
	at com.mysql.jdbc.MysqlIO.sqlQueryDirect(MysqlIO.java:1723)
	at com.mysql.jdbc.Connection.execSQL(Connection.java:3277)
	at com.mysql.jdbc.Connection.execSQL(Connection.java:3206)
	at com.mysql.jdbc.Statement.executeQuery(Statement.java:1232)
	at com.tscloud.resource.utils.DatabaseHelper.dynamicQueryByPatame(DatabaseHelper.java:476)
	at com.tscloud.resource.utils.DatabaseHelper.main(DatabaseHelper.java:561)
2019-11-15 13:44:15,511 [ERROR]  (DatabaseHelper.java.dynamicQueryByPatame:503) - getColumnNames failure
com.mysql.jdbc.exceptions.MySQLSyntaxErrorException: You have an error in your SQL syntax; check the manual that corresponds to your MySQL server version for the right syntax to use near 'HH:mm:ss and data_name_chinese='1111'' at line 1
	at com.mysql.jdbc.SQLError.createSQLException(SQLError.java:936)
	at com.mysql.jdbc.MysqlIO.checkErrorPacket(MysqlIO.java:2985)
	at com.mysql.jdbc.MysqlIO.sendCommand(MysqlIO.java:1631)
	at com.mysql.jdbc.MysqlIO.sqlQueryDirect(MysqlIO.java:1723)
	at com.mysql.jdbc.Connection.execSQL(Connection.java:3277)
	at com.mysql.jdbc.Connection.execSQL(Connection.java:3206)
	at com.mysql.jdbc.Statement.executeQuery(Statement.java:1232)
	at com.tscloud.resource.utils.DatabaseHelper.dynamicQueryByPatame(DatabaseHelper.java:482)
	at com.tscloud.resource.utils.DatabaseHelper.main(DatabaseHelper.java:573)
2019-11-15 13:45:05,270 [ERROR]  (DatabaseHelper.java.dynamicQueryByPatame:503) - getColumnNames failure
com.mysql.jdbc.exceptions.MySQLSyntaxErrorException: You have an error in your SQL syntax; check the manual that corresponds to your MySQL server version for the right syntax to use near '1111' at line 1
	at com.mysql.jdbc.SQLError.createSQLException(SQLError.java:936)
	at com.mysql.jdbc.MysqlIO.checkErrorPacket(MysqlIO.java:2985)
	at com.mysql.jdbc.MysqlIO.sendCommand(MysqlIO.java:1631)
	at com.mysql.jdbc.MysqlIO.sqlQueryDirect(MysqlIO.java:1723)
	at com.mysql.jdbc.Connection.execSQL(Connection.java:3277)
	at com.mysql.jdbc.Connection.execSQL(Connection.java:3206)
	at com.mysql.jdbc.Statement.executeQuery(Statement.java:1232)
	at com.tscloud.resource.utils.DatabaseHelper.dynamicQueryByPatame(DatabaseHelper.java:482)
	at com.tscloud.resource.utils.DatabaseHelper.main(DatabaseHelper.java:573)
2019-11-15 13:46:32,977 [ERROR]  (DatabaseHelper.java.dynamicQueryByPatame:503) - getColumnNames failure
com.mysql.jdbc.exceptions.MySQLSyntaxErrorException: You have an error in your SQL syntax; check the manual that corresponds to your MySQL server version for the right syntax to use near 'HH:mm:ss and data_name_chinese='1111'' at line 1
	at com.mysql.jdbc.SQLError.createSQLException(SQLError.java:936)
	at com.mysql.jdbc.MysqlIO.checkErrorPacket(MysqlIO.java:2985)
	at com.mysql.jdbc.MysqlIO.sendCommand(MysqlIO.java:1631)
	at com.mysql.jdbc.MysqlIO.sqlQueryDirect(MysqlIO.java:1723)
	at com.mysql.jdbc.Connection.execSQL(Connection.java:3277)
	at com.mysql.jdbc.Connection.execSQL(Connection.java:3206)
	at com.mysql.jdbc.Statement.executeQuery(Statement.java:1232)
	at com.tscloud.resource.utils.DatabaseHelper.dynamicQueryByPatame(DatabaseHelper.java:482)
	at com.tscloud.resource.utils.DatabaseHelper.main(Unknown Source)
2019-11-15 13:47:02,512 [ERROR]  (DatabaseHelper.java.dynamicQueryByPatame:503) - getColumnNames failure
com.mysql.jdbc.exceptions.MySQLSyntaxErrorException: You have an error in your SQL syntax; check the manual that corresponds to your MySQL server version for the right syntax to use near '13:46:46 and data_name_chinese='1111'' at line 1
	at com.mysql.jdbc.SQLError.createSQLException(SQLError.java:936)
	at com.mysql.jdbc.MysqlIO.checkErrorPacket(MysqlIO.java:2985)
	at com.mysql.jdbc.MysqlIO.sendCommand(MysqlIO.java:1631)
	at com.mysql.jdbc.MysqlIO.sqlQueryDirect(MysqlIO.java:1723)
	at com.mysql.jdbc.Connection.execSQL(Connection.java:3277)
	at com.mysql.jdbc.Connection.execSQL(Connection.java:3206)
	at com.mysql.jdbc.Statement.executeQuery(Statement.java:1232)
	at com.tscloud.resource.utils.DatabaseHelper.dynamicQueryByPatame(DatabaseHelper.java:482)
	at com.tscloud.resource.utils.DatabaseHelper.main(DatabaseHelper.java:573)
